[2024-02-06 14:30:31.842] [jointLog] [info] setting maxHashResizeThreads to 8
[2024-02-06 14:30:31.842] [jointLog] [info] Fragment incompatibility prior below threshold.  Incompatible fragments will be ignored.
[2024-02-06 14:30:31.842] [jointLog] [info] Usage of --validateMappings implies use of minScoreFraction. Since not explicitly specified, it is being set to 0.65
[2024-02-06 14:30:31.842] [jointLog] [info] Setting consensusSlack to selective-alignment default of 0.35.
[2024-02-06 14:30:31.842] [jointLog] [info] parsing read library format
[2024-02-06 14:30:31.842] [jointLog] [info] There is 1 library.
[2024-02-06 14:30:31.844] [jointLog] [info] Loading pufferfish index
[2024-02-06 14:30:31.844] [jointLog] [info] Loading dense pufferfish index.
[2024-02-06 14:30:32.284] [jointLog] [info] done
[2024-02-06 14:30:32.358] [jointLog] [info] Index contained 86,774 targets
[2024-02-06 14:30:33.417] [jointLog] [info] Number of decoys : 0
[2024-02-06 14:30:34.245] [jointLog] [info] Automatically detected most likely library type as ISR

[2024-02-06 14:34:01.490] [jointLog] [info] Thread saw mini-batch with a maximum of 1.32% zero probability fragments
[2024-02-06 14:34:01.502] [jointLog] [info] Thread saw mini-batch with a maximum of 1.34% zero probability fragments
[2024-02-06 14:34:01.512] [jointLog] [info] Thread saw mini-batch with a maximum of 1.30% zero probability fragments
[2024-02-06 14:34:01.517] [jointLog] [info] Thread saw mini-batch with a maximum of 1.26% zero probability fragments
[2024-02-06 14:34:01.539] [jointLog] [info] Thread saw mini-batch with a maximum of 1.30% zero probability fragments
[2024-02-06 14:34:01.550] [jointLog] [info] Thread saw mini-batch with a maximum of 1.34% zero probability fragments
[2024-02-06 14:34:01.654] [jointLog] [info] Thread saw mini-batch with a maximum of 1.28% zero probability fragments
[2024-02-06 14:34:01.669] [jointLog] [info] Thread saw mini-batch with a maximum of 1.26% zero probability fragments
[2024-02-06 14:34:01.981] [fileLog] [info] 
At end of round 0
==================
Observed 39757641 total fragments (39757641 in most recent round)

[2024-02-06 14:34:01.981] [jointLog] [info] Computed 337,293 rich equivalence classes for further processing
[2024-02-06 14:34:01.981] [jointLog] [info] Counted 27,771,101 total reads in the equivalence classes 
[2024-02-06 14:34:01.985] [jointLog] [info] Number of mappings discarded because of alignment score : 46,884,885
[2024-02-06 14:34:01.985] [jointLog] [info] Number of fragments entirely discarded because of alignment score : 2,561,199
[2024-02-06 14:34:01.985] [jointLog] [info] Number of fragments discarded because they are best-mapped to decoys : 0
[2024-02-06 14:34:01.985] [jointLog] [info] Number of fragments discarded because they have only dovetail (discordant) mappings to valid targets : 246,858
[2024-02-06 14:34:01.986] [jointLog] [info] Mapping rate = 69.851%

[2024-02-06 14:34:01.986] [jointLog] [info] finished quantifyLibrary()
[2024-02-06 14:34:01.991] [jointLog] [info] Starting optimizer
[2024-02-06 14:34:02.068] [jointLog] [info] Marked 0 weighted equivalence classes as degenerate
[2024-02-06 14:34:02.079] [jointLog] [info] iteration = 0 | max rel diff. = 14108.9
[2024-02-06 14:34:02.186] [jointLog] [info] iteration 11, adjusting effective lengths to account for biases
[2024-02-06 14:34:20.962] [jointLog] [info] Computed expected counts (for bias correction)
[2024-02-06 14:34:20.962] [jointLog] [info] processed bias for 0.0% of the transcripts
[2024-02-06 14:34:22.982] [jointLog] [info] processed bias for 10.0% of the transcripts
[2024-02-06 14:34:25.023] [jointLog] [info] processed bias for 20.0% of the transcripts
[2024-02-06 14:34:27.004] [jointLog] [info] processed bias for 30.0% of the transcripts
[2024-02-06 14:34:28.998] [jointLog] [info] processed bias for 40.0% of the transcripts
[2024-02-06 14:34:31.019] [jointLog] [info] processed bias for 50.0% of the transcripts
[2024-02-06 14:34:33.063] [jointLog] [info] processed bias for 60.0% of the transcripts
[2024-02-06 14:34:35.207] [jointLog] [info] processed bias for 70.0% of the transcripts
[2024-02-06 14:34:37.277] [jointLog] [info] processed bias for 80.0% of the transcripts
[2024-02-06 14:34:38.560] [jointLog] [info] processed bias for 90.0% of the transcripts
[2024-02-06 14:34:39.838] [jointLog] [info] processed bias for 100.0% of the transcripts
[2024-02-06 14:34:40.813] [jointLog] [info] iteration = 100 | max rel diff. = 19.0462
[2024-02-06 14:34:41.891] [jointLog] [info] iteration = 200 | max rel diff. = 13.1271
[2024-02-06 14:34:42.970] [jointLog] [info] iteration = 300 | max rel diff. = 1.64955
[2024-02-06 14:34:44.048] [jointLog] [info] iteration = 400 | max rel diff. = 0.383384
[2024-02-06 14:34:45.121] [jointLog] [info] iteration = 500 | max rel diff. = 1.00242
[2024-02-06 14:34:46.193] [jointLog] [info] iteration = 600 | max rel diff. = 0.675447
[2024-02-06 14:34:47.272] [jointLog] [info] iteration = 700 | max rel diff. = 0.082688
[2024-02-06 14:34:48.360] [jointLog] [info] iteration = 800 | max rel diff. = 0.08938
[2024-02-06 14:34:49.446] [jointLog] [info] iteration = 900 | max rel diff. = 0.505817
[2024-02-06 14:34:50.532] [jointLog] [info] iteration = 1,000 | max rel diff. = 0.806329
[2024-02-06 14:34:51.621] [jointLog] [info] iteration = 1,100 | max rel diff. = 0.0460514
[2024-02-06 14:34:52.708] [jointLog] [info] iteration = 1,200 | max rel diff. = 0.0677268
[2024-02-06 14:34:53.791] [jointLog] [info] iteration = 1,300 | max rel diff. = 0.015286
[2024-02-06 14:34:54.870] [jointLog] [info] iteration = 1,400 | max rel diff. = 0.127129
[2024-02-06 14:34:55.952] [jointLog] [info] iteration = 1,500 | max rel diff. = 0.123121
[2024-02-06 14:34:56.950] [jointLog] [info] iteration = 1,593 | max rel diff. = 0.00252998
[2024-02-06 14:34:56.966] [jointLog] [info] Finished optimizer
[2024-02-06 14:34:56.966] [jointLog] [info] writing output 

