[2024-02-06 14:39:25.346] [jointLog] [info] setting maxHashResizeThreads to 8
[2024-02-06 14:39:25.346] [jointLog] [info] Fragment incompatibility prior below threshold.  Incompatible fragments will be ignored.
[2024-02-06 14:39:25.347] [jointLog] [info] Usage of --validateMappings implies use of minScoreFraction. Since not explicitly specified, it is being set to 0.65
[2024-02-06 14:39:25.347] [jointLog] [info] Setting consensusSlack to selective-alignment default of 0.35.
[2024-02-06 14:39:25.347] [jointLog] [info] parsing read library format
[2024-02-06 14:39:25.347] [jointLog] [info] There is 1 library.
[2024-02-06 14:39:25.348] [jointLog] [info] Loading pufferfish index
[2024-02-06 14:39:25.349] [jointLog] [info] Loading dense pufferfish index.
[2024-02-06 14:39:25.837] [jointLog] [info] done
[2024-02-06 14:39:25.922] [jointLog] [info] Index contained 86,774 targets
[2024-02-06 14:39:27.161] [jointLog] [info] Number of decoys : 0
[2024-02-06 14:39:27.833] [jointLog] [info] Automatically detected most likely library type as ISR

[2024-02-06 14:42:06.015] [jointLog] [info] Thread saw mini-batch with a maximum of 2.12% zero probability fragments
[2024-02-06 14:42:06.037] [jointLog] [info] Thread saw mini-batch with a maximum of 2.10% zero probability fragments
[2024-02-06 14:42:06.037] [jointLog] [info] Thread saw mini-batch with a maximum of 2.34% zero probability fragments
[2024-02-06 14:42:06.060] [jointLog] [info] Thread saw mini-batch with a maximum of 2.30% zero probability fragments
[2024-02-06 14:42:06.070] [jointLog] [info] Thread saw mini-batch with a maximum of 2.12% zero probability fragments
[2024-02-06 14:42:06.070] [jointLog] [info] Thread saw mini-batch with a maximum of 2.12% zero probability fragments
[2024-02-06 14:42:06.126] [jointLog] [info] Thread saw mini-batch with a maximum of 2.30% zero probability fragments
[2024-02-06 14:42:06.138] [jointLog] [info] Thread saw mini-batch with a maximum of 2.16% zero probability fragments
[2024-02-06 14:42:06.465] [fileLog] [info] 
At end of round 0
==================
Observed 34545147 total fragments (34545147 in most recent round)

[2024-02-06 14:42:06.464] [jointLog] [info] Computed 261,356 rich equivalence classes for further processing
[2024-02-06 14:42:06.464] [jointLog] [info] Counted 24,965,753 total reads in the equivalence classes 
[2024-02-06 14:42:06.470] [jointLog] [info] Number of mappings discarded because of alignment score : 31,305,092
[2024-02-06 14:42:06.470] [jointLog] [info] Number of fragments entirely discarded because of alignment score : 1,933,392
[2024-02-06 14:42:06.470] [jointLog] [info] Number of fragments discarded because they are best-mapped to decoys : 0
[2024-02-06 14:42:06.470] [jointLog] [info] Number of fragments discarded because they have only dovetail (discordant) mappings to valid targets : 267,500
[2024-02-06 14:42:06.470] [jointLog] [info] Mapping rate = 72.2699%

[2024-02-06 14:42:06.470] [jointLog] [info] finished quantifyLibrary()
[2024-02-06 14:42:06.476] [jointLog] [info] Starting optimizer
[2024-02-06 14:42:06.609] [jointLog] [info] Marked 0 weighted equivalence classes as degenerate
[2024-02-06 14:42:06.623] [jointLog] [info] iteration = 0 | max rel diff. = 14089
[2024-02-06 14:42:06.752] [jointLog] [info] iteration 11, adjusting effective lengths to account for biases
[2024-02-06 14:42:28.489] [jointLog] [info] Computed expected counts (for bias correction)
[2024-02-06 14:42:28.489] [jointLog] [info] processed bias for 0.0% of the transcripts
[2024-02-06 14:42:30.727] [jointLog] [info] processed bias for 10.0% of the transcripts
[2024-02-06 14:42:33.113] [jointLog] [info] processed bias for 20.0% of the transcripts
[2024-02-06 14:42:35.502] [jointLog] [info] processed bias for 30.0% of the transcripts
[2024-02-06 14:42:37.809] [jointLog] [info] processed bias for 40.0% of the transcripts
[2024-02-06 14:42:40.028] [jointLog] [info] processed bias for 50.0% of the transcripts
[2024-02-06 14:42:42.388] [jointLog] [info] processed bias for 60.0% of the transcripts
[2024-02-06 14:42:44.833] [jointLog] [info] processed bias for 70.0% of the transcripts
[2024-02-06 14:42:47.144] [jointLog] [info] processed bias for 80.0% of the transcripts
[2024-02-06 14:42:48.638] [jointLog] [info] processed bias for 90.0% of the transcripts
[2024-02-06 14:42:50.066] [jointLog] [info] processed bias for 100.0% of the transcripts
[2024-02-06 14:42:50.070] [jointLog] [info] processed bias for 100.0% of the transcripts
[2024-02-06 14:42:50.964] [jointLog] [info] iteration = 100 | max rel diff. = 13.9606
[2024-02-06 14:42:51.950] [jointLog] [info] iteration = 200 | max rel diff. = 2.0126
[2024-02-06 14:42:52.939] [jointLog] [info] iteration = 300 | max rel diff. = 2.71272
[2024-02-06 14:42:53.926] [jointLog] [info] iteration = 400 | max rel diff. = 1.60617
[2024-02-06 14:42:54.912] [jointLog] [info] iteration = 500 | max rel diff. = 0.36337
[2024-02-06 14:42:55.901] [jointLog] [info] iteration = 600 | max rel diff. = 0.317974
[2024-02-06 14:42:56.890] [jointLog] [info] iteration = 700 | max rel diff. = 0.17677
[2024-02-06 14:42:57.881] [jointLog] [info] iteration = 800 | max rel diff. = 0.0436816
[2024-02-06 14:42:58.869] [jointLog] [info] iteration = 900 | max rel diff. = 0.302869
[2024-02-06 14:42:59.860] [jointLog] [info] iteration = 1,000 | max rel diff. = 0.139163
[2024-02-06 14:43:00.855] [jointLog] [info] iteration = 1,100 | max rel diff. = 0.133959
[2024-02-06 14:43:01.847] [jointLog] [info] iteration = 1,200 | max rel diff. = 0.0116843
[2024-02-06 14:43:02.832] [jointLog] [info] iteration = 1,300 | max rel diff. = 4.17198
[2024-02-06 14:43:03.820] [jointLog] [info] iteration = 1,400 | max rel diff. = 0.0742822
[2024-02-06 14:43:04.804] [jointLog] [info] iteration = 1,500 | max rel diff. = 0.0619092
[2024-02-06 14:43:04.971] [jointLog] [info] iteration = 1,518 | max rel diff. = 0.00353295
[2024-02-06 14:43:04.991] [jointLog] [info] Finished optimizer
[2024-02-06 14:43:04.991] [jointLog] [info] writing output 

