[2024-02-05 10:08:19,918] multiqc                                            [DEBUG  ]  This is MultiQC v1.12
[2024-02-05 10:08:19,919] multiqc                                            [DEBUG  ]  No MultiQC config found: /u/local/apps/anaconda3/2020.11/envs/multiqc/lib/python3.10/site-packages/multiqc_config.yaml
[2024-02-05 10:08:19,922] multiqc                                            [DEBUG  ]  No MultiQC config found: /u/home/j/jpjacobs/.multiqc_config.yaml
[2024-02-05 10:08:19,924] multiqc                                            [DEBUG  ]  No MultiQC config found: multiqc_config.yaml
[2024-02-05 10:08:19,924] multiqc                                            [DEBUG  ]  Command used: /u/home/j/jpjacobs/.local/bin/multiqc ./
[2024-02-05 10:08:21,251] multiqc                                            [WARNING]  MultiQC Version v1.19 now available!
[2024-02-05 10:08:21,252] multiqc                                            [DEBUG  ]  Command     : /u/home/j/jpjacobs/.local/bin/multiqc ./
[2024-02-05 10:08:21,252] multiqc                                            [DEBUG  ]  Working dir : /u/project/jpjacobs/jpjacobs/rna_seq/S-23-1715_set1/test_RNAseq/1_QC_output/multiqc
[2024-02-05 10:08:21,252] multiqc                                            [DEBUG  ]  Template    : default
[2024-02-05 10:08:21,252] multiqc                                            [DEBUG  ]  Running Python 3.10.4 | packaged by conda-forge | (main, Mar 24 2022, 17:39:04) [GCC 10.3.0]
[2024-02-05 10:08:21,253] multiqc                                            [DEBUG  ]  Analysing modules: custom_content, ccs, ngsderive, purple, conpair, lima, peddy, somalier, methylQA, mosdepth, phantompeakqualtools, qualimap, preseq, quast, qorts, rna_seqc, rockhopper, rsem, rseqc, busco, bustools, goleft_indexcov, gffcompare, disambiguate, supernova, deeptools, sargasso, verifybamid, mirtrace, happy, mirtop, sambamba, homer, hops, macs2, theta2, snpeff, gatk, htseq, bcftools, featureCounts, fgbio, dragen, dedup, pbmarkdup, damageprofiler, biobambam2, jcvi, mtnucratio, picard, vep, sentieon, prokka, qc3C, nanostat, samblaster, samtools, sexdeterrmine, eigenstratdatabasetools, bamtools, jellyfish, vcftools, longranger, stacks, varscan2, snippy, bbmap, bismark, biscuit, hicexplorer, hicup, hicpro, salmon, kallisto, slamdunk, star, hisat2, tophat, bowtie2, bowtie1, snpsplit, odgi, pangolin, kat, leehom, adapterRemoval, clipandmerge, cutadapt, flexbar, kaiju, kraken, malt, trimmomatic, sickle, skewer, sortmerna, biobloomtools, fastq_screen, afterqc, fastp, fastqc, pychopper, pycoqc, minionqc, multivcfanalyzer, clusterflow, checkqc, bcl2fastq, bclconvert, interop, ivar, flash, seqyclean, optitype, whatshap
[2024-02-05 10:08:21,254] multiqc                                            [DEBUG  ]  Using temporary directory for creating report: /tmp/tmp4hk14vpt
[2024-02-05 10:08:21,525] multiqc                                            [INFO   ]  Search path : /u/project/jpjacobs/jpjacobs/rna_seq/S-23-1715_set1/test_RNAseq/1_QC_output/multiqc
[2024-02-05 10:08:21,871] multiqc                                            [DEBUG  ]  File ignored by ccs/v4 because it exceeded search pattern filesize limit: JJ1715_393_S43_R1_001_fastqc.html
[2024-02-05 10:08:21,880] multiqc                                            [DEBUG  ]  File ignored by hicexplorer because it exceeded search pattern filesize limit: JJ1715_393_S43_R1_001_fastqc.html
[2024-02-05 10:08:21,881] multiqc                                            [DEBUG  ]  File ignored by lima/summary because it exceeded search pattern filesize limit: JJ1715_393_S43_R1_001_fastqc.html
[2024-02-05 10:08:21,897] multiqc                                            [DEBUG  ]  File ignored by vep/vep_txt because it exceeded search pattern filesize limit: JJ1715_393_S43_R1_001_fastqc.html
[2024-02-05 10:08:21,898] multiqc                                            [DEBUG  ]  File ignored by longranger/invocation because it exceeded search pattern filesize limit: JJ1715_393_S43_R1_001_fastqc.html
[2024-02-05 10:08:21,898] multiqc                                            [DEBUG  ]  File ignored by rockhopper because it exceeded search pattern filesize limit: JJ1715_393_S43_R1_001_fastqc.html
[2024-02-05 10:08:21,899] multiqc                                            [DEBUG  ]  File ignored by rseqc/bam_stat because it exceeded search pattern filesize limit: JJ1715_393_S43_R1_001_fastqc.html
[2024-02-05 10:08:21,899] multiqc                                            [DEBUG  ]  File ignored by rseqc/junction_annotation because it exceeded search pattern filesize limit: JJ1715_393_S43_R1_001_fastqc.html
[2024-02-05 10:08:21,899] multiqc                                            [DEBUG  ]  File ignored by rseqc/read_distribution because it exceeded search pattern filesize limit: JJ1715_393_S43_R1_001_fastqc.html
[2024-02-05 10:08:21,899] multiqc                                            [DEBUG  ]  File ignored by rseqc/infer_experiment because it exceeded search pattern filesize limit: JJ1715_393_S43_R1_001_fastqc.html
[2024-02-05 10:08:21,994] multiqc                                            [DEBUG  ]  File ignored by nanostat because it exceeded search pattern filesize limit: JJ1715_393_S43_R1_001_fastqc.html
[2024-02-05 10:08:22,073] multiqc                                            [DEBUG  ]  File ignored by ccs/v4 because it exceeded search pattern filesize limit: JJ1715_393_S43_R2_001_fastqc.html
[2024-02-05 10:08:22,083] multiqc                                            [DEBUG  ]  File ignored by hicexplorer because it exceeded search pattern filesize limit: JJ1715_393_S43_R2_001_fastqc.html
[2024-02-05 10:08:22,085] multiqc                                            [DEBUG  ]  File ignored by lima/summary because it exceeded search pattern filesize limit: JJ1715_393_S43_R2_001_fastqc.html
[2024-02-05 10:08:22,105] multiqc                                            [DEBUG  ]  File ignored by vep/vep_txt because it exceeded search pattern filesize limit: JJ1715_393_S43_R2_001_fastqc.html
[2024-02-05 10:08:22,106] multiqc                                            [DEBUG  ]  File ignored by longranger/invocation because it exceeded search pattern filesize limit: JJ1715_393_S43_R2_001_fastqc.html
[2024-02-05 10:08:22,106] multiqc                                            [DEBUG  ]  File ignored by rockhopper because it exceeded search pattern filesize limit: JJ1715_393_S43_R2_001_fastqc.html
[2024-02-05 10:08:22,106] multiqc                                            [DEBUG  ]  File ignored by rseqc/bam_stat because it exceeded search pattern filesize limit: JJ1715_393_S43_R2_001_fastqc.html
[2024-02-05 10:08:22,106] multiqc                                            [DEBUG  ]  File ignored by rseqc/junction_annotation because it exceeded search pattern filesize limit: JJ1715_393_S43_R2_001_fastqc.html
[2024-02-05 10:08:22,106] multiqc                                            [DEBUG  ]  File ignored by rseqc/read_distribution because it exceeded search pattern filesize limit: JJ1715_393_S43_R2_001_fastqc.html
[2024-02-05 10:08:22,106] multiqc                                            [DEBUG  ]  File ignored by rseqc/infer_experiment because it exceeded search pattern filesize limit: JJ1715_393_S43_R2_001_fastqc.html
[2024-02-05 10:08:22,205] multiqc                                            [DEBUG  ]  File ignored by nanostat because it exceeded search pattern filesize limit: JJ1715_393_S43_R2_001_fastqc.html
[2024-02-05 10:08:22,281] multiqc                                            [DEBUG  ]  File ignored by ccs/v4 because it exceeded search pattern filesize limit: JJ1715_394_S44_R1_001_fastqc.html
[2024-02-05 10:08:22,292] multiqc                                            [DEBUG  ]  File ignored by hicexplorer because it exceeded search pattern filesize limit: JJ1715_394_S44_R1_001_fastqc.html
[2024-02-05 10:08:22,293] multiqc                                            [DEBUG  ]  File ignored by lima/summary because it exceeded search pattern filesize limit: JJ1715_394_S44_R1_001_fastqc.html
[2024-02-05 10:08:22,316] multiqc                                            [DEBUG  ]  File ignored by vep/vep_txt because it exceeded search pattern filesize limit: JJ1715_394_S44_R1_001_fastqc.html
[2024-02-05 10:08:22,316] multiqc                                            [DEBUG  ]  File ignored by longranger/invocation because it exceeded search pattern filesize limit: JJ1715_394_S44_R1_001_fastqc.html
[2024-02-05 10:08:22,316] multiqc                                            [DEBUG  ]  File ignored by rockhopper because it exceeded search pattern filesize limit: JJ1715_394_S44_R1_001_fastqc.html
[2024-02-05 10:08:22,316] multiqc                                            [DEBUG  ]  File ignored by rseqc/bam_stat because it exceeded search pattern filesize limit: JJ1715_394_S44_R1_001_fastqc.html
[2024-02-05 10:08:22,317] multiqc                                            [DEBUG  ]  File ignored by rseqc/junction_annotation because it exceeded search pattern filesize limit: JJ1715_394_S44_R1_001_fastqc.html
[2024-02-05 10:08:22,317] multiqc                                            [DEBUG  ]  File ignored by rseqc/read_distribution because it exceeded search pattern filesize limit: JJ1715_394_S44_R1_001_fastqc.html
[2024-02-05 10:08:22,317] multiqc                                            [DEBUG  ]  File ignored by rseqc/infer_experiment because it exceeded search pattern filesize limit: JJ1715_394_S44_R1_001_fastqc.html
[2024-02-05 10:08:22,425] multiqc                                            [DEBUG  ]  File ignored by nanostat because it exceeded search pattern filesize limit: JJ1715_394_S44_R1_001_fastqc.html
[2024-02-05 10:08:22,494] multiqc                                            [DEBUG  ]  File ignored by ccs/v4 because it exceeded search pattern filesize limit: JJ1715_394_S44_R2_001_fastqc.html
[2024-02-05 10:08:22,505] multiqc                                            [DEBUG  ]  File ignored by hicexplorer because it exceeded search pattern filesize limit: JJ1715_394_S44_R2_001_fastqc.html
[2024-02-05 10:08:22,506] multiqc                                            [DEBUG  ]  File ignored by lima/summary because it exceeded search pattern filesize limit: JJ1715_394_S44_R2_001_fastqc.html
[2024-02-05 10:08:22,525] multiqc                                            [DEBUG  ]  File ignored by vep/vep_txt because it exceeded search pattern filesize limit: JJ1715_394_S44_R2_001_fastqc.html
[2024-02-05 10:08:22,526] multiqc                                            [DEBUG  ]  File ignored by longranger/invocation because it exceeded search pattern filesize limit: JJ1715_394_S44_R2_001_fastqc.html
[2024-02-05 10:08:22,526] multiqc                                            [DEBUG  ]  File ignored by rockhopper because it exceeded search pattern filesize limit: JJ1715_394_S44_R2_001_fastqc.html
[2024-02-05 10:08:22,526] multiqc                                            [DEBUG  ]  File ignored by rseqc/bam_stat because it exceeded search pattern filesize limit: JJ1715_394_S44_R2_001_fastqc.html
[2024-02-05 10:08:22,526] multiqc                                            [DEBUG  ]  File ignored by rseqc/junction_annotation because it exceeded search pattern filesize limit: JJ1715_394_S44_R2_001_fastqc.html
[2024-02-05 10:08:22,526] multiqc                                            [DEBUG  ]  File ignored by rseqc/read_distribution because it exceeded search pattern filesize limit: JJ1715_394_S44_R2_001_fastqc.html
[2024-02-05 10:08:22,526] multiqc                                            [DEBUG  ]  File ignored by rseqc/infer_experiment because it exceeded search pattern filesize limit: JJ1715_394_S44_R2_001_fastqc.html
[2024-02-05 10:08:22,651] multiqc                                            [DEBUG  ]  File ignored by nanostat because it exceeded search pattern filesize limit: JJ1715_394_S44_R2_001_fastqc.html
[2024-02-05 10:08:26,241] multiqc.plots.linegraph                            [DEBUG  ]  Using matplotlib version 3.5.2
[2024-02-05 10:08:26,256] multiqc.plots.bargraph                             [DEBUG  ]  Using matplotlib version 3.5.2
[2024-02-05 10:08:27,261] multiqc.modules.fastqc.fastqc                      [INFO   ]  Found 4 reports
[2024-02-05 10:08:27,393] multiqc                                            [INFO   ]  Compressing plot data
[2024-02-05 10:08:27,467] multiqc                                            [INFO   ]  Report      : multiqc_report.html
[2024-02-05 10:08:27,467] multiqc                                            [INFO   ]  Data        : multiqc_data
[2024-02-05 10:08:27,467] multiqc                                            [DEBUG  ]  Moving data file from '/tmp/tmp4hk14vpt/multiqc_data' to '/u/project/jpjacobs/jpjacobs/rna_seq/S-23-1715_set1/test_RNAseq/1_QC_output/multiqc/multiqc_data'
[2024-02-05 10:08:28,111] multiqc                                            [INFO   ]  MultiQC complete
