[2024-02-06 14:28:45.295] [jointLog] [info] setting maxHashResizeThreads to 8
[2024-02-06 14:28:45.295] [jointLog] [info] Fragment incompatibility prior below threshold.  Incompatible fragments will be ignored.
[2024-02-06 14:28:45.295] [jointLog] [info] Usage of --validateMappings implies use of minScoreFraction. Since not explicitly specified, it is being set to 0.65
[2024-02-06 14:28:45.295] [jointLog] [info] Setting consensusSlack to selective-alignment default of 0.35.
[2024-02-06 14:28:45.295] [jointLog] [info] parsing read library format
[2024-02-06 14:28:45.295] [jointLog] [info] There is 1 library.
[2024-02-06 14:28:45.296] [jointLog] [info] Loading pufferfish index
[2024-02-06 14:28:45.297] [jointLog] [info] Loading dense pufferfish index.
[2024-02-06 14:28:45.726] [jointLog] [info] done
[2024-02-06 14:28:45.804] [jointLog] [info] Index contained 86,774 targets
[2024-02-06 14:28:46.860] [jointLog] [info] Number of decoys : 0
[2024-02-06 14:28:47.351] [jointLog] [info] Automatically detected most likely library type as ISR

[2024-02-06 14:31:13.976] [jointLog] [info] Thread saw mini-batch with a maximum of 1.26% zero probability fragments
[2024-02-06 14:31:13.992] [jointLog] [info] Thread saw mini-batch with a maximum of 1.38% zero probability fragments
[2024-02-06 14:31:14.026] [jointLog] [info] Thread saw mini-batch with a maximum of 1.22% zero probability fragments
[2024-02-06 14:31:14.050] [jointLog] [info] Thread saw mini-batch with a maximum of 1.32% zero probability fragments
[2024-02-06 14:31:14.058] [jointLog] [info] Thread saw mini-batch with a maximum of 1.34% zero probability fragments
[2024-02-06 14:31:14.109] [jointLog] [info] Thread saw mini-batch with a maximum of 1.32% zero probability fragments
[2024-02-06 14:31:14.111] [jointLog] [info] Thread saw mini-batch with a maximum of 1.26% zero probability fragments
[2024-02-06 14:31:14.124] [jointLog] [info] Thread saw mini-batch with a maximum of 1.36% zero probability fragments
[2024-02-06 14:31:14.411] [fileLog] [info] 
At end of round 0
==================
Observed 32666715 total fragments (32666715 in most recent round)

[2024-02-06 14:31:14.411] [jointLog] [info] Computed 269,432 rich equivalence classes for further processing
[2024-02-06 14:31:14.411] [jointLog] [info] Counted 24,429,966 total reads in the equivalence classes 
[2024-02-06 14:31:14.415] [jointLog] [info] Number of mappings discarded because of alignment score : 37,533,332
[2024-02-06 14:31:14.415] [jointLog] [info] Number of fragments entirely discarded because of alignment score : 1,841,329
[2024-02-06 14:31:14.415] [jointLog] [info] Number of fragments discarded because they are best-mapped to decoys : 0
[2024-02-06 14:31:14.415] [jointLog] [info] Number of fragments discarded because they have only dovetail (discordant) mappings to valid targets : 181,657
[2024-02-06 14:31:14.415] [jointLog] [info] Mapping rate = 74.7855%

[2024-02-06 14:31:14.415] [jointLog] [info] finished quantifyLibrary()
[2024-02-06 14:31:14.419] [jointLog] [info] Starting optimizer
[2024-02-06 14:31:14.503] [jointLog] [info] Marked 0 weighted equivalence classes as degenerate
[2024-02-06 14:31:14.515] [jointLog] [info] iteration = 0 | max rel diff. = 12673.9
[2024-02-06 14:31:14.634] [jointLog] [info] iteration 11, adjusting effective lengths to account for biases
[2024-02-06 14:31:33.597] [jointLog] [info] Computed expected counts (for bias correction)
[2024-02-06 14:31:33.597] [jointLog] [info] processed bias for 0.0% of the transcripts
[2024-02-06 14:31:35.586] [jointLog] [info] processed bias for 10.0% of the transcripts
[2024-02-06 14:31:37.661] [jointLog] [info] processed bias for 20.0% of the transcripts
[2024-02-06 14:31:39.691] [jointLog] [info] processed bias for 30.0% of the transcripts
[2024-02-06 14:31:41.686] [jointLog] [info] processed bias for 40.0% of the transcripts
[2024-02-06 14:31:42.613] [jointLog] [info] processed bias for 50.0% of the transcripts
[2024-02-06 14:31:44.287] [jointLog] [info] processed bias for 60.0% of the transcripts
[2024-02-06 14:31:46.363] [jointLog] [info] processed bias for 70.0% of the transcripts
[2024-02-06 14:31:48.444] [jointLog] [info] processed bias for 80.0% of the transcripts
[2024-02-06 14:31:50.567] [jointLog] [info] processed bias for 90.0% of the transcripts
[2024-02-06 14:31:52.596] [jointLog] [info] processed bias for 100.0% of the transcripts
[2024-02-06 14:31:52.604] [jointLog] [info] processed bias for 100.0% of the transcripts
[2024-02-06 14:31:53.620] [jointLog] [info] iteration = 100 | max rel diff. = 15.8908
[2024-02-06 14:31:54.728] [jointLog] [info] iteration = 200 | max rel diff. = 6.61003
[2024-02-06 14:31:55.772] [jointLog] [info] iteration = 300 | max rel diff. = 5.20233
[2024-02-06 14:31:56.850] [jointLog] [info] iteration = 400 | max rel diff. = 2.33544
[2024-02-06 14:31:57.948] [jointLog] [info] iteration = 500 | max rel diff. = 0.60085
[2024-02-06 14:31:59.001] [jointLog] [info] iteration = 600 | max rel diff. = 0.177191
[2024-02-06 14:32:00.040] [jointLog] [info] iteration = 700 | max rel diff. = 0.260088
[2024-02-06 14:32:01.083] [jointLog] [info] iteration = 800 | max rel diff. = 0.104924
[2024-02-06 14:32:02.154] [jointLog] [info] iteration = 900 | max rel diff. = 0.729201
[2024-02-06 14:32:03.132] [jointLog] [info] iteration = 1,000 | max rel diff. = 0.0634996
[2024-02-06 14:32:04.106] [jointLog] [info] iteration = 1,100 | max rel diff. = 0.0153673
[2024-02-06 14:32:05.069] [jointLog] [info] iteration = 1,200 | max rel diff. = 0.167294
[2024-02-06 14:32:06.032] [jointLog] [info] iteration = 1,300 | max rel diff. = 0.272547
[2024-02-06 14:32:06.996] [jointLog] [info] iteration = 1,400 | max rel diff. = 0.0220085
[2024-02-06 14:32:07.515] [jointLog] [info] iteration = 1,455 | max rel diff. = 0.00591806
[2024-02-06 14:32:07.535] [jointLog] [info] Finished optimizer
[2024-02-06 14:32:07.535] [jointLog] [info] writing output 

