[2024-02-06 14:37:48.358] [jointLog] [info] setting maxHashResizeThreads to 8
[2024-02-06 14:37:48.358] [jointLog] [info] Fragment incompatibility prior below threshold.  Incompatible fragments will be ignored.
[2024-02-06 14:37:48.358] [jointLog] [info] Usage of --validateMappings implies use of minScoreFraction. Since not explicitly specified, it is being set to 0.65
[2024-02-06 14:37:48.358] [jointLog] [info] Setting consensusSlack to selective-alignment default of 0.35.
[2024-02-06 14:37:48.358] [jointLog] [info] parsing read library format
[2024-02-06 14:37:48.358] [jointLog] [info] There is 1 library.
[2024-02-06 14:37:48.360] [jointLog] [info] Loading pufferfish index
[2024-02-06 14:37:48.361] [jointLog] [info] Loading dense pufferfish index.
[2024-02-06 14:37:48.890] [jointLog] [info] done
[2024-02-06 14:37:48.977] [jointLog] [info] Index contained 86,774 targets
[2024-02-06 14:37:50.214] [jointLog] [info] Number of decoys : 0
[2024-02-06 14:37:51.182] [jointLog] [info] Automatically detected most likely library type as ISR

[2024-02-06 14:41:15.554] [jointLog] [info] Thread saw mini-batch with a maximum of 2.68% zero probability fragments
[2024-02-06 14:41:15.600] [jointLog] [info] Thread saw mini-batch with a maximum of 2.62% zero probability fragments
[2024-02-06 14:41:15.612] [jointLog] [info] Thread saw mini-batch with a maximum of 2.68% zero probability fragments
[2024-02-06 14:41:15.618] [jointLog] [info] Thread saw mini-batch with a maximum of 2.62% zero probability fragments
[2024-02-06 14:41:15.620] [jointLog] [info] Thread saw mini-batch with a maximum of 2.68% zero probability fragments
[2024-02-06 14:41:15.640] [jointLog] [info] Thread saw mini-batch with a maximum of 2.64% zero probability fragments
[2024-02-06 14:41:15.726] [jointLog] [info] Thread saw mini-batch with a maximum of 2.74% zero probability fragments
[2024-02-06 14:41:15.758] [jointLog] [info] Thread saw mini-batch with a maximum of 2.70% zero probability fragments
[2024-02-06 14:41:16.209] [jointLog] [info] Computed 194,884 rich equivalence classes for further processing
[2024-02-06 14:41:16.209] [jointLog] [info] Counted 24,040,218 total reads in the equivalence classes 
[2024-02-06 14:41:16.217] [jointLog] [info] Number of mappings discarded because of alignment score : 35,511,259
[2024-02-06 14:41:16.217] [jointLog] [info] Number of fragments entirely discarded because of alignment score : 2,372,456
[2024-02-06 14:41:16.217] [jointLog] [info] Number of fragments discarded because they are best-mapped to decoys : 0
[2024-02-06 14:41:16.217] [jointLog] [info] Number of fragments discarded because they have only dovetail (discordant) mappings to valid targets : 253,862
[2024-02-06 14:41:16.217] [jointLog] [info] Mapping rate = 63.3029%

[2024-02-06 14:41:16.217] [jointLog] [info] finished quantifyLibrary()
[2024-02-06 14:41:16.222] [jointLog] [info] Starting optimizer
[2024-02-06 14:41:16.316] [jointLog] [info] Marked 0 weighted equivalence classes as degenerate
[2024-02-06 14:41:16.328] [jointLog] [info] iteration = 0 | max rel diff. = 14185
[2024-02-06 14:41:16.429] [jointLog] [info] iteration 11, adjusting effective lengths to account for biases
[2024-02-06 14:41:16.211] [fileLog] [info] 
At end of round 0
==================
Observed 37976495 total fragments (37976495 in most recent round)

[2024-02-06 14:41:34.984] [jointLog] [info] Computed expected counts (for bias correction)
[2024-02-06 14:41:34.984] [jointLog] [info] processed bias for 0.0% of the transcripts
[2024-02-06 14:41:36.943] [jointLog] [info] processed bias for 10.0% of the transcripts
[2024-02-06 14:41:38.960] [jointLog] [info] processed bias for 20.0% of the transcripts
[2024-02-06 14:41:40.896] [jointLog] [info] processed bias for 30.0% of the transcripts
[2024-02-06 14:41:42.685] [jointLog] [info] processed bias for 40.0% of the transcripts
[2024-02-06 14:41:44.513] [jointLog] [info] processed bias for 50.0% of the transcripts
[2024-02-06 14:41:45.436] [jointLog] [info] processed bias for 60.0% of the transcripts
[2024-02-06 14:41:47.151] [jointLog] [info] processed bias for 70.0% of the transcripts
[2024-02-06 14:41:49.225] [jointLog] [info] processed bias for 80.0% of the transcripts
[2024-02-06 14:41:51.171] [jointLog] [info] processed bias for 90.0% of the transcripts
[2024-02-06 14:41:53.205] [jointLog] [info] processed bias for 100.0% of the transcripts
[2024-02-06 14:41:53.210] [jointLog] [info] processed bias for 100.0% of the transcripts
[2024-02-06 14:41:54.091] [jointLog] [info] iteration = 100 | max rel diff. = 18.0039
[2024-02-06 14:41:55.052] [jointLog] [info] iteration = 200 | max rel diff. = 3.08912
[2024-02-06 14:41:56.015] [jointLog] [info] iteration = 300 | max rel diff. = 1.55679
[2024-02-06 14:41:56.985] [jointLog] [info] iteration = 400 | max rel diff. = 4.06445
[2024-02-06 14:41:57.949] [jointLog] [info] iteration = 500 | max rel diff. = 1.97137
[2024-02-06 14:41:58.921] [jointLog] [info] iteration = 600 | max rel diff. = 0.652982
[2024-02-06 14:41:59.857] [jointLog] [info] iteration = 700 | max rel diff. = 0.306137
[2024-02-06 14:42:00.795] [jointLog] [info] iteration = 800 | max rel diff. = 0.119708
[2024-02-06 14:42:01.733] [jointLog] [info] iteration = 900 | max rel diff. = 0.0486991
[2024-02-06 14:42:02.672] [jointLog] [info] iteration = 1,000 | max rel diff. = 0.0938596
[2024-02-06 14:42:03.612] [jointLog] [info] iteration = 1,100 | max rel diff. = 0.0642076
[2024-02-06 14:42:04.317] [jointLog] [info] iteration = 1,176 | max rel diff. = 0.00742604
[2024-02-06 14:42:04.343] [jointLog] [info] Finished optimizer
[2024-02-06 14:42:04.343] [jointLog] [info] writing output 

