[2024-02-06 14:35:53.129] [jointLog] [info] setting maxHashResizeThreads to 8
[2024-02-06 14:35:53.129] [jointLog] [info] Fragment incompatibility prior below threshold.  Incompatible fragments will be ignored.
[2024-02-06 14:35:53.129] [jointLog] [info] Usage of --validateMappings implies use of minScoreFraction. Since not explicitly specified, it is being set to 0.65
[2024-02-06 14:35:53.129] [jointLog] [info] Setting consensusSlack to selective-alignment default of 0.35.
[2024-02-06 14:35:53.129] [jointLog] [info] parsing read library format
[2024-02-06 14:35:53.129] [jointLog] [info] There is 1 library.
[2024-02-06 14:35:53.131] [jointLog] [info] Loading pufferfish index
[2024-02-06 14:35:53.131] [jointLog] [info] Loading dense pufferfish index.
[2024-02-06 14:35:53.554] [jointLog] [info] done
[2024-02-06 14:35:53.594] [jointLog] [info] Index contained 86,774 targets
[2024-02-06 14:35:54.606] [jointLog] [info] Number of decoys : 0
[2024-02-06 14:35:55.023] [jointLog] [info] Automatically detected most likely library type as ISR

[2024-02-06 14:38:34.381] [jointLog] [info] Thread saw mini-batch with a maximum of 3.52% zero probability fragments
[2024-02-06 14:38:34.423] [jointLog] [info] Thread saw mini-batch with a maximum of 3.58% zero probability fragments
[2024-02-06 14:38:34.441] [jointLog] [info] Thread saw mini-batch with a maximum of 3.60% zero probability fragments
[2024-02-06 14:38:34.470] [jointLog] [info] Thread saw mini-batch with a maximum of 3.62% zero probability fragments
[2024-02-06 14:38:34.478] [jointLog] [info] Thread saw mini-batch with a maximum of 3.66% zero probability fragments
[2024-02-06 14:38:34.482] [jointLog] [info] Thread saw mini-batch with a maximum of 3.58% zero probability fragments
[2024-02-06 14:38:34.524] [jointLog] [info] Thread saw mini-batch with a maximum of 3.54% zero probability fragments
[2024-02-06 14:38:34.532] [jointLog] [info] Thread saw mini-batch with a maximum of 3.58% zero probability fragments
[2024-02-06 14:38:34.815] [jointLog] [info] Computed 218,002 rich equivalence classes for further processing
[2024-02-06 14:38:34.815] [jointLog] [info] Counted 25,372,216 total reads in the equivalence classes 
[2024-02-06 14:38:34.824] [jointLog] [info] Number of mappings discarded because of alignment score : 36,015,469
[2024-02-06 14:38:34.824] [jointLog] [info] Number of fragments entirely discarded because of alignment score : 1,884,212
[2024-02-06 14:38:34.824] [jointLog] [info] Number of fragments discarded because they are best-mapped to decoys : 0
[2024-02-06 14:38:34.824] [jointLog] [info] Number of fragments discarded because they have only dovetail (discordant) mappings to valid targets : 250,672
[2024-02-06 14:38:34.824] [jointLog] [info] Mapping rate = 68.3722%

[2024-02-06 14:38:34.824] [jointLog] [info] finished quantifyLibrary()
[2024-02-06 14:38:34.830] [jointLog] [info] Starting optimizer
[2024-02-06 14:38:34.816] [fileLog] [info] 
At end of round 0
==================
Observed 37108969 total fragments (37108969 in most recent round)

[2024-02-06 14:38:34.906] [jointLog] [info] Marked 0 weighted equivalence classes as degenerate
[2024-02-06 14:38:34.917] [jointLog] [info] iteration = 0 | max rel diff. = 14393.7
[2024-02-06 14:38:35.023] [jointLog] [info] iteration 11, adjusting effective lengths to account for biases
[2024-02-06 14:38:53.121] [jointLog] [info] Computed expected counts (for bias correction)
[2024-02-06 14:38:53.121] [jointLog] [info] processed bias for 0.0% of the transcripts
[2024-02-06 14:38:54.984] [jointLog] [info] processed bias for 10.0% of the transcripts
[2024-02-06 14:38:57.048] [jointLog] [info] processed bias for 20.0% of the transcripts
[2024-02-06 14:38:58.978] [jointLog] [info] processed bias for 30.0% of the transcripts
[2024-02-06 14:39:00.907] [jointLog] [info] processed bias for 40.0% of the transcripts
[2024-02-06 14:39:02.855] [jointLog] [info] processed bias for 50.0% of the transcripts
[2024-02-06 14:39:04.872] [jointLog] [info] processed bias for 60.0% of the transcripts
[2024-02-06 14:39:06.783] [jointLog] [info] processed bias for 70.0% of the transcripts
[2024-02-06 14:39:07.886] [jointLog] [info] processed bias for 80.0% of the transcripts
[2024-02-06 14:39:09.672] [jointLog] [info] processed bias for 90.0% of the transcripts
[2024-02-06 14:39:11.318] [jointLog] [info] processed bias for 100.0% of the transcripts
[2024-02-06 14:39:12.302] [jointLog] [info] iteration = 100 | max rel diff. = 11.6513
[2024-02-06 14:39:13.362] [jointLog] [info] iteration = 200 | max rel diff. = 7.64153
[2024-02-06 14:39:14.447] [jointLog] [info] iteration = 300 | max rel diff. = 4.75983
[2024-02-06 14:39:15.524] [jointLog] [info] iteration = 400 | max rel diff. = 3.01841
[2024-02-06 14:39:16.588] [jointLog] [info] iteration = 500 | max rel diff. = 4.94953
[2024-02-06 14:39:17.622] [jointLog] [info] iteration = 600 | max rel diff. = 0.111266
[2024-02-06 14:39:18.650] [jointLog] [info] iteration = 700 | max rel diff. = 4.50764
[2024-02-06 14:39:19.677] [jointLog] [info] iteration = 800 | max rel diff. = 0.260923
[2024-02-06 14:39:20.709] [jointLog] [info] iteration = 900 | max rel diff. = 0.747934
[2024-02-06 14:39:21.766] [jointLog] [info] iteration = 1,000 | max rel diff. = 0.954055
[2024-02-06 14:39:22.753] [jointLog] [info] iteration = 1,100 | max rel diff. = 2.91785
[2024-02-06 14:39:23.726] [jointLog] [info] iteration = 1,200 | max rel diff. = 1.04485
[2024-02-06 14:39:24.695] [jointLog] [info] iteration = 1,300 | max rel diff. = 0.0410895
[2024-02-06 14:39:25.664] [jointLog] [info] iteration = 1,400 | max rel diff. = 0.339785
[2024-02-06 14:39:26.538] [jointLog] [info] iteration = 1,491 | max rel diff. = 0.00801557
[2024-02-06 14:39:26.558] [jointLog] [info] Finished optimizer
[2024-02-06 14:39:26.558] [jointLog] [info] writing output 

