[2024-02-06 14:26:35.413] [jointLog] [info] setting maxHashResizeThreads to 8
[2024-02-06 14:26:35.413] [jointLog] [info] Fragment incompatibility prior below threshold.  Incompatible fragments will be ignored.
[2024-02-06 14:26:35.413] [jointLog] [info] Usage of --validateMappings implies use of minScoreFraction. Since not explicitly specified, it is being set to 0.65
[2024-02-06 14:26:35.413] [jointLog] [info] Setting consensusSlack to selective-alignment default of 0.35.
[2024-02-06 14:26:35.413] [jointLog] [info] parsing read library format
[2024-02-06 14:26:35.413] [jointLog] [info] There is 1 library.
[2024-02-06 14:26:35.417] [jointLog] [info] Loading pufferfish index
[2024-02-06 14:26:35.419] [jointLog] [info] Loading dense pufferfish index.
[2024-02-06 14:26:35.950] [jointLog] [info] done
[2024-02-06 14:26:36.048] [jointLog] [info] Index contained 86,774 targets
[2024-02-06 14:26:37.251] [jointLog] [info] Number of decoys : 0
[2024-02-06 14:26:37.846] [jointLog] [info] Automatically detected most likely library type as ISR

[2024-02-06 14:28:54.297] [jointLog] [info] Thread saw mini-batch with a maximum of 1.58% zero probability fragments
[2024-02-06 14:28:54.298] [jointLog] [info] Thread saw mini-batch with a maximum of 1.52% zero probability fragments
[2024-02-06 14:28:54.301] [jointLog] [info] Thread saw mini-batch with a maximum of 1.62% zero probability fragments
[2024-02-06 14:28:54.311] [jointLog] [info] Thread saw mini-batch with a maximum of 1.64% zero probability fragments
[2024-02-06 14:28:54.334] [jointLog] [info] Thread saw mini-batch with a maximum of 1.56% zero probability fragments
[2024-02-06 14:28:54.345] [jointLog] [info] Thread saw mini-batch with a maximum of 1.56% zero probability fragments
[2024-02-06 14:28:54.359] [jointLog] [info] Thread saw mini-batch with a maximum of 1.62% zero probability fragments
[2024-02-06 14:28:54.374] [jointLog] [info] Thread saw mini-batch with a maximum of 1.68% zero probability fragments
[2024-02-06 14:28:54.697] [jointLog] [info] Computed 249,468 rich equivalence classes for further processing
[2024-02-06 14:28:54.697] [jointLog] [info] Counted 23,242,961 total reads in the equivalence classes 
[2024-02-06 14:28:54.701] [jointLog] [info] Number of mappings discarded because of alignment score : 29,917,664
[2024-02-06 14:28:54.701] [jointLog] [info] Number of fragments entirely discarded because of alignment score : 1,615,923
[2024-02-06 14:28:54.701] [jointLog] [info] Number of fragments discarded because they are best-mapped to decoys : 0
[2024-02-06 14:28:54.701] [jointLog] [info] Number of fragments discarded because they have only dovetail (discordant) mappings to valid targets : 171,723
[2024-02-06 14:28:54.701] [jointLog] [info] Mapping rate = 71.9038%

[2024-02-06 14:28:54.701] [jointLog] [info] finished quantifyLibrary()
[2024-02-06 14:28:54.711] [jointLog] [info] Starting optimizer
[2024-02-06 14:28:54.791] [jointLog] [info] Marked 0 weighted equivalence classes as degenerate
[2024-02-06 14:28:54.803] [jointLog] [info] iteration = 0 | max rel diff. = 13355.7
[2024-02-06 14:28:54.919] [jointLog] [info] iteration 11, adjusting effective lengths to account for biases
[2024-02-06 14:28:54.697] [fileLog] [info] 
At end of round 0
==================
Observed 32325076 total fragments (32325076 in most recent round)

[2024-02-06 14:29:14.148] [jointLog] [info] Computed expected counts (for bias correction)
[2024-02-06 14:29:14.149] [jointLog] [info] processed bias for 0.0% of the transcripts
[2024-02-06 14:29:16.138] [jointLog] [info] processed bias for 10.0% of the transcripts
[2024-02-06 14:29:18.368] [jointLog] [info] processed bias for 20.0% of the transcripts
[2024-02-06 14:29:20.485] [jointLog] [info] processed bias for 30.0% of the transcripts
[2024-02-06 14:29:22.307] [jointLog] [info] processed bias for 40.0% of the transcripts
[2024-02-06 14:29:23.208] [jointLog] [info] processed bias for 50.0% of the transcripts
[2024-02-06 14:29:25.155] [jointLog] [info] processed bias for 60.0% of the transcripts
[2024-02-06 14:29:27.239] [jointLog] [info] processed bias for 70.0% of the transcripts
[2024-02-06 14:29:29.148] [jointLog] [info] processed bias for 80.0% of the transcripts
[2024-02-06 14:29:31.284] [jointLog] [info] processed bias for 90.0% of the transcripts
[2024-02-06 14:29:33.443] [jointLog] [info] processed bias for 100.0% of the transcripts
[2024-02-06 14:29:34.342] [jointLog] [info] iteration = 100 | max rel diff. = 19.8935
[2024-02-06 14:29:35.328] [jointLog] [info] iteration = 200 | max rel diff. = 5.14683
[2024-02-06 14:29:36.316] [jointLog] [info] iteration = 300 | max rel diff. = 7.09552
[2024-02-06 14:29:37.304] [jointLog] [info] iteration = 400 | max rel diff. = 0.455369
[2024-02-06 14:29:38.291] [jointLog] [info] iteration = 500 | max rel diff. = 0.184606
[2024-02-06 14:29:39.276] [jointLog] [info] iteration = 600 | max rel diff. = 2.04313
[2024-02-06 14:29:40.266] [jointLog] [info] iteration = 700 | max rel diff. = 0.257049
[2024-02-06 14:29:41.251] [jointLog] [info] iteration = 800 | max rel diff. = 0.128374
[2024-02-06 14:29:42.236] [jointLog] [info] iteration = 900 | max rel diff. = 0.117938
[2024-02-06 14:29:43.217] [jointLog] [info] iteration = 1,000 | max rel diff. = 0.125103
[2024-02-06 14:29:44.199] [jointLog] [info] iteration = 1,100 | max rel diff. = 0.123811
[2024-02-06 14:29:45.182] [jointLog] [info] iteration = 1,200 | max rel diff. = 0.0438039
[2024-02-06 14:29:46.173] [jointLog] [info] iteration = 1,300 | max rel diff. = 0.52063
[2024-02-06 14:29:47.176] [jointLog] [info] iteration = 1,400 | max rel diff. = 0.0306979
[2024-02-06 14:29:47.913] [jointLog] [info] iteration = 1,475 | max rel diff. = 0.00727433
[2024-02-06 14:29:47.933] [jointLog] [info] Finished optimizer
[2024-02-06 14:29:47.933] [jointLog] [info] writing output 

