[2024-02-06 14:26:16.932] [jointLog] [info] setting maxHashResizeThreads to 8
[2024-02-06 14:26:16.932] [jointLog] [info] Fragment incompatibility prior below threshold.  Incompatible fragments will be ignored.
[2024-02-06 14:26:16.932] [jointLog] [info] Usage of --validateMappings implies use of minScoreFraction. Since not explicitly specified, it is being set to 0.65
[2024-02-06 14:26:16.932] [jointLog] [info] Setting consensusSlack to selective-alignment default of 0.35.
[2024-02-06 14:26:16.932] [jointLog] [info] parsing read library format
[2024-02-06 14:26:16.932] [jointLog] [info] There is 1 library.
[2024-02-06 14:26:16.933] [jointLog] [info] Loading pufferfish index
[2024-02-06 14:26:16.934] [jointLog] [info] Loading dense pufferfish index.
[2024-02-06 14:26:17.371] [jointLog] [info] done
[2024-02-06 14:26:17.446] [jointLog] [info] Index contained 86,774 targets
[2024-02-06 14:26:18.568] [jointLog] [info] Number of decoys : 0
[2024-02-06 14:26:18.989] [jointLog] [info] Automatically detected most likely library type as ISR

[2024-02-06 14:28:45.890] [jointLog] [info] Thread saw mini-batch with a maximum of 1.58% zero probability fragments
[2024-02-06 14:28:45.911] [jointLog] [info] Thread saw mini-batch with a maximum of 1.58% zero probability fragments
[2024-02-06 14:28:45.922] [jointLog] [info] Thread saw mini-batch with a maximum of 1.56% zero probability fragments
[2024-02-06 14:28:45.961] [jointLog] [info] Thread saw mini-batch with a maximum of 1.54% zero probability fragments
[2024-02-06 14:28:45.962] [jointLog] [info] Thread saw mini-batch with a maximum of 1.62% zero probability fragments
[2024-02-06 14:28:46.002] [jointLog] [info] Thread saw mini-batch with a maximum of 1.54% zero probability fragments
[2024-02-06 14:28:46.037] [jointLog] [info] Thread saw mini-batch with a maximum of 1.50% zero probability fragments
[2024-02-06 14:28:46.066] [jointLog] [info] Thread saw mini-batch with a maximum of 1.50% zero probability fragments
[2024-02-06 14:28:46.489] [fileLog] [info] 
At end of round 0
==================
Observed 32806582 total fragments (32806582 in most recent round)

[2024-02-06 14:28:46.489] [jointLog] [info] Computed 266,546 rich equivalence classes for further processing
[2024-02-06 14:28:46.489] [jointLog] [info] Counted 24,394,483 total reads in the equivalence classes 
[2024-02-06 14:28:46.500] [jointLog] [info] Number of mappings discarded because of alignment score : 27,726,865
[2024-02-06 14:28:46.500] [jointLog] [info] Number of fragments entirely discarded because of alignment score : 1,754,277
[2024-02-06 14:28:46.500] [jointLog] [info] Number of fragments discarded because they are best-mapped to decoys : 0
[2024-02-06 14:28:46.500] [jointLog] [info] Number of fragments discarded because they have only dovetail (discordant) mappings to valid targets : 179,887
[2024-02-06 14:28:46.500] [jointLog] [info] Mapping rate = 74.3585%

[2024-02-06 14:28:46.500] [jointLog] [info] finished quantifyLibrary()
[2024-02-06 14:28:46.506] [jointLog] [info] Starting optimizer
[2024-02-06 14:28:46.596] [jointLog] [info] Marked 0 weighted equivalence classes as degenerate
[2024-02-06 14:28:46.606] [jointLog] [info] iteration = 0 | max rel diff. = 13605.1
[2024-02-06 14:28:46.709] [jointLog] [info] iteration 11, adjusting effective lengths to account for biases
[2024-02-06 14:29:05.861] [jointLog] [info] Computed expected counts (for bias correction)
[2024-02-06 14:29:05.861] [jointLog] [info] processed bias for 0.0% of the transcripts
[2024-02-06 14:29:07.882] [jointLog] [info] processed bias for 10.0% of the transcripts
[2024-02-06 14:29:09.907] [jointLog] [info] processed bias for 20.0% of the transcripts
[2024-02-06 14:29:11.876] [jointLog] [info] processed bias for 30.0% of the transcripts
[2024-02-06 14:29:13.920] [jointLog] [info] processed bias for 40.0% of the transcripts
[2024-02-06 14:29:16.034] [jointLog] [info] processed bias for 50.0% of the transcripts
[2024-02-06 14:29:17.797] [jointLog] [info] processed bias for 60.0% of the transcripts
[2024-02-06 14:29:19.070] [jointLog] [info] processed bias for 70.0% of the transcripts
[2024-02-06 14:29:21.118] [jointLog] [info] processed bias for 80.0% of the transcripts
[2024-02-06 14:29:22.874] [jointLog] [info] processed bias for 90.0% of the transcripts
[2024-02-06 14:29:24.931] [jointLog] [info] processed bias for 100.0% of the transcripts
[2024-02-06 14:29:26.018] [jointLog] [info] iteration = 100 | max rel diff. = 16.9402
[2024-02-06 14:29:27.225] [jointLog] [info] iteration = 200 | max rel diff. = 11.2393
[2024-02-06 14:29:28.422] [jointLog] [info] iteration = 300 | max rel diff. = 8.27038
[2024-02-06 14:29:29.602] [jointLog] [info] iteration = 400 | max rel diff. = 1.2696
[2024-02-06 14:29:30.781] [jointLog] [info] iteration = 500 | max rel diff. = 0.573907
[2024-02-06 14:29:31.968] [jointLog] [info] iteration = 600 | max rel diff. = 0.322477
[2024-02-06 14:29:33.159] [jointLog] [info] iteration = 700 | max rel diff. = 0.0692941
[2024-02-06 14:29:34.344] [jointLog] [info] iteration = 800 | max rel diff. = 0.386738
[2024-02-06 14:29:35.537] [jointLog] [info] iteration = 900 | max rel diff. = 0.100698
[2024-02-06 14:29:36.694] [jointLog] [info] iteration = 1,000 | max rel diff. = 0.244256
[2024-02-06 14:29:37.822] [jointLog] [info] iteration = 1,100 | max rel diff. = 0.120495
[2024-02-06 14:29:38.945] [jointLog] [info] iteration = 1,200 | max rel diff. = 0.090569
[2024-02-06 14:29:40.069] [jointLog] [info] iteration = 1,300 | max rel diff. = 0.282924
[2024-02-06 14:29:41.206] [jointLog] [info] iteration = 1,400 | max rel diff. = 0.0546497
[2024-02-06 14:29:41.431] [jointLog] [info] iteration = 1,421 | max rel diff. = 0.00935006
[2024-02-06 14:29:41.452] [jointLog] [info] Finished optimizer
[2024-02-06 14:29:41.452] [jointLog] [info] writing output 

