[2024-02-06 14:22:22.871] [jointLog] [info] setting maxHashResizeThreads to 8
[2024-02-06 14:22:22.871] [jointLog] [info] Fragment incompatibility prior below threshold.  Incompatible fragments will be ignored.
[2024-02-06 14:22:22.871] [jointLog] [info] Usage of --validateMappings implies use of minScoreFraction. Since not explicitly specified, it is being set to 0.65
[2024-02-06 14:22:22.871] [jointLog] [info] Setting consensusSlack to selective-alignment default of 0.35.
[2024-02-06 14:22:22.871] [jointLog] [info] parsing read library format
[2024-02-06 14:22:22.871] [jointLog] [info] There is 1 library.
[2024-02-06 14:22:22.874] [jointLog] [info] Loading pufferfish index
[2024-02-06 14:22:22.874] [jointLog] [info] Loading dense pufferfish index.
[2024-02-06 14:22:23.441] [jointLog] [info] done
[2024-02-06 14:22:23.586] [jointLog] [info] Index contained 86,774 targets
[2024-02-06 14:22:24.932] [jointLog] [info] Number of decoys : 0
[2024-02-06 14:22:25.403] [jointLog] [info] Automatically detected most likely library type as ISR

[2024-02-06 14:25:18.315] [jointLog] [info] Thread saw mini-batch with a maximum of 2.10% zero probability fragments
[2024-02-06 14:25:18.356] [jointLog] [info] Thread saw mini-batch with a maximum of 2.10% zero probability fragments
[2024-02-06 14:25:18.358] [jointLog] [info] Thread saw mini-batch with a maximum of 2.18% zero probability fragments
[2024-02-06 14:25:18.360] [jointLog] [info] Thread saw mini-batch with a maximum of 2.00% zero probability fragments
[2024-02-06 14:25:18.370] [jointLog] [info] Thread saw mini-batch with a maximum of 2.00% zero probability fragments
[2024-02-06 14:25:18.398] [jointLog] [info] Thread saw mini-batch with a maximum of 2.04% zero probability fragments
[2024-02-06 14:25:18.410] [jointLog] [info] Thread saw mini-batch with a maximum of 2.16% zero probability fragments
[2024-02-06 14:25:18.438] [jointLog] [info] Thread saw mini-batch with a maximum of 2.38% zero probability fragments
[2024-02-06 14:25:18.817] [jointLog] [info] Computed 260,567 rich equivalence classes for further processing
[2024-02-06 14:25:18.817] [jointLog] [info] Counted 29,704,535 total reads in the equivalence classes 
[2024-02-06 14:25:18.822] [jointLog] [info] Number of mappings discarded because of alignment score : 38,350,160
[2024-02-06 14:25:18.822] [jointLog] [info] Number of fragments entirely discarded because of alignment score : 1,804,872
[2024-02-06 14:25:18.822] [jointLog] [info] Number of fragments discarded because they are best-mapped to decoys : 0
[2024-02-06 14:25:18.822] [jointLog] [info] Number of fragments discarded because they have only dovetail (discordant) mappings to valid targets : 217,774
[2024-02-06 14:25:18.822] [jointLog] [info] Mapping rate = 72.0478%

[2024-02-06 14:25:18.822] [jointLog] [info] finished quantifyLibrary()
[2024-02-06 14:25:18.828] [jointLog] [info] Starting optimizer
[2024-02-06 14:25:18.911] [jointLog] [info] Marked 0 weighted equivalence classes as degenerate
[2024-02-06 14:25:18.926] [jointLog] [info] iteration = 0 | max rel diff. = 13876.4
[2024-02-06 14:25:19.050] [jointLog] [info] iteration 11, adjusting effective lengths to account for biases
[2024-02-06 14:25:18.818] [fileLog] [info] 
At end of round 0
==================
Observed 41228913 total fragments (41228913 in most recent round)

[2024-02-06 14:25:41.939] [jointLog] [info] Computed expected counts (for bias correction)
[2024-02-06 14:25:41.939] [jointLog] [info] processed bias for 0.0% of the transcripts
[2024-02-06 14:25:44.327] [jointLog] [info] processed bias for 10.0% of the transcripts
[2024-02-06 14:25:46.802] [jointLog] [info] processed bias for 20.0% of the transcripts
[2024-02-06 14:25:49.234] [jointLog] [info] processed bias for 30.0% of the transcripts
[2024-02-06 14:25:51.698] [jointLog] [info] processed bias for 40.0% of the transcripts
[2024-02-06 14:25:54.117] [jointLog] [info] processed bias for 50.0% of the transcripts
[2024-02-06 14:25:56.636] [jointLog] [info] processed bias for 60.0% of the transcripts
[2024-02-06 14:25:59.130] [jointLog] [info] processed bias for 70.0% of the transcripts
[2024-02-06 14:26:00.786] [jointLog] [info] processed bias for 80.0% of the transcripts
[2024-02-06 14:26:02.393] [jointLog] [info] processed bias for 90.0% of the transcripts
[2024-02-06 14:26:04.685] [jointLog] [info] processed bias for 100.0% of the transcripts
[2024-02-06 14:26:05.658] [jointLog] [info] iteration = 100 | max rel diff. = 20.4494
[2024-02-06 14:26:06.726] [jointLog] [info] iteration = 200 | max rel diff. = 14.2572
[2024-02-06 14:26:07.784] [jointLog] [info] iteration = 300 | max rel diff. = 1.38852
[2024-02-06 14:26:08.819] [jointLog] [info] iteration = 400 | max rel diff. = 2.37704
[2024-02-06 14:26:09.848] [jointLog] [info] iteration = 500 | max rel diff. = 0.530065
[2024-02-06 14:26:10.876] [jointLog] [info] iteration = 600 | max rel diff. = 0.263675
[2024-02-06 14:26:11.899] [jointLog] [info] iteration = 700 | max rel diff. = 0.0924461
[2024-02-06 14:26:13.004] [jointLog] [info] iteration = 800 | max rel diff. = 2.2104
[2024-02-06 14:26:14.083] [jointLog] [info] iteration = 900 | max rel diff. = 0.0929988
[2024-02-06 14:26:15.175] [jointLog] [info] iteration = 1,000 | max rel diff. = 0.10861
[2024-02-06 14:26:16.262] [jointLog] [info] iteration = 1,100 | max rel diff. = 0.0449569
[2024-02-06 14:26:17.336] [jointLog] [info] iteration = 1,200 | max rel diff. = 0.643861
[2024-02-06 14:26:18.415] [jointLog] [info] iteration = 1,300 | max rel diff. = 0.108363
[2024-02-06 14:26:19.488] [jointLog] [info] iteration = 1,400 | max rel diff. = 5.22434
[2024-02-06 14:26:19.840] [jointLog] [info] iteration = 1,433 | max rel diff. = 0.0055153
[2024-02-06 14:26:19.860] [jointLog] [info] Finished optimizer
[2024-02-06 14:26:19.860] [jointLog] [info] writing output 

