[2024-02-06 14:13:50.583] [jointLog] [info] setting maxHashResizeThreads to 8
[2024-02-06 14:13:50.583] [jointLog] [info] Fragment incompatibility prior below threshold.  Incompatible fragments will be ignored.
[2024-02-06 14:13:50.583] [jointLog] [info] Usage of --validateMappings implies use of minScoreFraction. Since not explicitly specified, it is being set to 0.65
[2024-02-06 14:13:50.583] [jointLog] [info] Setting consensusSlack to selective-alignment default of 0.35.
[2024-02-06 14:13:50.583] [jointLog] [info] parsing read library format
[2024-02-06 14:13:50.583] [jointLog] [info] There is 1 library.
[2024-02-06 14:13:50.585] [jointLog] [info] Loading pufferfish index
[2024-02-06 14:13:50.586] [jointLog] [info] Loading dense pufferfish index.
[2024-02-06 14:14:00.668] [jointLog] [info] done
[2024-02-06 14:14:00.746] [jointLog] [info] Index contained 86,774 targets
[2024-02-06 14:14:01.796] [jointLog] [info] Number of decoys : 0
[2024-02-06 14:14:02.316] [jointLog] [info] Automatically detected most likely library type as ISR

[2024-02-06 14:16:44.126] [jointLog] [info] Thread saw mini-batch with a maximum of 1.38% zero probability fragments
[2024-02-06 14:16:44.155] [jointLog] [info] Thread saw mini-batch with a maximum of 1.36% zero probability fragments
[2024-02-06 14:16:44.190] [jointLog] [info] Thread saw mini-batch with a maximum of 1.32% zero probability fragments
[2024-02-06 14:16:44.248] [jointLog] [info] Thread saw mini-batch with a maximum of 1.30% zero probability fragments
[2024-02-06 14:16:44.265] [jointLog] [info] Thread saw mini-batch with a maximum of 1.32% zero probability fragments
[2024-02-06 14:16:44.270] [jointLog] [info] Thread saw mini-batch with a maximum of 1.30% zero probability fragments
[2024-02-06 14:16:44.289] [jointLog] [info] Thread saw mini-batch with a maximum of 1.46% zero probability fragments
[2024-02-06 14:16:44.383] [jointLog] [info] Thread saw mini-batch with a maximum of 1.26% zero probability fragments
[2024-02-06 14:16:44.632] [jointLog] [info] Computed 226,905 rich equivalence classes for further processing
[2024-02-06 14:16:44.632] [jointLog] [info] Counted 19,709,789 total reads in the equivalence classes 
[2024-02-06 14:16:44.637] [jointLog] [info] Number of mappings discarded because of alignment score : 39,381,376
[2024-02-06 14:16:44.637] [jointLog] [info] Number of fragments entirely discarded because of alignment score : 1,785,782
[2024-02-06 14:16:44.637] [jointLog] [info] Number of fragments discarded because they are best-mapped to decoys : 0
[2024-02-06 14:16:44.637] [jointLog] [info] Number of fragments discarded because they have only dovetail (discordant) mappings to valid targets : 170,316
[2024-02-06 14:16:44.637] [jointLog] [info] Mapping rate = 67.8178%

[2024-02-06 14:16:44.637] [jointLog] [info] finished quantifyLibrary()
[2024-02-06 14:16:44.643] [jointLog] [info] Starting optimizer
[2024-02-06 14:16:44.723] [jointLog] [info] Marked 0 weighted equivalence classes as degenerate
[2024-02-06 14:16:44.733] [jointLog] [info] iteration = 0 | max rel diff. = 13728.1
[2024-02-06 14:16:44.633] [fileLog] [info] 
At end of round 0
==================
Observed 29062875 total fragments (29062875 in most recent round)

[2024-02-06 14:16:44.827] [jointLog] [info] iteration 11, adjusting effective lengths to account for biases
[2024-02-06 14:17:04.847] [jointLog] [info] Computed expected counts (for bias correction)
[2024-02-06 14:17:04.848] [jointLog] [info] processed bias for 0.0% of the transcripts
[2024-02-06 14:17:06.951] [jointLog] [info] processed bias for 10.0% of the transcripts
[2024-02-06 14:17:09.179] [jointLog] [info] processed bias for 20.0% of the transcripts
[2024-02-06 14:17:11.311] [jointLog] [info] processed bias for 30.0% of the transcripts
[2024-02-06 14:17:13.410] [jointLog] [info] processed bias for 40.0% of the transcripts
[2024-02-06 14:17:15.538] [jointLog] [info] processed bias for 50.0% of the transcripts
[2024-02-06 14:17:17.732] [jointLog] [info] processed bias for 60.0% of the transcripts
[2024-02-06 14:17:19.941] [jointLog] [info] processed bias for 70.0% of the transcripts
[2024-02-06 14:17:22.101] [jointLog] [info] processed bias for 80.0% of the transcripts
[2024-02-06 14:17:23.347] [jointLog] [info] processed bias for 90.0% of the transcripts
[2024-02-06 14:17:24.938] [jointLog] [info] processed bias for 100.0% of the transcripts
[2024-02-06 14:17:24.948] [jointLog] [info] processed bias for 100.0% of the transcripts
[2024-02-06 14:17:25.929] [jointLog] [info] iteration = 100 | max rel diff. = 16.7994
[2024-02-06 14:17:27.005] [jointLog] [info] iteration = 200 | max rel diff. = 1.14854
[2024-02-06 14:17:28.076] [jointLog] [info] iteration = 300 | max rel diff. = 0.475729
[2024-02-06 14:17:29.154] [jointLog] [info] iteration = 400 | max rel diff. = 2.36934
[2024-02-06 14:17:30.226] [jointLog] [info] iteration = 500 | max rel diff. = 0.67875
[2024-02-06 14:17:31.296] [jointLog] [info] iteration = 600 | max rel diff. = 0.267276
[2024-02-06 14:17:32.364] [jointLog] [info] iteration = 700 | max rel diff. = 0.110206
[2024-02-06 14:17:33.439] [jointLog] [info] iteration = 800 | max rel diff. = 0.0827067
[2024-02-06 14:17:34.514] [jointLog] [info] iteration = 900 | max rel diff. = 0.0368282
[2024-02-06 14:17:35.579] [jointLog] [info] iteration = 1,000 | max rel diff. = 0.120944
[2024-02-06 14:17:36.634] [jointLog] [info] iteration = 1,100 | max rel diff. = 0.0330328
[2024-02-06 14:17:37.644] [jointLog] [info] iteration = 1,200 | max rel diff. = 0.0900004
[2024-02-06 14:17:38.647] [jointLog] [info] iteration = 1,300 | max rel diff. = 0.105011
[2024-02-06 14:17:39.652] [jointLog] [info] iteration = 1,400 | max rel diff. = 0.0859703
[2024-02-06 14:17:40.655] [jointLog] [info] iteration = 1,500 | max rel diff. = 0.02853
[2024-02-06 14:17:41.587] [jointLog] [info] iteration = 1,600 | max rel diff. = 0.0217164
[2024-02-06 14:17:42.578] [jointLog] [info] iteration = 1,700 | max rel diff. = 0.0515715
[2024-02-06 14:17:43.583] [jointLog] [info] iteration = 1,800 | max rel diff. = 3.51286
[2024-02-06 14:17:43.593] [jointLog] [info] iteration = 1,802 | max rel diff. = 0.00488125
[2024-02-06 14:17:43.615] [jointLog] [info] Finished optimizer
[2024-02-06 14:17:43.615] [jointLog] [info] writing output 

