[2024-02-06 14:17:41.546] [jointLog] [info] setting maxHashResizeThreads to 8
[2024-02-06 14:17:41.546] [jointLog] [info] Fragment incompatibility prior below threshold.  Incompatible fragments will be ignored.
[2024-02-06 14:17:41.546] [jointLog] [info] Usage of --validateMappings implies use of minScoreFraction. Since not explicitly specified, it is being set to 0.65
[2024-02-06 14:17:41.547] [jointLog] [info] Setting consensusSlack to selective-alignment default of 0.35.
[2024-02-06 14:17:41.547] [jointLog] [info] parsing read library format
[2024-02-06 14:17:41.547] [jointLog] [info] There is 1 library.
[2024-02-06 14:17:41.549] [jointLog] [info] Loading pufferfish index
[2024-02-06 14:17:41.549] [jointLog] [info] Loading dense pufferfish index.
[2024-02-06 14:17:41.984] [jointLog] [info] done
[2024-02-06 14:17:42.061] [jointLog] [info] Index contained 86,774 targets
[2024-02-06 14:17:43.098] [jointLog] [info] Number of decoys : 0
[2024-02-06 14:17:43.788] [jointLog] [info] Automatically detected most likely library type as ISR

[2024-02-06 14:20:13.239] [jointLog] [info] Thread saw mini-batch with a maximum of 1.22% zero probability fragments
[2024-02-06 14:20:13.262] [jointLog] [info] Thread saw mini-batch with a maximum of 1.14% zero probability fragments
[2024-02-06 14:20:13.296] [jointLog] [info] Thread saw mini-batch with a maximum of 1.20% zero probability fragments
[2024-02-06 14:20:13.300] [jointLog] [info] Thread saw mini-batch with a maximum of 1.24% zero probability fragments
[2024-02-06 14:20:13.303] [jointLog] [info] Thread saw mini-batch with a maximum of 1.32% zero probability fragments
[2024-02-06 14:20:13.318] [jointLog] [info] Thread saw mini-batch with a maximum of 1.20% zero probability fragments
[2024-02-06 14:20:13.389] [jointLog] [info] Thread saw mini-batch with a maximum of 1.34% zero probability fragments
[2024-02-06 14:20:13.420] [jointLog] [info] Thread saw mini-batch with a maximum of 1.20% zero probability fragments
[2024-02-06 14:20:13.627] [jointLog] [info] Computed 204,937 rich equivalence classes for further processing
[2024-02-06 14:20:13.627] [jointLog] [info] Counted 16,104,902 total reads in the equivalence classes 
[2024-02-06 14:20:13.631] [jointLog] [info] Number of mappings discarded because of alignment score : 34,632,351
[2024-02-06 14:20:13.631] [jointLog] [info] Number of fragments entirely discarded because of alignment score : 1,530,379
[2024-02-06 14:20:13.631] [jointLog] [info] Number of fragments discarded because they are best-mapped to decoys : 0
[2024-02-06 14:20:13.631] [jointLog] [info] Number of fragments discarded because they have only dovetail (discordant) mappings to valid targets : 142,735
[2024-02-06 14:20:13.631] [jointLog] [info] Mapping rate = 63.8632%

[2024-02-06 14:20:13.631] [jointLog] [info] finished quantifyLibrary()
[2024-02-06 14:20:13.637] [jointLog] [info] Starting optimizer
[2024-02-06 14:20:13.627] [fileLog] [info] 
At end of round 0
==================
Observed 25217817 total fragments (25217817 in most recent round)

[2024-02-06 14:20:16.050] [jointLog] [info] Marked 0 weighted equivalence classes as degenerate
[2024-02-06 14:20:16.060] [jointLog] [info] iteration = 0 | max rel diff. = 11653.8
[2024-02-06 14:20:16.159] [jointLog] [info] iteration 11, adjusting effective lengths to account for biases
[2024-02-06 14:20:34.594] [jointLog] [info] Computed expected counts (for bias correction)
[2024-02-06 14:20:34.594] [jointLog] [info] processed bias for 0.0% of the transcripts
[2024-02-06 14:20:36.535] [jointLog] [info] processed bias for 10.0% of the transcripts
[2024-02-06 14:20:38.667] [jointLog] [info] processed bias for 20.0% of the transcripts
[2024-02-06 14:20:40.673] [jointLog] [info] processed bias for 30.0% of the transcripts
[2024-02-06 14:20:42.447] [jointLog] [info] processed bias for 40.0% of the transcripts
[2024-02-06 14:20:43.274] [jointLog] [info] processed bias for 50.0% of the transcripts
[2024-02-06 14:20:45.090] [jointLog] [info] processed bias for 60.0% of the transcripts
[2024-02-06 14:20:47.127] [jointLog] [info] processed bias for 70.0% of the transcripts
[2024-02-06 14:20:49.166] [jointLog] [info] processed bias for 80.0% of the transcripts
[2024-02-06 14:20:51.197] [jointLog] [info] processed bias for 90.0% of the transcripts
[2024-02-06 14:20:53.256] [jointLog] [info] processed bias for 100.0% of the transcripts
[2024-02-06 14:20:53.257] [jointLog] [info] processed bias for 100.0% of the transcripts
[2024-02-06 14:20:54.050] [jointLog] [info] iteration = 100 | max rel diff. = 19.0034
[2024-02-06 14:20:54.920] [jointLog] [info] iteration = 200 | max rel diff. = 10.6309
[2024-02-06 14:20:55.786] [jointLog] [info] iteration = 300 | max rel diff. = 0.708373
[2024-02-06 14:20:56.659] [jointLog] [info] iteration = 400 | max rel diff. = 0.546655
[2024-02-06 14:20:57.536] [jointLog] [info] iteration = 500 | max rel diff. = 0.21582
[2024-02-06 14:20:58.412] [jointLog] [info] iteration = 600 | max rel diff. = 1.59441
[2024-02-06 14:20:59.288] [jointLog] [info] iteration = 700 | max rel diff. = 2.10913
[2024-02-06 14:21:00.209] [jointLog] [info] iteration = 800 | max rel diff. = 3.12643
[2024-02-06 14:21:01.148] [jointLog] [info] iteration = 900 | max rel diff. = 0.251043
[2024-02-06 14:21:02.043] [jointLog] [info] iteration = 1,000 | max rel diff. = 0.0898387
[2024-02-06 14:21:02.923] [jointLog] [info] iteration = 1,100 | max rel diff. = 0.904695
[2024-02-06 14:21:03.799] [jointLog] [info] iteration = 1,200 | max rel diff. = 0.0444348
[2024-02-06 14:21:04.661] [jointLog] [info] iteration = 1,300 | max rel diff. = 0.165947
[2024-02-06 14:21:05.479] [jointLog] [info] iteration = 1,400 | max rel diff. = 0.416889
[2024-02-06 14:21:05.512] [jointLog] [info] iteration = 1,405 | max rel diff. = 0.00608194
[2024-02-06 14:21:05.531] [jointLog] [info] Finished optimizer
[2024-02-06 14:21:05.531] [jointLog] [info] writing output 

