[2024-02-06 14:34:40.026] [jointLog] [info] setting maxHashResizeThreads to 8
[2024-02-06 14:34:40.026] [jointLog] [info] Fragment incompatibility prior below threshold.  Incompatible fragments will be ignored.
[2024-02-06 14:34:40.026] [jointLog] [info] Usage of --validateMappings implies use of minScoreFraction. Since not explicitly specified, it is being set to 0.65
[2024-02-06 14:34:40.026] [jointLog] [info] Setting consensusSlack to selective-alignment default of 0.35.
[2024-02-06 14:34:40.026] [jointLog] [info] parsing read library format
[2024-02-06 14:34:40.026] [jointLog] [info] There is 1 library.
[2024-02-06 14:34:40.027] [jointLog] [info] Loading pufferfish index
[2024-02-06 14:34:40.028] [jointLog] [info] Loading dense pufferfish index.
[2024-02-06 14:34:40.475] [jointLog] [info] done
[2024-02-06 14:34:40.548] [jointLog] [info] Index contained 86,774 targets
[2024-02-06 14:34:41.614] [jointLog] [info] Number of decoys : 0
[2024-02-06 14:34:42.685] [jointLog] [info] Automatically detected most likely library type as ISR

[2024-02-06 14:37:38.100] [jointLog] [info] Thread saw mini-batch with a maximum of 3.86% zero probability fragments
[2024-02-06 14:37:38.106] [jointLog] [info] Thread saw mini-batch with a maximum of 3.82% zero probability fragments
[2024-02-06 14:37:38.179] [jointLog] [info] Thread saw mini-batch with a maximum of 4.00% zero probability fragments
[2024-02-06 14:37:38.184] [jointLog] [info] Thread saw mini-batch with a maximum of 3.80% zero probability fragments
[2024-02-06 14:37:38.200] [jointLog] [info] Thread saw mini-batch with a maximum of 3.92% zero probability fragments
[2024-02-06 14:37:38.218] [jointLog] [info] Thread saw mini-batch with a maximum of 4.18% zero probability fragments
[2024-02-06 14:37:38.223] [jointLog] [info] Thread saw mini-batch with a maximum of 3.88% zero probability fragments
[2024-02-06 14:37:38.250] [jointLog] [info] Thread saw mini-batch with a maximum of 3.84% zero probability fragments
[2024-02-06 14:37:38.544] [jointLog] [info] Computed 232,465 rich equivalence classes for further processing
[2024-02-06 14:37:38.544] [jointLog] [info] Counted 28,278,162 total reads in the equivalence classes 
[2024-02-06 14:37:38.549] [jointLog] [info] Number of mappings discarded because of alignment score : 37,740,077
[2024-02-06 14:37:38.549] [jointLog] [info] Number of fragments entirely discarded because of alignment score : 1,972,370
[2024-02-06 14:37:38.549] [jointLog] [info] Number of fragments discarded because they are best-mapped to decoys : 0
[2024-02-06 14:37:38.549] [jointLog] [info] Number of fragments discarded because they have only dovetail (discordant) mappings to valid targets : 248,077
[2024-02-06 14:37:38.549] [jointLog] [info] Mapping rate = 71.5437%

[2024-02-06 14:37:38.549] [jointLog] [info] finished quantifyLibrary()
[2024-02-06 14:37:38.554] [jointLog] [info] Starting optimizer
[2024-02-06 14:37:38.636] [jointLog] [info] Marked 0 weighted equivalence classes as degenerate
[2024-02-06 14:37:38.648] [jointLog] [info] iteration = 0 | max rel diff. = 14072
[2024-02-06 14:37:38.758] [jointLog] [info] iteration 11, adjusting effective lengths to account for biases
[2024-02-06 14:37:38.544] [fileLog] [info] 
At end of round 0
==================
Observed 39525711 total fragments (39525711 in most recent round)

[2024-02-06 14:37:56.686] [jointLog] [info] Computed expected counts (for bias correction)
[2024-02-06 14:37:56.686] [jointLog] [info] processed bias for 0.0% of the transcripts
[2024-02-06 14:37:58.522] [jointLog] [info] processed bias for 10.0% of the transcripts
[2024-02-06 14:38:00.501] [jointLog] [info] processed bias for 20.0% of the transcripts
[2024-02-06 14:38:02.327] [jointLog] [info] processed bias for 30.0% of the transcripts
[2024-02-06 14:38:04.173] [jointLog] [info] processed bias for 40.0% of the transcripts
[2024-02-06 14:38:06.026] [jointLog] [info] processed bias for 50.0% of the transcripts
[2024-02-06 14:38:07.977] [jointLog] [info] processed bias for 60.0% of the transcripts
[2024-02-06 14:38:09.905] [jointLog] [info] processed bias for 70.0% of the transcripts
[2024-02-06 14:38:11.350] [jointLog] [info] processed bias for 80.0% of the transcripts
[2024-02-06 14:38:12.506] [jointLog] [info] processed bias for 90.0% of the transcripts
[2024-02-06 14:38:14.334] [jointLog] [info] processed bias for 100.0% of the transcripts
[2024-02-06 14:38:15.273] [jointLog] [info] iteration = 100 | max rel diff. = 17.4071
[2024-02-06 14:38:16.311] [jointLog] [info] iteration = 200 | max rel diff. = 3.00291
[2024-02-06 14:38:17.342] [jointLog] [info] iteration = 300 | max rel diff. = 2.2643
[2024-02-06 14:38:18.365] [jointLog] [info] iteration = 400 | max rel diff. = 1.56621
[2024-02-06 14:38:19.346] [jointLog] [info] iteration = 500 | max rel diff. = 0.634907
[2024-02-06 14:38:20.326] [jointLog] [info] iteration = 600 | max rel diff. = 0.722768
[2024-02-06 14:38:21.302] [jointLog] [info] iteration = 700 | max rel diff. = 0.037452
[2024-02-06 14:38:22.280] [jointLog] [info] iteration = 800 | max rel diff. = 4.05208
[2024-02-06 14:38:23.258] [jointLog] [info] iteration = 900 | max rel diff. = 1.63714
[2024-02-06 14:38:24.232] [jointLog] [info] iteration = 1,000 | max rel diff. = 0.0688568
[2024-02-06 14:38:25.203] [jointLog] [info] iteration = 1,100 | max rel diff. = 2.34107
[2024-02-06 14:38:26.178] [jointLog] [info] iteration = 1,200 | max rel diff. = 0.283614
[2024-02-06 14:38:27.154] [jointLog] [info] iteration = 1,300 | max rel diff. = 0.259753
[2024-02-06 14:38:28.126] [jointLog] [info] iteration = 1,400 | max rel diff. = 0.0610928
[2024-02-06 14:38:28.935] [jointLog] [info] iteration = 1,484 | max rel diff. = 0.00930552
[2024-02-06 14:38:28.956] [jointLog] [info] Finished optimizer
[2024-02-06 14:38:28.956] [jointLog] [info] writing output 

