[2024-02-06 14:26:00.105] [jointLog] [info] setting maxHashResizeThreads to 8
[2024-02-06 14:26:00.105] [jointLog] [info] Fragment incompatibility prior below threshold.  Incompatible fragments will be ignored.
[2024-02-06 14:26:00.105] [jointLog] [info] Usage of --validateMappings implies use of minScoreFraction. Since not explicitly specified, it is being set to 0.65
[2024-02-06 14:26:00.105] [jointLog] [info] Setting consensusSlack to selective-alignment default of 0.35.
[2024-02-06 14:26:00.105] [jointLog] [info] parsing read library format
[2024-02-06 14:26:00.105] [jointLog] [info] There is 1 library.
[2024-02-06 14:26:00.107] [jointLog] [info] Loading pufferfish index
[2024-02-06 14:26:00.107] [jointLog] [info] Loading dense pufferfish index.
[2024-02-06 14:26:00.553] [jointLog] [info] done
[2024-02-06 14:26:00.628] [jointLog] [info] Index contained 86,774 targets
[2024-02-06 14:26:01.691] [jointLog] [info] Number of decoys : 0
[2024-02-06 14:26:02.260] [jointLog] [info] Automatically detected most likely library type as ISR

[2024-02-06 14:28:37.473] [jointLog] [info] Thread saw mini-batch with a maximum of 1.36% zero probability fragments
[2024-02-06 14:28:37.505] [jointLog] [info] Thread saw mini-batch with a maximum of 1.38% zero probability fragments
[2024-02-06 14:28:37.551] [jointLog] [info] Thread saw mini-batch with a maximum of 1.42% zero probability fragments
[2024-02-06 14:28:37.569] [jointLog] [info] Thread saw mini-batch with a maximum of 1.34% zero probability fragments
[2024-02-06 14:28:37.580] [jointLog] [info] Thread saw mini-batch with a maximum of 1.44% zero probability fragments
[2024-02-06 14:28:37.584] [jointLog] [info] Thread saw mini-batch with a maximum of 1.48% zero probability fragments
[2024-02-06 14:28:37.624] [jointLog] [info] Thread saw mini-batch with a maximum of 1.36% zero probability fragments
[2024-02-06 14:28:37.660] [jointLog] [info] Thread saw mini-batch with a maximum of 1.36% zero probability fragments
[2024-02-06 14:28:37.937] [jointLog] [info] Computed 233,400 rich equivalence classes for further processing
[2024-02-06 14:28:37.937] [jointLog] [info] Counted 18,483,983 total reads in the equivalence classes 
[2024-02-06 14:28:37.941] [jointLog] [info] Number of mappings discarded because of alignment score : 32,670,489
[2024-02-06 14:28:37.941] [jointLog] [info] Number of fragments entirely discarded because of alignment score : 1,740,608
[2024-02-06 14:28:37.941] [jointLog] [info] Number of fragments discarded because they are best-mapped to decoys : 0
[2024-02-06 14:28:37.941] [jointLog] [info] Number of fragments discarded because they have only dovetail (discordant) mappings to valid targets : 162,491
[2024-02-06 14:28:37.941] [jointLog] [info] Mapping rate = 66.7878%

[2024-02-06 14:28:37.941] [jointLog] [info] finished quantifyLibrary()
[2024-02-06 14:28:37.951] [jointLog] [info] Starting optimizer
[2024-02-06 14:28:38.046] [jointLog] [info] Marked 0 weighted equivalence classes as degenerate
[2024-02-06 14:28:38.057] [jointLog] [info] iteration = 0 | max rel diff. = 13176
[2024-02-06 14:28:38.167] [jointLog] [info] iteration 11, adjusting effective lengths to account for biases
[2024-02-06 14:28:37.937] [fileLog] [info] 
At end of round 0
==================
Observed 27675708 total fragments (27675708 in most recent round)

[2024-02-06 14:28:57.055] [jointLog] [info] Computed expected counts (for bias correction)
[2024-02-06 14:28:57.055] [jointLog] [info] processed bias for 0.0% of the transcripts
[2024-02-06 14:28:58.989] [jointLog] [info] processed bias for 10.0% of the transcripts
[2024-02-06 14:29:01.151] [jointLog] [info] processed bias for 20.0% of the transcripts
[2024-02-06 14:29:03.167] [jointLog] [info] processed bias for 30.0% of the transcripts
[2024-02-06 14:29:05.150] [jointLog] [info] processed bias for 40.0% of the transcripts
[2024-02-06 14:29:07.112] [jointLog] [info] processed bias for 50.0% of the transcripts
[2024-02-06 14:29:09.222] [jointLog] [info] processed bias for 60.0% of the transcripts
[2024-02-06 14:29:11.306] [jointLog] [info] processed bias for 70.0% of the transcripts
[2024-02-06 14:29:12.826] [jointLog] [info] processed bias for 80.0% of the transcripts
[2024-02-06 14:29:14.057] [jointLog] [info] processed bias for 90.0% of the transcripts
[2024-02-06 14:29:16.049] [jointLog] [info] processed bias for 100.0% of the transcripts
[2024-02-06 14:29:17.033] [jointLog] [info] iteration = 100 | max rel diff. = 4.78616
[2024-02-06 14:29:18.127] [jointLog] [info] iteration = 200 | max rel diff. = 5.94126
[2024-02-06 14:29:19.224] [jointLog] [info] iteration = 300 | max rel diff. = 0.295456
[2024-02-06 14:29:20.316] [jointLog] [info] iteration = 400 | max rel diff. = 1.79616
[2024-02-06 14:29:21.408] [jointLog] [info] iteration = 500 | max rel diff. = 1.2263
[2024-02-06 14:29:22.487] [jointLog] [info] iteration = 600 | max rel diff. = 0.326079
[2024-02-06 14:29:23.569] [jointLog] [info] iteration = 700 | max rel diff. = 0.0811143
[2024-02-06 14:29:24.650] [jointLog] [info] iteration = 800 | max rel diff. = 0.0897512
[2024-02-06 14:29:25.769] [jointLog] [info] iteration = 900 | max rel diff. = 0.171044
[2024-02-06 14:29:26.872] [jointLog] [info] iteration = 1,000 | max rel diff. = 0.334277
[2024-02-06 14:29:27.983] [jointLog] [info] iteration = 1,100 | max rel diff. = 0.0279216
[2024-02-06 14:29:29.083] [jointLog] [info] iteration = 1,200 | max rel diff. = 0.0411232
[2024-02-06 14:29:30.189] [jointLog] [info] iteration = 1,300 | max rel diff. = 0.269889
[2024-02-06 14:29:31.298] [jointLog] [info] iteration = 1,400 | max rel diff. = 0.0231453
[2024-02-06 14:29:32.399] [jointLog] [info] iteration = 1,500 | max rel diff. = 0.137183
[2024-02-06 14:29:33.508] [jointLog] [info] iteration = 1,600 | max rel diff. = 0.111932
[2024-02-06 14:29:34.615] [jointLog] [info] iteration = 1,700 | max rel diff. = 2.26383
[2024-02-06 14:29:34.945] [jointLog] [info] iteration = 1,731 | max rel diff. = 0.00765892
[2024-02-06 14:29:34.967] [jointLog] [info] Finished optimizer
[2024-02-06 14:29:34.967] [jointLog] [info] writing output 

