[2024-02-06 14:30:32.164] [jointLog] [info] setting maxHashResizeThreads to 8
[2024-02-06 14:30:32.164] [jointLog] [info] Fragment incompatibility prior below threshold.  Incompatible fragments will be ignored.
[2024-02-06 14:30:32.164] [jointLog] [info] Usage of --validateMappings implies use of minScoreFraction. Since not explicitly specified, it is being set to 0.65
[2024-02-06 14:30:32.164] [jointLog] [info] Setting consensusSlack to selective-alignment default of 0.35.
[2024-02-06 14:30:32.164] [jointLog] [info] parsing read library format
[2024-02-06 14:30:32.165] [jointLog] [info] There is 1 library.
[2024-02-06 14:30:32.166] [jointLog] [info] Loading pufferfish index
[2024-02-06 14:30:32.167] [jointLog] [info] Loading dense pufferfish index.
[2024-02-06 14:30:32.659] [jointLog] [info] done
[2024-02-06 14:30:32.757] [jointLog] [info] Index contained 86,774 targets
[2024-02-06 14:30:34.122] [jointLog] [info] Number of decoys : 0
[2024-02-06 14:30:34.657] [jointLog] [info] Automatically detected most likely library type as ISR

[2024-02-06 14:33:14.925] [jointLog] [info] Thread saw mini-batch with a maximum of 2.64% zero probability fragments
[2024-02-06 14:33:14.937] [jointLog] [info] Thread saw mini-batch with a maximum of 2.70% zero probability fragments
[2024-02-06 14:33:14.937] [jointLog] [info] Thread saw mini-batch with a maximum of 2.58% zero probability fragments
[2024-02-06 14:33:14.939] [jointLog] [info] Thread saw mini-batch with a maximum of 2.80% zero probability fragments
[2024-02-06 14:33:14.977] [jointLog] [info] Thread saw mini-batch with a maximum of 2.72% zero probability fragments
[2024-02-06 14:33:15.020] [jointLog] [info] Thread saw mini-batch with a maximum of 2.72% zero probability fragments
[2024-02-06 14:33:15.059] [jointLog] [info] Thread saw mini-batch with a maximum of 2.60% zero probability fragments
[2024-02-06 14:33:15.082] [jointLog] [info] Thread saw mini-batch with a maximum of 2.70% zero probability fragments
[2024-02-06 14:33:15.489] [jointLog] [info] Computed 188,957 rich equivalence classes for further processing
[2024-02-06 14:33:15.489] [jointLog] [info] Counted 20,231,950 total reads in the equivalence classes 
[2024-02-06 14:33:15.500] [jointLog] [info] Number of mappings discarded because of alignment score : 43,681,540
[2024-02-06 14:33:15.500] [jointLog] [info] Number of fragments entirely discarded because of alignment score : 1,627,121
[2024-02-06 14:33:15.500] [jointLog] [info] Number of fragments discarded because they are best-mapped to decoys : 0
[2024-02-06 14:33:15.500] [jointLog] [info] Number of fragments discarded because they have only dovetail (discordant) mappings to valid targets : 247,025
[2024-02-06 14:33:15.500] [jointLog] [info] Mapping rate = 69.786%

[2024-02-06 14:33:15.500] [jointLog] [info] finished quantifyLibrary()
[2024-02-06 14:33:15.504] [jointLog] [info] Starting optimizer
[2024-02-06 14:33:15.590] [jointLog] [info] Marked 0 weighted equivalence classes as degenerate
[2024-02-06 14:33:15.604] [jointLog] [info] iteration = 0 | max rel diff. = 11985
[2024-02-06 14:33:15.720] [jointLog] [info] iteration 11, adjusting effective lengths to account for biases
[2024-02-06 14:33:15.490] [fileLog] [info] 
At end of round 0
==================
Observed 28991419 total fragments (28991419 in most recent round)

[2024-02-06 14:33:33.861] [jointLog] [info] Computed expected counts (for bias correction)
[2024-02-06 14:33:33.861] [jointLog] [info] processed bias for 0.0% of the transcripts
[2024-02-06 14:33:35.750] [jointLog] [info] processed bias for 10.0% of the transcripts
[2024-02-06 14:33:37.737] [jointLog] [info] processed bias for 20.0% of the transcripts
[2024-02-06 14:33:39.704] [jointLog] [info] processed bias for 30.0% of the transcripts
[2024-02-06 14:33:41.481] [jointLog] [info] processed bias for 40.0% of the transcripts
[2024-02-06 14:33:42.328] [jointLog] [info] processed bias for 50.0% of the transcripts
[2024-02-06 14:33:44.132] [jointLog] [info] processed bias for 60.0% of the transcripts
[2024-02-06 14:33:46.039] [jointLog] [info] processed bias for 70.0% of the transcripts
[2024-02-06 14:33:48.001] [jointLog] [info] processed bias for 80.0% of the transcripts
[2024-02-06 14:33:50.010] [jointLog] [info] processed bias for 90.0% of the transcripts
[2024-02-06 14:33:51.925] [jointLog] [info] processed bias for 100.0% of the transcripts
[2024-02-06 14:33:52.639] [jointLog] [info] iteration = 100 | max rel diff. = 18.2253
[2024-02-06 14:33:53.414] [jointLog] [info] iteration = 200 | max rel diff. = 15.7443
[2024-02-06 14:33:54.189] [jointLog] [info] iteration = 300 | max rel diff. = 18.5291
[2024-02-06 14:33:54.964] [jointLog] [info] iteration = 400 | max rel diff. = 1.65859
[2024-02-06 14:33:55.738] [jointLog] [info] iteration = 500 | max rel diff. = 13.8263
[2024-02-06 14:33:56.513] [jointLog] [info] iteration = 600 | max rel diff. = 0.266948
[2024-02-06 14:33:57.288] [jointLog] [info] iteration = 700 | max rel diff. = 0.484924
[2024-02-06 14:33:58.062] [jointLog] [info] iteration = 800 | max rel diff. = 0.587558
[2024-02-06 14:33:58.837] [jointLog] [info] iteration = 900 | max rel diff. = 0.0714054
[2024-02-06 14:33:59.613] [jointLog] [info] iteration = 1,000 | max rel diff. = 0.170058
[2024-02-06 14:34:00.389] [jointLog] [info] iteration = 1,100 | max rel diff. = 0.300005
[2024-02-06 14:34:01.169] [jointLog] [info] iteration = 1,200 | max rel diff. = 0.0397016
[2024-02-06 14:34:01.885] [jointLog] [info] iteration = 1,291 | max rel diff. = 0.00693303
[2024-02-06 14:34:01.904] [jointLog] [info] Finished optimizer
[2024-02-06 14:34:01.904] [jointLog] [info] writing output 

