[2024-02-06 14:18:21.212] [jointLog] [info] setting maxHashResizeThreads to 8
[2024-02-06 14:18:21.212] [jointLog] [info] Fragment incompatibility prior below threshold.  Incompatible fragments will be ignored.
[2024-02-06 14:18:21.212] [jointLog] [info] Usage of --validateMappings implies use of minScoreFraction. Since not explicitly specified, it is being set to 0.65
[2024-02-06 14:18:21.212] [jointLog] [info] Setting consensusSlack to selective-alignment default of 0.35.
[2024-02-06 14:18:21.212] [jointLog] [info] parsing read library format
[2024-02-06 14:18:21.212] [jointLog] [info] There is 1 library.
[2024-02-06 14:18:21.215] [jointLog] [info] Loading pufferfish index
[2024-02-06 14:18:21.215] [jointLog] [info] Loading dense pufferfish index.
[2024-02-06 14:18:21.655] [jointLog] [info] done
[2024-02-06 14:18:21.726] [jointLog] [info] Index contained 86,774 targets
[2024-02-06 14:18:22.750] [jointLog] [info] Number of decoys : 0
[2024-02-06 14:18:23.218] [jointLog] [info] Automatically detected most likely library type as ISR

[2024-02-06 14:21:11.669] [jointLog] [info] Thread saw mini-batch with a maximum of 1.28% zero probability fragments
[2024-02-06 14:21:11.673] [jointLog] [info] Thread saw mini-batch with a maximum of 1.26% zero probability fragments
[2024-02-06 14:21:11.678] [jointLog] [info] Thread saw mini-batch with a maximum of 1.28% zero probability fragments
[2024-02-06 14:21:11.714] [jointLog] [info] Thread saw mini-batch with a maximum of 1.34% zero probability fragments
[2024-02-06 14:21:11.741] [jointLog] [info] Thread saw mini-batch with a maximum of 1.30% zero probability fragments
[2024-02-06 14:21:11.757] [jointLog] [info] Thread saw mini-batch with a maximum of 1.32% zero probability fragments
[2024-02-06 14:21:11.816] [jointLog] [info] Thread saw mini-batch with a maximum of 1.34% zero probability fragments
[2024-02-06 14:21:11.823] [jointLog] [info] Thread saw mini-batch with a maximum of 1.26% zero probability fragments
[2024-02-06 14:21:12.134] [jointLog] [info] Computed 272,565 rich equivalence classes for further processing
[2024-02-06 14:21:12.134] [jointLog] [info] Counted 24,993,436 total reads in the equivalence classes 
[2024-02-06 14:21:12.139] [jointLog] [info] Number of mappings discarded because of alignment score : 37,729,969
[2024-02-06 14:21:12.139] [jointLog] [info] Number of fragments entirely discarded because of alignment score : 1,993,285
[2024-02-06 14:21:12.139] [jointLog] [info] Number of fragments discarded because they are best-mapped to decoys : 0
[2024-02-06 14:21:12.139] [jointLog] [info] Number of fragments discarded because they have only dovetail (discordant) mappings to valid targets : 188,062
[2024-02-06 14:21:12.139] [jointLog] [info] Mapping rate = 74.3943%

[2024-02-06 14:21:12.139] [jointLog] [info] finished quantifyLibrary()
[2024-02-06 14:21:12.146] [jointLog] [info] Starting optimizer
[2024-02-06 14:21:12.231] [jointLog] [info] Marked 0 weighted equivalence classes as degenerate
[2024-02-06 14:21:12.243] [jointLog] [info] iteration = 0 | max rel diff. = 13507.6
[2024-02-06 14:21:12.366] [jointLog] [info] iteration 11, adjusting effective lengths to account for biases
[2024-02-06 14:21:12.135] [fileLog] [info] 
At end of round 0
==================
Observed 33595887 total fragments (33595887 in most recent round)

[2024-02-06 14:21:32.152] [jointLog] [info] Computed expected counts (for bias correction)
[2024-02-06 14:21:32.152] [jointLog] [info] processed bias for 0.0% of the transcripts
[2024-02-06 14:21:34.175] [jointLog] [info] processed bias for 10.0% of the transcripts
[2024-02-06 14:21:36.432] [jointLog] [info] processed bias for 20.0% of the transcripts
[2024-02-06 14:21:38.493] [jointLog] [info] processed bias for 30.0% of the transcripts
[2024-02-06 14:21:40.590] [jointLog] [info] processed bias for 40.0% of the transcripts
[2024-02-06 14:21:42.700] [jointLog] [info] processed bias for 50.0% of the transcripts
[2024-02-06 14:21:44.862] [jointLog] [info] processed bias for 60.0% of the transcripts
[2024-02-06 14:21:46.994] [jointLog] [info] processed bias for 70.0% of the transcripts
[2024-02-06 14:21:48.519] [jointLog] [info] processed bias for 80.0% of the transcripts
[2024-02-06 14:21:50.133] [jointLog] [info] processed bias for 90.0% of the transcripts
[2024-02-06 14:21:51.948] [jointLog] [info] processed bias for 100.0% of the transcripts
[2024-02-06 14:21:51.951] [jointLog] [info] processed bias for 100.0% of the transcripts
[2024-02-06 14:21:53.041] [jointLog] [info] iteration = 100 | max rel diff. = 18.5152
[2024-02-06 14:21:54.201] [jointLog] [info] iteration = 200 | max rel diff. = 19.9867
[2024-02-06 14:21:55.340] [jointLog] [info] iteration = 300 | max rel diff. = 8.30632
[2024-02-06 14:21:56.482] [jointLog] [info] iteration = 400 | max rel diff. = 2.35504
[2024-02-06 14:21:57.582] [jointLog] [info] iteration = 500 | max rel diff. = 0.379972
[2024-02-06 14:21:58.652] [jointLog] [info] iteration = 600 | max rel diff. = 1.21808
[2024-02-06 14:21:59.801] [jointLog] [info] iteration = 700 | max rel diff. = 0.0692677
[2024-02-06 14:22:00.861] [jointLog] [info] iteration = 800 | max rel diff. = 0.766808
[2024-02-06 14:22:01.972] [jointLog] [info] iteration = 900 | max rel diff. = 0.176731
[2024-02-06 14:22:03.086] [jointLog] [info] iteration = 1,000 | max rel diff. = 0.0588815
[2024-02-06 14:22:04.142] [jointLog] [info] iteration = 1,100 | max rel diff. = 0.0362869
[2024-02-06 14:22:05.196] [jointLog] [info] iteration = 1,200 | max rel diff. = 0.228049
[2024-02-06 14:22:06.264] [jointLog] [info] iteration = 1,300 | max rel diff. = 0.0657402
[2024-02-06 14:22:07.418] [jointLog] [info] iteration = 1,400 | max rel diff. = 0.047396
[2024-02-06 14:22:08.489] [jointLog] [info] iteration = 1,500 | max rel diff. = 0.0911948
[2024-02-06 14:22:09.555] [jointLog] [info] iteration = 1,600 | max rel diff. = 0.214166
[2024-02-06 14:22:09.681] [jointLog] [info] iteration = 1,613 | max rel diff. = 0.00970321
[2024-02-06 14:22:09.703] [jointLog] [info] Finished optimizer
[2024-02-06 14:22:09.703] [jointLog] [info] writing output 

