[2024-02-06 14:21:45.208] [jointLog] [info] setting maxHashResizeThreads to 8
[2024-02-06 14:21:45.208] [jointLog] [info] Fragment incompatibility prior below threshold.  Incompatible fragments will be ignored.
[2024-02-06 14:21:45.208] [jointLog] [info] Usage of --validateMappings implies use of minScoreFraction. Since not explicitly specified, it is being set to 0.65
[2024-02-06 14:21:45.208] [jointLog] [info] Setting consensusSlack to selective-alignment default of 0.35.
[2024-02-06 14:21:45.208] [jointLog] [info] parsing read library format
[2024-02-06 14:21:45.208] [jointLog] [info] There is 1 library.
[2024-02-06 14:21:45.210] [jointLog] [info] Loading pufferfish index
[2024-02-06 14:21:45.211] [jointLog] [info] Loading dense pufferfish index.
[2024-02-06 14:21:45.724] [jointLog] [info] done
[2024-02-06 14:21:45.806] [jointLog] [info] Index contained 86,774 targets
[2024-02-06 14:21:46.901] [jointLog] [info] Number of decoys : 0
[2024-02-06 14:21:47.450] [jointLog] [info] Automatically detected most likely library type as ISR

[2024-02-06 14:24:26.090] [jointLog] [info] Thread saw mini-batch with a maximum of 1.44% zero probability fragments
[2024-02-06 14:24:26.094] [jointLog] [info] Thread saw mini-batch with a maximum of 1.62% zero probability fragments
[2024-02-06 14:24:26.100] [jointLog] [info] Thread saw mini-batch with a maximum of 1.48% zero probability fragments
[2024-02-06 14:24:26.129] [jointLog] [info] Thread saw mini-batch with a maximum of 1.44% zero probability fragments
[2024-02-06 14:24:26.144] [jointLog] [info] Thread saw mini-batch with a maximum of 1.40% zero probability fragments
[2024-02-06 14:24:26.168] [jointLog] [info] Thread saw mini-batch with a maximum of 1.68% zero probability fragments
[2024-02-06 14:24:26.171] [jointLog] [info] Thread saw mini-batch with a maximum of 1.56% zero probability fragments
[2024-02-06 14:24:26.193] [jointLog] [info] Thread saw mini-batch with a maximum of 1.46% zero probability fragments
[2024-02-06 14:24:26.539] [jointLog] [info] Computed 266,242 rich equivalence classes for further processing
[2024-02-06 14:24:26.539] [jointLog] [info] Counted 23,187,984 total reads in the equivalence classes 
[2024-02-06 14:24:26.545] [jointLog] [info] Number of mappings discarded because of alignment score : 33,482,688
[2024-02-06 14:24:26.545] [jointLog] [info] Number of fragments entirely discarded because of alignment score : 1,834,686
[2024-02-06 14:24:26.545] [jointLog] [info] Number of fragments discarded because they are best-mapped to decoys : 0
[2024-02-06 14:24:26.545] [jointLog] [info] Number of fragments discarded because they have only dovetail (discordant) mappings to valid targets : 222,396
[2024-02-06 14:24:26.545] [jointLog] [info] Mapping rate = 72.5336%

[2024-02-06 14:24:26.545] [jointLog] [info] finished quantifyLibrary()
[2024-02-06 14:24:26.550] [jointLog] [info] Starting optimizer
[2024-02-06 14:24:26.641] [jointLog] [info] Marked 0 weighted equivalence classes as degenerate
[2024-02-06 14:24:26.656] [jointLog] [info] iteration = 0 | max rel diff. = 13833.3
[2024-02-06 14:24:26.785] [jointLog] [info] iteration 11, adjusting effective lengths to account for biases
[2024-02-06 14:24:26.540] [fileLog] [info] 
At end of round 0
==================
Observed 31968597 total fragments (31968597 in most recent round)

[2024-02-06 14:24:44.724] [jointLog] [info] Computed expected counts (for bias correction)
[2024-02-06 14:24:44.725] [jointLog] [info] processed bias for 0.0% of the transcripts
[2024-02-06 14:24:46.629] [jointLog] [info] processed bias for 10.0% of the transcripts
[2024-02-06 14:24:48.631] [jointLog] [info] processed bias for 20.0% of the transcripts
[2024-02-06 14:24:50.574] [jointLog] [info] processed bias for 30.0% of the transcripts
[2024-02-06 14:24:52.495] [jointLog] [info] processed bias for 40.0% of the transcripts
[2024-02-06 14:24:54.434] [jointLog] [info] processed bias for 50.0% of the transcripts
[2024-02-06 14:24:55.312] [jointLog] [info] processed bias for 60.0% of the transcripts
[2024-02-06 14:24:57.368] [jointLog] [info] processed bias for 70.0% of the transcripts
[2024-02-06 14:24:59.376] [jointLog] [info] processed bias for 80.0% of the transcripts
[2024-02-06 14:25:01.224] [jointLog] [info] processed bias for 90.0% of the transcripts
[2024-02-06 14:25:02.928] [jointLog] [info] processed bias for 100.0% of the transcripts
[2024-02-06 14:25:02.937] [jointLog] [info] processed bias for 100.0% of the transcripts
[2024-02-06 14:25:03.875] [jointLog] [info] iteration = 100 | max rel diff. = 19.5945
[2024-02-06 14:25:04.908] [jointLog] [info] iteration = 200 | max rel diff. = 13.635
[2024-02-06 14:25:05.944] [jointLog] [info] iteration = 300 | max rel diff. = 2.74891
[2024-02-06 14:25:06.979] [jointLog] [info] iteration = 400 | max rel diff. = 0.584254
[2024-02-06 14:25:08.011] [jointLog] [info] iteration = 500 | max rel diff. = 1.29414
[2024-02-06 14:25:09.044] [jointLog] [info] iteration = 600 | max rel diff. = 0.390346
[2024-02-06 14:25:10.069] [jointLog] [info] iteration = 700 | max rel diff. = 0.70507
[2024-02-06 14:25:11.089] [jointLog] [info] iteration = 800 | max rel diff. = 0.113046
[2024-02-06 14:25:12.100] [jointLog] [info] iteration = 900 | max rel diff. = 0.519704
[2024-02-06 14:25:13.116] [jointLog] [info] iteration = 1,000 | max rel diff. = 0.272014
[2024-02-06 14:25:14.128] [jointLog] [info] iteration = 1,100 | max rel diff. = 9.13302
[2024-02-06 14:25:15.148] [jointLog] [info] iteration = 1,200 | max rel diff. = 0.102045
[2024-02-06 14:25:16.178] [jointLog] [info] iteration = 1,300 | max rel diff. = 0.13229
[2024-02-06 14:25:17.208] [jointLog] [info] iteration = 1,400 | max rel diff. = 0.110591
[2024-02-06 14:25:17.630] [jointLog] [info] iteration = 1,442 | max rel diff. = 0.00677036
[2024-02-06 14:25:17.651] [jointLog] [info] Finished optimizer
[2024-02-06 14:25:17.651] [jointLog] [info] writing output 

