[2024-02-06 14:33:44.856] [jointLog] [info] setting maxHashResizeThreads to 8
[2024-02-06 14:33:44.856] [jointLog] [info] Fragment incompatibility prior below threshold.  Incompatible fragments will be ignored.
[2024-02-06 14:33:44.856] [jointLog] [info] Usage of --validateMappings implies use of minScoreFraction. Since not explicitly specified, it is being set to 0.65
[2024-02-06 14:33:44.856] [jointLog] [info] Setting consensusSlack to selective-alignment default of 0.35.
[2024-02-06 14:33:44.856] [jointLog] [info] parsing read library format
[2024-02-06 14:33:44.856] [jointLog] [info] There is 1 library.
[2024-02-06 14:33:44.857] [jointLog] [info] Loading pufferfish index
[2024-02-06 14:33:44.858] [jointLog] [info] Loading dense pufferfish index.
[2024-02-06 14:33:45.379] [jointLog] [info] done
[2024-02-06 14:33:45.469] [jointLog] [info] Index contained 86,774 targets
[2024-02-06 14:33:46.528] [jointLog] [info] Number of decoys : 0
[2024-02-06 14:33:47.076] [jointLog] [info] Automatically detected most likely library type as ISR

[2024-02-06 14:36:16.861] [jointLog] [info] Thread saw mini-batch with a maximum of 3.88% zero probability fragments
[2024-02-06 14:36:16.904] [jointLog] [info] Thread saw mini-batch with a maximum of 4.00% zero probability fragments
[2024-02-06 14:36:16.914] [jointLog] [info] Thread saw mini-batch with a maximum of 3.72% zero probability fragments
[2024-02-06 14:36:16.925] [jointLog] [info] Thread saw mini-batch with a maximum of 4.06% zero probability fragments
[2024-02-06 14:36:16.926] [jointLog] [info] Thread saw mini-batch with a maximum of 3.88% zero probability fragments
[2024-02-06 14:36:16.928] [jointLog] [info] Thread saw mini-batch with a maximum of 3.94% zero probability fragments
[2024-02-06 14:36:17.002] [jointLog] [info] Thread saw mini-batch with a maximum of 3.94% zero probability fragments
[2024-02-06 14:36:17.011] [jointLog] [info] Thread saw mini-batch with a maximum of 3.70% zero probability fragments
[2024-02-06 14:36:17.275] [jointLog] [info] Computed 220,777 rich equivalence classes for further processing
[2024-02-06 14:36:17.275] [jointLog] [info] Counted 22,384,616 total reads in the equivalence classes 
[2024-02-06 14:36:17.280] [jointLog] [info] Number of mappings discarded because of alignment score : 38,738,334
[2024-02-06 14:36:17.280] [jointLog] [info] Number of fragments entirely discarded because of alignment score : 1,646,060
[2024-02-06 14:36:17.280] [jointLog] [info] Number of fragments discarded because they are best-mapped to decoys : 0
[2024-02-06 14:36:17.280] [jointLog] [info] Number of fragments discarded because they have only dovetail (discordant) mappings to valid targets : 236,117
[2024-02-06 14:36:17.280] [jointLog] [info] Mapping rate = 66.2321%

[2024-02-06 14:36:17.280] [jointLog] [info] finished quantifyLibrary()
[2024-02-06 14:36:17.276] [fileLog] [info] 
At end of round 0
==================
Observed 33797222 total fragments (33797222 in most recent round)

[2024-02-06 14:36:17.515] [jointLog] [info] Starting optimizer
[2024-02-06 14:36:17.590] [jointLog] [info] Marked 0 weighted equivalence classes as degenerate
[2024-02-06 14:36:17.601] [jointLog] [info] iteration = 0 | max rel diff. = 14016.7
[2024-02-06 14:36:17.708] [jointLog] [info] iteration 11, adjusting effective lengths to account for biases
[2024-02-06 14:36:35.941] [jointLog] [info] Computed expected counts (for bias correction)
[2024-02-06 14:36:35.941] [jointLog] [info] processed bias for 0.0% of the transcripts
[2024-02-06 14:36:37.884] [jointLog] [info] processed bias for 10.0% of the transcripts
[2024-02-06 14:36:39.922] [jointLog] [info] processed bias for 20.0% of the transcripts
[2024-02-06 14:36:41.866] [jointLog] [info] processed bias for 30.0% of the transcripts
[2024-02-06 14:36:43.588] [jointLog] [info] processed bias for 40.0% of the transcripts
[2024-02-06 14:36:44.497] [jointLog] [info] processed bias for 50.0% of the transcripts
[2024-02-06 14:36:46.305] [jointLog] [info] processed bias for 60.0% of the transcripts
[2024-02-06 14:36:48.331] [jointLog] [info] processed bias for 70.0% of the transcripts
[2024-02-06 14:36:50.284] [jointLog] [info] processed bias for 80.0% of the transcripts
[2024-02-06 14:36:52.318] [jointLog] [info] processed bias for 90.0% of the transcripts
[2024-02-06 14:36:54.356] [jointLog] [info] processed bias for 100.0% of the transcripts
[2024-02-06 14:36:55.326] [jointLog] [info] iteration = 100 | max rel diff. = 11.1965
[2024-02-06 14:36:56.395] [jointLog] [info] iteration = 200 | max rel diff. = 16.8038
[2024-02-06 14:36:57.442] [jointLog] [info] iteration = 300 | max rel diff. = 5.25375
[2024-02-06 14:36:58.461] [jointLog] [info] iteration = 400 | max rel diff. = 1.04522
[2024-02-06 14:36:59.481] [jointLog] [info] iteration = 500 | max rel diff. = 0.348149
[2024-02-06 14:37:00.470] [jointLog] [info] iteration = 600 | max rel diff. = 0.0637295
[2024-02-06 14:37:01.425] [jointLog] [info] iteration = 700 | max rel diff. = 0.0817759
[2024-02-06 14:37:02.441] [jointLog] [info] iteration = 800 | max rel diff. = 0.585861
[2024-02-06 14:37:03.470] [jointLog] [info] iteration = 900 | max rel diff. = 0.0941535
[2024-02-06 14:37:04.501] [jointLog] [info] iteration = 1,000 | max rel diff. = 0.117561
[2024-02-06 14:37:05.523] [jointLog] [info] iteration = 1,100 | max rel diff. = 0.0314366
[2024-02-06 14:37:06.546] [jointLog] [info] iteration = 1,200 | max rel diff. = 0.0712684
[2024-02-06 14:37:07.575] [jointLog] [info] iteration = 1,300 | max rel diff. = 0.0221285
[2024-02-06 14:37:08.590] [jointLog] [info] iteration = 1,400 | max rel diff. = 0.0362537
[2024-02-06 14:37:09.189] [jointLog] [info] iteration = 1,464 | max rel diff. = 0.00810905
[2024-02-06 14:37:09.209] [jointLog] [info] Finished optimizer
[2024-02-06 14:37:09.209] [jointLog] [info] writing output 

