[2024-02-06 14:22:23.056] [jointLog] [info] setting maxHashResizeThreads to 8
[2024-02-06 14:22:23.056] [jointLog] [info] Fragment incompatibility prior below threshold.  Incompatible fragments will be ignored.
[2024-02-06 14:22:23.056] [jointLog] [info] Usage of --validateMappings implies use of minScoreFraction. Since not explicitly specified, it is being set to 0.65
[2024-02-06 14:22:23.056] [jointLog] [info] Setting consensusSlack to selective-alignment default of 0.35.
[2024-02-06 14:22:23.056] [jointLog] [info] parsing read library format
[2024-02-06 14:22:23.056] [jointLog] [info] There is 1 library.
[2024-02-06 14:22:23.058] [jointLog] [info] Loading pufferfish index
[2024-02-06 14:22:23.058] [jointLog] [info] Loading dense pufferfish index.
[2024-02-06 14:22:23.570] [jointLog] [info] done
[2024-02-06 14:22:23.659] [jointLog] [info] Index contained 86,774 targets
[2024-02-06 14:22:24.855] [jointLog] [info] Number of decoys : 0
[2024-02-06 14:22:25.429] [jointLog] [info] Automatically detected most likely library type as ISR

[2024-02-06 14:25:14.176] [jointLog] [info] Thread saw mini-batch with a maximum of 1.92% zero probability fragments
[2024-02-06 14:25:14.197] [jointLog] [info] Thread saw mini-batch with a maximum of 1.82% zero probability fragments
[2024-02-06 14:25:14.245] [jointLog] [info] Thread saw mini-batch with a maximum of 1.86% zero probability fragments
[2024-02-06 14:25:14.249] [jointLog] [info] Thread saw mini-batch with a maximum of 1.92% zero probability fragments
[2024-02-06 14:25:14.302] [jointLog] [info] Thread saw mini-batch with a maximum of 1.90% zero probability fragments
[2024-02-06 14:25:14.322] [jointLog] [info] Thread saw mini-batch with a maximum of 1.92% zero probability fragments
[2024-02-06 14:25:14.331] [jointLog] [info] Thread saw mini-batch with a maximum of 2.10% zero probability fragments
[2024-02-06 14:25:14.344] [jointLog] [info] Thread saw mini-batch with a maximum of 1.94% zero probability fragments
[2024-02-06 14:25:14.676] [fileLog] [info] 
At end of round 0
==================
Observed 36275698 total fragments (36275698 in most recent round)

[2024-02-06 14:25:14.676] [jointLog] [info] Computed 262,307 rich equivalence classes for further processing
[2024-02-06 14:25:14.676] [jointLog] [info] Counted 24,808,926 total reads in the equivalence classes 
[2024-02-06 14:25:14.680] [jointLog] [info] Number of mappings discarded because of alignment score : 38,859,512
[2024-02-06 14:25:14.680] [jointLog] [info] Number of fragments entirely discarded because of alignment score : 1,884,966
[2024-02-06 14:25:14.680] [jointLog] [info] Number of fragments discarded because they are best-mapped to decoys : 0
[2024-02-06 14:25:14.680] [jointLog] [info] Number of fragments discarded because they have only dovetail (discordant) mappings to valid targets : 196,519
[2024-02-06 14:25:14.680] [jointLog] [info] Mapping rate = 68.3899%

[2024-02-06 14:25:14.680] [jointLog] [info] finished quantifyLibrary()
[2024-02-06 14:25:14.685] [jointLog] [info] Starting optimizer
[2024-02-06 14:25:17.712] [jointLog] [info] Marked 0 weighted equivalence classes as degenerate
[2024-02-06 14:25:17.726] [jointLog] [info] iteration = 0 | max rel diff. = 13882.7
[2024-02-06 14:25:17.851] [jointLog] [info] iteration 11, adjusting effective lengths to account for biases
[2024-02-06 14:25:40.436] [jointLog] [info] Computed expected counts (for bias correction)
[2024-02-06 14:25:40.436] [jointLog] [info] processed bias for 0.0% of the transcripts
[2024-02-06 14:25:42.822] [jointLog] [info] processed bias for 10.0% of the transcripts
[2024-02-06 14:25:45.342] [jointLog] [info] processed bias for 20.0% of the transcripts
[2024-02-06 14:25:47.782] [jointLog] [info] processed bias for 30.0% of the transcripts
[2024-02-06 14:25:50.163] [jointLog] [info] processed bias for 40.0% of the transcripts
[2024-02-06 14:25:52.528] [jointLog] [info] processed bias for 50.0% of the transcripts
[2024-02-06 14:25:55.008] [jointLog] [info] processed bias for 60.0% of the transcripts
[2024-02-06 14:25:57.582] [jointLog] [info] processed bias for 70.0% of the transcripts
[2024-02-06 14:26:00.038] [jointLog] [info] processed bias for 80.0% of the transcripts
[2024-02-06 14:26:02.010] [jointLog] [info] processed bias for 90.0% of the transcripts
[2024-02-06 14:26:03.124] [jointLog] [info] processed bias for 100.0% of the transcripts
[2024-02-06 14:26:04.060] [jointLog] [info] iteration = 100 | max rel diff. = 12.4124
[2024-02-06 14:26:05.081] [jointLog] [info] iteration = 200 | max rel diff. = 1.91418
[2024-02-06 14:26:06.103] [jointLog] [info] iteration = 300 | max rel diff. = 0.535146
[2024-02-06 14:26:07.124] [jointLog] [info] iteration = 400 | max rel diff. = 0.614009
[2024-02-06 14:26:08.151] [jointLog] [info] iteration = 500 | max rel diff. = 0.523629
[2024-02-06 14:26:09.178] [jointLog] [info] iteration = 600 | max rel diff. = 0.463822
[2024-02-06 14:26:10.236] [jointLog] [info] iteration = 700 | max rel diff. = 0.195097
[2024-02-06 14:26:11.277] [jointLog] [info] iteration = 800 | max rel diff. = 0.166485
[2024-02-06 14:26:12.312] [jointLog] [info] iteration = 900 | max rel diff. = 0.114625
[2024-02-06 14:26:13.354] [jointLog] [info] iteration = 1,000 | max rel diff. = 0.485304
[2024-02-06 14:26:14.412] [jointLog] [info] iteration = 1,100 | max rel diff. = 0.186286
[2024-02-06 14:26:15.422] [jointLog] [info] iteration = 1,200 | max rel diff. = 0.0464431
[2024-02-06 14:26:16.441] [jointLog] [info] iteration = 1,300 | max rel diff. = 0.0234263
[2024-02-06 14:26:17.467] [jointLog] [info] iteration = 1,400 | max rel diff. = 0.0386032
[2024-02-06 14:26:18.494] [jointLog] [info] iteration = 1,500 | max rel diff. = 0.0199111
[2024-02-06 14:26:19.529] [jointLog] [info] iteration = 1,600 | max rel diff. = 0.696724
[2024-02-06 14:26:19.910] [jointLog] [info] iteration = 1,638 | max rel diff. = 0.00599515
[2024-02-06 14:26:19.930] [jointLog] [info] Finished optimizer
[2024-02-06 14:26:19.930] [jointLog] [info] writing output 

