[2024-02-06 14:31:28.889] [jointLog] [info] setting maxHashResizeThreads to 8
[2024-02-06 14:31:28.889] [jointLog] [info] Fragment incompatibility prior below threshold.  Incompatible fragments will be ignored.
[2024-02-06 14:31:28.890] [jointLog] [info] Usage of --validateMappings implies use of minScoreFraction. Since not explicitly specified, it is being set to 0.65
[2024-02-06 14:31:28.890] [jointLog] [info] Setting consensusSlack to selective-alignment default of 0.35.
[2024-02-06 14:31:28.890] [jointLog] [info] parsing read library format
[2024-02-06 14:31:28.890] [jointLog] [info] There is 1 library.
[2024-02-06 14:31:28.892] [jointLog] [info] Loading pufferfish index
[2024-02-06 14:31:28.892] [jointLog] [info] Loading dense pufferfish index.
[2024-02-06 14:31:29.430] [jointLog] [info] done
[2024-02-06 14:31:29.546] [jointLog] [info] Index contained 86,774 targets
[2024-02-06 14:31:30.783] [jointLog] [info] Number of decoys : 0
[2024-02-06 14:31:31.390] [jointLog] [info] Automatically detected most likely library type as ISR

[2024-02-06 14:34:49.547] [jointLog] [info] Thread saw mini-batch with a maximum of 2.88% zero probability fragments
[2024-02-06 14:34:49.559] [jointLog] [info] Thread saw mini-batch with a maximum of 2.58% zero probability fragments
[2024-02-06 14:34:49.580] [jointLog] [info] Thread saw mini-batch with a maximum of 2.72% zero probability fragments
[2024-02-06 14:34:49.582] [jointLog] [info] Thread saw mini-batch with a maximum of 2.90% zero probability fragments
[2024-02-06 14:34:49.607] [jointLog] [info] Thread saw mini-batch with a maximum of 2.70% zero probability fragments
[2024-02-06 14:34:49.726] [jointLog] [info] Thread saw mini-batch with a maximum of 2.70% zero probability fragments
[2024-02-06 14:34:49.740] [jointLog] [info] Thread saw mini-batch with a maximum of 2.72% zero probability fragments
[2024-02-06 14:34:49.780] [jointLog] [info] Thread saw mini-batch with a maximum of 2.84% zero probability fragments
[2024-02-06 14:34:50.225] [jointLog] [info] Computed 245,418 rich equivalence classes for further processing
[2024-02-06 14:34:50.225] [jointLog] [info] Counted 24,800,959 total reads in the equivalence classes 
[2024-02-06 14:34:50.253] [jointLog] [info] Number of mappings discarded because of alignment score : 56,531,469
[2024-02-06 14:34:50.253] [jointLog] [info] Number of fragments entirely discarded because of alignment score : 2,259,034
[2024-02-06 14:34:50.253] [jointLog] [info] Number of fragments discarded because they are best-mapped to decoys : 0
[2024-02-06 14:34:50.253] [jointLog] [info] Number of fragments discarded because they have only dovetail (discordant) mappings to valid targets : 268,059
[2024-02-06 14:34:50.253] [jointLog] [info] Mapping rate = 64.5512%

[2024-02-06 14:34:50.253] [jointLog] [info] finished quantifyLibrary()
[2024-02-06 14:34:50.259] [jointLog] [info] Starting optimizer
[2024-02-06 14:34:50.334] [jointLog] [info] Marked 0 weighted equivalence classes as degenerate
[2024-02-06 14:34:50.349] [jointLog] [info] iteration = 0 | max rel diff. = 13076.6
[2024-02-06 14:34:50.474] [jointLog] [info] iteration 11, adjusting effective lengths to account for biases
[2024-02-06 14:34:50.225] [fileLog] [info] 
At end of round 0
==================
Observed 38420628 total fragments (38420628 in most recent round)

[2024-02-06 14:35:10.915] [jointLog] [info] Computed expected counts (for bias correction)
[2024-02-06 14:35:10.915] [jointLog] [info] processed bias for 0.0% of the transcripts
[2024-02-06 14:35:13.043] [jointLog] [info] processed bias for 10.0% of the transcripts
[2024-02-06 14:35:15.264] [jointLog] [info] processed bias for 20.0% of the transcripts
[2024-02-06 14:35:17.491] [jointLog] [info] processed bias for 30.0% of the transcripts
[2024-02-06 14:35:19.717] [jointLog] [info] processed bias for 40.0% of the transcripts
[2024-02-06 14:35:20.875] [jointLog] [info] processed bias for 50.0% of the transcripts
[2024-02-06 14:35:22.581] [jointLog] [info] processed bias for 60.0% of the transcripts
[2024-02-06 14:35:24.813] [jointLog] [info] processed bias for 70.0% of the transcripts
[2024-02-06 14:35:27.038] [jointLog] [info] processed bias for 80.0% of the transcripts
[2024-02-06 14:35:29.103] [jointLog] [info] processed bias for 90.0% of the transcripts
[2024-02-06 14:35:31.309] [jointLog] [info] processed bias for 100.0% of the transcripts
[2024-02-06 14:35:32.141] [jointLog] [info] iteration = 100 | max rel diff. = 17.9015
[2024-02-06 14:35:33.073] [jointLog] [info] iteration = 200 | max rel diff. = 14.0773
[2024-02-06 14:35:33.985] [jointLog] [info] iteration = 300 | max rel diff. = 1.9438
[2024-02-06 14:35:34.952] [jointLog] [info] iteration = 400 | max rel diff. = 17.2855
[2024-02-06 14:35:35.883] [jointLog] [info] iteration = 500 | max rel diff. = 4.21175
[2024-02-06 14:35:36.804] [jointLog] [info] iteration = 600 | max rel diff. = 0.66146
[2024-02-06 14:35:37.763] [jointLog] [info] iteration = 700 | max rel diff. = 2.63471
[2024-02-06 14:35:38.763] [jointLog] [info] iteration = 800 | max rel diff. = 8.79015
[2024-02-06 14:35:39.771] [jointLog] [info] iteration = 900 | max rel diff. = 0.359017
[2024-02-06 14:35:40.761] [jointLog] [info] iteration = 1,000 | max rel diff. = 0.0995002
[2024-02-06 14:35:41.742] [jointLog] [info] iteration = 1,100 | max rel diff. = 0.0432827
[2024-02-06 14:35:42.721] [jointLog] [info] iteration = 1,200 | max rel diff. = 0.0371063
[2024-02-06 14:35:43.711] [jointLog] [info] iteration = 1,300 | max rel diff. = 0.0502434
[2024-02-06 14:35:43.962] [jointLog] [info] iteration = 1,326 | max rel diff. = 0.00668464
[2024-02-06 14:35:43.983] [jointLog] [info] Finished optimizer
[2024-02-06 14:35:43.983] [jointLog] [info] writing output 

