[2024-02-06 14:19:00.274] [jointLog] [info] setting maxHashResizeThreads to 8
[2024-02-06 14:19:00.274] [jointLog] [info] Fragment incompatibility prior below threshold.  Incompatible fragments will be ignored.
[2024-02-06 14:19:00.274] [jointLog] [info] Usage of --validateMappings implies use of minScoreFraction. Since not explicitly specified, it is being set to 0.65
[2024-02-06 14:19:00.274] [jointLog] [info] Setting consensusSlack to selective-alignment default of 0.35.
[2024-02-06 14:19:00.274] [jointLog] [info] parsing read library format
[2024-02-06 14:19:00.274] [jointLog] [info] There is 1 library.
[2024-02-06 14:19:00.276] [jointLog] [info] Loading pufferfish index
[2024-02-06 14:19:00.277] [jointLog] [info] Loading dense pufferfish index.
[2024-02-06 14:19:11.687] [jointLog] [info] done
[2024-02-06 14:19:11.762] [jointLog] [info] Index contained 86,774 targets
[2024-02-06 14:19:12.846] [jointLog] [info] Number of decoys : 0
[2024-02-06 14:19:13.347] [jointLog] [info] Automatically detected most likely library type as ISR

[2024-02-06 14:21:44.145] [jointLog] [info] Thread saw mini-batch with a maximum of 1.12% zero probability fragments
[2024-02-06 14:21:44.150] [jointLog] [info] Thread saw mini-batch with a maximum of 0.96% zero probability fragments
[2024-02-06 14:21:44.193] [jointLog] [info] Thread saw mini-batch with a maximum of 1.06% zero probability fragments
[2024-02-06 14:21:44.205] [jointLog] [info] Thread saw mini-batch with a maximum of 1.10% zero probability fragments
[2024-02-06 14:21:44.249] [jointLog] [info] Thread saw mini-batch with a maximum of 1.06% zero probability fragments
[2024-02-06 14:21:44.262] [jointLog] [info] Thread saw mini-batch with a maximum of 1.04% zero probability fragments
[2024-02-06 14:21:44.339] [jointLog] [info] Thread saw mini-batch with a maximum of 0.98% zero probability fragments
[2024-02-06 14:21:44.395] [jointLog] [info] Thread saw mini-batch with a maximum of 0.94% zero probability fragments
[2024-02-06 14:21:44.676] [jointLog] [info] Computed 243,669 rich equivalence classes for further processing
[2024-02-06 14:21:44.676] [jointLog] [info] Counted 21,770,635 total reads in the equivalence classes 
[2024-02-06 14:21:44.681] [jointLog] [info] Number of mappings discarded because of alignment score : 24,606,997
[2024-02-06 14:21:44.681] [jointLog] [info] Number of fragments entirely discarded because of alignment score : 1,768,053
[2024-02-06 14:21:44.681] [jointLog] [info] Number of fragments discarded because they are best-mapped to decoys : 0
[2024-02-06 14:21:44.681] [jointLog] [info] Number of fragments discarded because they have only dovetail (discordant) mappings to valid targets : 137,922
[2024-02-06 14:21:44.681] [jointLog] [info] Mapping rate = 75.6105%

[2024-02-06 14:21:44.681] [jointLog] [info] finished quantifyLibrary()
[2024-02-06 14:21:44.686] [jointLog] [info] Starting optimizer
[2024-02-06 14:21:44.771] [jointLog] [info] Marked 0 weighted equivalence classes as degenerate
[2024-02-06 14:21:44.783] [jointLog] [info] iteration = 0 | max rel diff. = 14145.6
[2024-02-06 14:21:44.896] [jointLog] [info] iteration 11, adjusting effective lengths to account for biases
[2024-02-06 14:21:44.677] [fileLog] [info] 
At end of round 0
==================
Observed 28793155 total fragments (28793155 in most recent round)

[2024-02-06 14:22:02.609] [jointLog] [info] Computed expected counts (for bias correction)
[2024-02-06 14:22:02.609] [jointLog] [info] processed bias for 0.0% of the transcripts
[2024-02-06 14:22:04.457] [jointLog] [info] processed bias for 10.0% of the transcripts
[2024-02-06 14:22:06.432] [jointLog] [info] processed bias for 20.0% of the transcripts
[2024-02-06 14:22:08.326] [jointLog] [info] processed bias for 30.0% of the transcripts
[2024-02-06 14:22:10.198] [jointLog] [info] processed bias for 40.0% of the transcripts
[2024-02-06 14:22:12.128] [jointLog] [info] processed bias for 50.0% of the transcripts
[2024-02-06 14:22:14.066] [jointLog] [info] processed bias for 60.0% of the transcripts
[2024-02-06 14:22:16.040] [jointLog] [info] processed bias for 70.0% of the transcripts
[2024-02-06 14:22:17.926] [jointLog] [info] processed bias for 80.0% of the transcripts
[2024-02-06 14:22:19.302] [jointLog] [info] processed bias for 90.0% of the transcripts
[2024-02-06 14:22:20.441] [jointLog] [info] processed bias for 100.0% of the transcripts
[2024-02-06 14:22:21.454] [jointLog] [info] iteration = 100 | max rel diff. = 11.9499
[2024-02-06 14:22:22.565] [jointLog] [info] iteration = 200 | max rel diff. = 6.67194
[2024-02-06 14:22:23.697] [jointLog] [info] iteration = 300 | max rel diff. = 5.79149
[2024-02-06 14:22:24.813] [jointLog] [info] iteration = 400 | max rel diff. = 16.1545
[2024-02-06 14:22:25.927] [jointLog] [info] iteration = 500 | max rel diff. = 0.67469
[2024-02-06 14:22:27.047] [jointLog] [info] iteration = 600 | max rel diff. = 7.59813
[2024-02-06 14:22:28.176] [jointLog] [info] iteration = 700 | max rel diff. = 0.719276
[2024-02-06 14:22:29.306] [jointLog] [info] iteration = 800 | max rel diff. = 0.168777
[2024-02-06 14:22:30.398] [jointLog] [info] iteration = 900 | max rel diff. = 0.0848271
[2024-02-06 14:22:31.416] [jointLog] [info] iteration = 1,000 | max rel diff. = 0.146046
[2024-02-06 14:22:32.484] [jointLog] [info] iteration = 1,100 | max rel diff. = 0.079346
[2024-02-06 14:22:33.563] [jointLog] [info] iteration = 1,200 | max rel diff. = 0.049479
[2024-02-06 14:22:34.633] [jointLog] [info] iteration = 1,300 | max rel diff. = 0.0254294
[2024-02-06 14:22:35.768] [jointLog] [info] iteration = 1,400 | max rel diff. = 0.235156
[2024-02-06 14:22:35.836] [jointLog] [info] iteration = 1,407 | max rel diff. = 0.00647362
[2024-02-06 14:22:35.859] [jointLog] [info] Finished optimizer
[2024-02-06 14:22:35.859] [jointLog] [info] writing output 

