[2024-02-06 14:25:42.284] [jointLog] [info] setting maxHashResizeThreads to 8
[2024-02-06 14:25:42.284] [jointLog] [info] Fragment incompatibility prior below threshold.  Incompatible fragments will be ignored.
[2024-02-06 14:25:42.284] [jointLog] [info] Usage of --validateMappings implies use of minScoreFraction. Since not explicitly specified, it is being set to 0.65
[2024-02-06 14:25:42.284] [jointLog] [info] Setting consensusSlack to selective-alignment default of 0.35.
[2024-02-06 14:25:42.284] [jointLog] [info] parsing read library format
[2024-02-06 14:25:42.284] [jointLog] [info] There is 1 library.
[2024-02-06 14:25:42.286] [jointLog] [info] Loading pufferfish index
[2024-02-06 14:25:42.287] [jointLog] [info] Loading dense pufferfish index.
[2024-02-06 14:25:42.864] [jointLog] [info] done
[2024-02-06 14:25:42.947] [jointLog] [info] Index contained 86,774 targets
[2024-02-06 14:25:44.110] [jointLog] [info] Number of decoys : 0
[2024-02-06 14:25:44.728] [jointLog] [info] Automatically detected most likely library type as ISR

[2024-02-06 14:28:10.825] [jointLog] [info] Thread saw mini-batch with a maximum of 1.89% zero probability fragments
[2024-02-06 14:28:10.875] [jointLog] [info] Thread saw mini-batch with a maximum of 1.34% zero probability fragments
[2024-02-06 14:28:10.893] [jointLog] [info] Thread saw mini-batch with a maximum of 1.32% zero probability fragments
[2024-02-06 14:28:10.908] [jointLog] [info] Thread saw mini-batch with a maximum of 1.28% zero probability fragments
[2024-02-06 14:28:10.925] [jointLog] [info] Thread saw mini-batch with a maximum of 1.28% zero probability fragments
[2024-02-06 14:28:10.935] [jointLog] [info] Thread saw mini-batch with a maximum of 1.42% zero probability fragments
[2024-02-06 14:28:11.020] [jointLog] [info] Thread saw mini-batch with a maximum of 1.22% zero probability fragments
[2024-02-06 14:28:11.027] [jointLog] [info] Thread saw mini-batch with a maximum of 1.18% zero probability fragments
[2024-02-06 14:28:11.450] [fileLog] [info] 
At end of round 0
==================
Observed 30300053 total fragments (30300053 in most recent round)

[2024-02-06 14:28:11.450] [jointLog] [info] Computed 254,012 rich equivalence classes for further processing
[2024-02-06 14:28:11.450] [jointLog] [info] Counted 22,228,553 total reads in the equivalence classes 
[2024-02-06 14:28:11.455] [jointLog] [info] Number of mappings discarded because of alignment score : 32,767,403
[2024-02-06 14:28:11.455] [jointLog] [info] Number of fragments entirely discarded because of alignment score : 1,744,047
[2024-02-06 14:28:11.455] [jointLog] [info] Number of fragments discarded because they are best-mapped to decoys : 0
[2024-02-06 14:28:11.455] [jointLog] [info] Number of fragments discarded because they have only dovetail (discordant) mappings to valid targets : 164,140
[2024-02-06 14:28:11.455] [jointLog] [info] Mapping rate = 73.3614%

[2024-02-06 14:28:11.455] [jointLog] [info] finished quantifyLibrary()
[2024-02-06 14:28:11.460] [jointLog] [info] Starting optimizer
[2024-02-06 14:28:11.551] [jointLog] [info] Marked 0 weighted equivalence classes as degenerate
[2024-02-06 14:28:11.565] [jointLog] [info] iteration = 0 | max rel diff. = 14130.6
[2024-02-06 14:28:11.687] [jointLog] [info] iteration 11, adjusting effective lengths to account for biases
[2024-02-06 14:28:34.991] [jointLog] [info] Computed expected counts (for bias correction)
[2024-02-06 14:28:34.991] [jointLog] [info] processed bias for 0.0% of the transcripts
[2024-02-06 14:28:37.358] [jointLog] [info] processed bias for 10.0% of the transcripts
[2024-02-06 14:28:40.027] [jointLog] [info] processed bias for 20.0% of the transcripts
[2024-02-06 14:28:41.768] [jointLog] [info] processed bias for 30.0% of the transcripts
[2024-02-06 14:28:43.624] [jointLog] [info] processed bias for 40.0% of the transcripts
[2024-02-06 14:28:45.664] [jointLog] [info] processed bias for 50.0% of the transcripts
[2024-02-06 14:28:48.225] [jointLog] [info] processed bias for 60.0% of the transcripts
[2024-02-06 14:28:50.726] [jointLog] [info] processed bias for 70.0% of the transcripts
[2024-02-06 14:28:53.318] [jointLog] [info] processed bias for 80.0% of the transcripts
[2024-02-06 14:28:55.787] [jointLog] [info] processed bias for 90.0% of the transcripts
[2024-02-06 14:28:58.339] [jointLog] [info] processed bias for 100.0% of the transcripts
[2024-02-06 14:28:59.223] [jointLog] [info] iteration = 100 | max rel diff. = 15.1932
[2024-02-06 14:29:00.199] [jointLog] [info] iteration = 200 | max rel diff. = 6.51705
[2024-02-06 14:29:01.173] [jointLog] [info] iteration = 300 | max rel diff. = 2.03601
[2024-02-06 14:29:02.154] [jointLog] [info] iteration = 400 | max rel diff. = 6.30856
[2024-02-06 14:29:03.131] [jointLog] [info] iteration = 500 | max rel diff. = 0.389652
[2024-02-06 14:29:04.103] [jointLog] [info] iteration = 600 | max rel diff. = 2.85862
[2024-02-06 14:29:05.071] [jointLog] [info] iteration = 700 | max rel diff. = 5.98309
[2024-02-06 14:29:06.045] [jointLog] [info] iteration = 800 | max rel diff. = 0.47021
[2024-02-06 14:29:07.022] [jointLog] [info] iteration = 900 | max rel diff. = 0.710348
[2024-02-06 14:29:07.996] [jointLog] [info] iteration = 1,000 | max rel diff. = 0.0195405
[2024-02-06 14:29:08.603] [jointLog] [info] iteration = 1,063 | max rel diff. = 0.00955126
[2024-02-06 14:29:08.624] [jointLog] [info] Finished optimizer
[2024-02-06 14:29:08.624] [jointLog] [info] writing output 

