[2024-02-06 14:30:51.462] [jointLog] [info] setting maxHashResizeThreads to 8
[2024-02-06 14:30:51.462] [jointLog] [info] Fragment incompatibility prior below threshold.  Incompatible fragments will be ignored.
[2024-02-06 14:30:51.462] [jointLog] [info] Usage of --validateMappings implies use of minScoreFraction. Since not explicitly specified, it is being set to 0.65
[2024-02-06 14:30:51.462] [jointLog] [info] Setting consensusSlack to selective-alignment default of 0.35.
[2024-02-06 14:30:51.462] [jointLog] [info] parsing read library format
[2024-02-06 14:30:51.462] [jointLog] [info] There is 1 library.
[2024-02-06 14:30:51.464] [jointLog] [info] Loading pufferfish index
[2024-02-06 14:30:51.465] [jointLog] [info] Loading dense pufferfish index.
[2024-02-06 14:30:52.063] [jointLog] [info] done
[2024-02-06 14:30:52.183] [jointLog] [info] Index contained 86,774 targets
[2024-02-06 14:30:53.570] [jointLog] [info] Number of decoys : 0
[2024-02-06 14:30:54.326] [jointLog] [info] Automatically detected most likely library type as ISR

[2024-02-06 14:34:36.003] [jointLog] [info] Thread saw mini-batch with a maximum of 2.92% zero probability fragments
[2024-02-06 14:34:36.006] [jointLog] [info] Thread saw mini-batch with a maximum of 2.90% zero probability fragments
[2024-02-06 14:34:36.021] [jointLog] [info] Thread saw mini-batch with a maximum of 2.88% zero probability fragments
[2024-02-06 14:34:36.045] [jointLog] [info] Thread saw mini-batch with a maximum of 2.74% zero probability fragments
[2024-02-06 14:34:36.062] [jointLog] [info] Thread saw mini-batch with a maximum of 2.82% zero probability fragments
[2024-02-06 14:34:36.069] [jointLog] [info] Thread saw mini-batch with a maximum of 2.84% zero probability fragments
[2024-02-06 14:34:36.140] [jointLog] [info] Thread saw mini-batch with a maximum of 2.96% zero probability fragments
[2024-02-06 14:34:36.153] [jointLog] [info] Thread saw mini-batch with a maximum of 2.94% zero probability fragments
[2024-02-06 14:34:36.577] [jointLog] [info] Computed 196,114 rich equivalence classes for further processing
[2024-02-06 14:34:36.577] [jointLog] [info] Counted 28,739,384 total reads in the equivalence classes 
[2024-02-06 14:34:36.583] [jointLog] [info] Number of mappings discarded because of alignment score : 56,490,172
[2024-02-06 14:34:36.583] [jointLog] [info] Number of fragments entirely discarded because of alignment score : 2,713,948
[2024-02-06 14:34:36.583] [jointLog] [info] Number of fragments discarded because they are best-mapped to decoys : 0
[2024-02-06 14:34:36.583] [jointLog] [info] Number of fragments discarded because they have only dovetail (discordant) mappings to valid targets : 387,843
[2024-02-06 14:34:36.583] [jointLog] [info] Mapping rate = 65.7784%

[2024-02-06 14:34:36.583] [jointLog] [info] finished quantifyLibrary()
[2024-02-06 14:34:36.588] [jointLog] [info] Starting optimizer
[2024-02-06 14:34:36.675] [jointLog] [info] Marked 0 weighted equivalence classes as degenerate
[2024-02-06 14:34:36.687] [jointLog] [info] iteration = 0 | max rel diff. = 13954.6
[2024-02-06 14:34:36.578] [fileLog] [info] 
At end of round 0
==================
Observed 43691196 total fragments (43691196 in most recent round)

[2024-02-06 14:34:36.797] [jointLog] [info] iteration 11, adjusting effective lengths to account for biases
[2024-02-06 14:34:54.905] [jointLog] [info] Computed expected counts (for bias correction)
[2024-02-06 14:34:54.905] [jointLog] [info] processed bias for 0.0% of the transcripts
[2024-02-06 14:34:56.796] [jointLog] [info] processed bias for 10.0% of the transcripts
[2024-02-06 14:34:58.795] [jointLog] [info] processed bias for 20.0% of the transcripts
[2024-02-06 14:35:00.701] [jointLog] [info] processed bias for 30.0% of the transcripts
[2024-02-06 14:35:02.657] [jointLog] [info] processed bias for 40.0% of the transcripts
[2024-02-06 14:35:04.592] [jointLog] [info] processed bias for 50.0% of the transcripts
[2024-02-06 14:35:06.572] [jointLog] [info] processed bias for 60.0% of the transcripts
[2024-02-06 14:35:08.475] [jointLog] [info] processed bias for 70.0% of the transcripts
[2024-02-06 14:35:10.441] [jointLog] [info] processed bias for 80.0% of the transcripts
[2024-02-06 14:35:11.366] [jointLog] [info] processed bias for 90.0% of the transcripts
[2024-02-06 14:35:13.028] [jointLog] [info] processed bias for 100.0% of the transcripts
[2024-02-06 14:35:13.031] [jointLog] [info] processed bias for 100.0% of the transcripts
[2024-02-06 14:35:13.861] [jointLog] [info] iteration = 100 | max rel diff. = 18.2093
[2024-02-06 14:35:14.774] [jointLog] [info] iteration = 200 | max rel diff. = 1.68228
[2024-02-06 14:35:15.685] [jointLog] [info] iteration = 300 | max rel diff. = 0.582174
[2024-02-06 14:35:16.600] [jointLog] [info] iteration = 400 | max rel diff. = 2.00794
[2024-02-06 14:35:17.505] [jointLog] [info] iteration = 500 | max rel diff. = 0.170714
[2024-02-06 14:35:18.359] [jointLog] [info] iteration = 600 | max rel diff. = 0.0695785
[2024-02-06 14:35:19.212] [jointLog] [info] iteration = 700 | max rel diff. = 0.533929
[2024-02-06 14:35:20.065] [jointLog] [info] iteration = 800 | max rel diff. = 0.296703
[2024-02-06 14:35:20.918] [jointLog] [info] iteration = 900 | max rel diff. = 0.0560921
[2024-02-06 14:35:21.772] [jointLog] [info] iteration = 1,000 | max rel diff. = 0.0532838
[2024-02-06 14:35:22.624] [jointLog] [info] iteration = 1,100 | max rel diff. = 0.0376325
[2024-02-06 14:35:23.477] [jointLog] [info] iteration = 1,200 | max rel diff. = 0.118216
[2024-02-06 14:35:24.332] [jointLog] [info] iteration = 1,300 | max rel diff. = 1.78322
[2024-02-06 14:35:24.588] [jointLog] [info] iteration = 1,331 | max rel diff. = 0.00899444
[2024-02-06 14:35:24.609] [jointLog] [info] Finished optimizer
[2024-02-06 14:35:24.609] [jointLog] [info] writing output 

