[2024-02-06 14:39:24.805] [jointLog] [info] setting maxHashResizeThreads to 8
[2024-02-06 14:39:24.805] [jointLog] [info] Fragment incompatibility prior below threshold.  Incompatible fragments will be ignored.
[2024-02-06 14:39:24.805] [jointLog] [info] Usage of --validateMappings implies use of minScoreFraction. Since not explicitly specified, it is being set to 0.65
[2024-02-06 14:39:24.805] [jointLog] [info] Setting consensusSlack to selective-alignment default of 0.35.
[2024-02-06 14:39:24.805] [jointLog] [info] parsing read library format
[2024-02-06 14:39:24.805] [jointLog] [info] There is 1 library.
[2024-02-06 14:39:24.807] [jointLog] [info] Loading pufferfish index
[2024-02-06 14:39:24.808] [jointLog] [info] Loading dense pufferfish index.
[2024-02-06 14:39:25.283] [jointLog] [info] done
[2024-02-06 14:39:25.367] [jointLog] [info] Index contained 86,774 targets
[2024-02-06 14:39:26.498] [jointLog] [info] Number of decoys : 0
[2024-02-06 14:39:27.137] [jointLog] [info] Automatically detected most likely library type as ISR

[2024-02-06 14:43:23.120] [jointLog] [info] Thread saw mini-batch with a maximum of 2.34% zero probability fragments
[2024-02-06 14:43:23.187] [jointLog] [info] Thread saw mini-batch with a maximum of 2.36% zero probability fragments
[2024-02-06 14:43:23.189] [jointLog] [info] Thread saw mini-batch with a maximum of 2.36% zero probability fragments
[2024-02-06 14:43:23.220] [jointLog] [info] Thread saw mini-batch with a maximum of 2.42% zero probability fragments
[2024-02-06 14:43:23.236] [jointLog] [info] Thread saw mini-batch with a maximum of 2.38% zero probability fragments
[2024-02-06 14:43:23.266] [jointLog] [info] Thread saw mini-batch with a maximum of 2.34% zero probability fragments
[2024-02-06 14:43:23.294] [jointLog] [info] Thread saw mini-batch with a maximum of 2.36% zero probability fragments
[2024-02-06 14:43:23.295] [jointLog] [info] Thread saw mini-batch with a maximum of 2.34% zero probability fragments
[2024-02-06 14:43:23.622] [jointLog] [info] Computed 247,912 rich equivalence classes for further processing
[2024-02-06 14:43:23.622] [jointLog] [info] Counted 30,262,065 total reads in the equivalence classes 
[2024-02-06 14:43:23.628] [jointLog] [info] Number of mappings discarded because of alignment score : 50,035,599
[2024-02-06 14:43:23.628] [jointLog] [info] Number of fragments entirely discarded because of alignment score : 2,948,048
[2024-02-06 14:43:23.628] [jointLog] [info] Number of fragments discarded because they are best-mapped to decoys : 0
[2024-02-06 14:43:23.628] [jointLog] [info] Number of fragments discarded because they have only dovetail (discordant) mappings to valid targets : 324,415
[2024-02-06 14:43:23.628] [jointLog] [info] Mapping rate = 62.6606%

[2024-02-06 14:43:23.628] [jointLog] [info] finished quantifyLibrary()
[2024-02-06 14:43:23.633] [jointLog] [info] Starting optimizer
[2024-02-06 14:43:23.719] [jointLog] [info] Marked 0 weighted equivalence classes as degenerate
[2024-02-06 14:43:23.731] [jointLog] [info] iteration = 0 | max rel diff. = 13419.6
[2024-02-06 14:43:23.841] [jointLog] [info] iteration 11, adjusting effective lengths to account for biases
[2024-02-06 14:43:23.623] [fileLog] [info] 
At end of round 0
==================
Observed 48295222 total fragments (48295222 in most recent round)

[2024-02-06 14:43:44.756] [jointLog] [info] Computed expected counts (for bias correction)
[2024-02-06 14:43:44.756] [jointLog] [info] processed bias for 0.0% of the transcripts
[2024-02-06 14:43:45.781] [jointLog] [info] processed bias for 10.0% of the transcripts
[2024-02-06 14:43:48.011] [jointLog] [info] processed bias for 20.0% of the transcripts
[2024-02-06 14:43:50.359] [jointLog] [info] processed bias for 30.0% of the transcripts
[2024-02-06 14:43:52.570] [jointLog] [info] processed bias for 40.0% of the transcripts
[2024-02-06 14:43:54.409] [jointLog] [info] processed bias for 50.0% of the transcripts
[2024-02-06 14:43:56.665] [jointLog] [info] processed bias for 60.0% of the transcripts
[2024-02-06 14:43:58.913] [jointLog] [info] processed bias for 70.0% of the transcripts
[2024-02-06 14:44:01.228] [jointLog] [info] processed bias for 80.0% of the transcripts
[2024-02-06 14:44:03.567] [jointLog] [info] processed bias for 90.0% of the transcripts
[2024-02-06 14:44:05.833] [jointLog] [info] processed bias for 100.0% of the transcripts
[2024-02-06 14:44:06.762] [jointLog] [info] iteration = 100 | max rel diff. = 18.6842
[2024-02-06 14:44:07.767] [jointLog] [info] iteration = 200 | max rel diff. = 8.15137
[2024-02-06 14:44:08.812] [jointLog] [info] iteration = 300 | max rel diff. = 2.76472
[2024-02-06 14:44:09.840] [jointLog] [info] iteration = 400 | max rel diff. = 0.623626
[2024-02-06 14:44:10.897] [jointLog] [info] iteration = 500 | max rel diff. = 2.03559
[2024-02-06 14:44:11.903] [jointLog] [info] iteration = 600 | max rel diff. = 0.285185
[2024-02-06 14:44:12.905] [jointLog] [info] iteration = 700 | max rel diff. = 13.6082
[2024-02-06 14:44:13.899] [jointLog] [info] iteration = 800 | max rel diff. = 1.82603
[2024-02-06 14:44:14.894] [jointLog] [info] iteration = 900 | max rel diff. = 0.14726
[2024-02-06 14:44:15.885] [jointLog] [info] iteration = 1,000 | max rel diff. = 0.566755
[2024-02-06 14:44:16.873] [jointLog] [info] iteration = 1,100 | max rel diff. = 0.218751
[2024-02-06 14:44:17.867] [jointLog] [info] iteration = 1,200 | max rel diff. = 0.278033
[2024-02-06 14:44:18.712] [jointLog] [info] iteration = 1,286 | max rel diff. = 0.00782279
[2024-02-06 14:44:18.732] [jointLog] [info] Finished optimizer
[2024-02-06 14:44:18.732] [jointLog] [info] writing output 

