[2024-02-06 14:13:51.066] [jointLog] [info] setting maxHashResizeThreads to 8
[2024-02-06 14:13:51.066] [jointLog] [info] Fragment incompatibility prior below threshold.  Incompatible fragments will be ignored.
[2024-02-06 14:13:51.066] [jointLog] [info] Usage of --validateMappings implies use of minScoreFraction. Since not explicitly specified, it is being set to 0.65
[2024-02-06 14:13:51.066] [jointLog] [info] Setting consensusSlack to selective-alignment default of 0.35.
[2024-02-06 14:13:51.066] [jointLog] [info] parsing read library format
[2024-02-06 14:13:51.066] [jointLog] [info] There is 1 library.
[2024-02-06 14:13:51.070] [jointLog] [info] Loading pufferfish index
[2024-02-06 14:13:51.071] [jointLog] [info] Loading dense pufferfish index.
[2024-02-06 14:14:00.893] [jointLog] [info] done
[2024-02-06 14:14:00.975] [jointLog] [info] Index contained 86,774 targets
[2024-02-06 14:14:02.246] [jointLog] [info] Number of decoys : 0
[2024-02-06 14:14:02.877] [jointLog] [info] Automatically detected most likely library type as ISR

[2024-02-06 14:15:44.106] [jointLog] [info] Thread saw mini-batch with a maximum of 1.94% zero probability fragments
[2024-02-06 14:15:44.107] [jointLog] [info] Thread saw mini-batch with a maximum of 1.94% zero probability fragments
[2024-02-06 14:15:44.117] [jointLog] [info] Thread saw mini-batch with a maximum of 1.98% zero probability fragments
[2024-02-06 14:15:44.161] [jointLog] [info] Thread saw mini-batch with a maximum of 1.92% zero probability fragments
[2024-02-06 14:15:44.171] [jointLog] [info] Thread saw mini-batch with a maximum of 1.92% zero probability fragments
[2024-02-06 14:15:44.264] [jointLog] [info] Thread saw mini-batch with a maximum of 2.04% zero probability fragments
[2024-02-06 14:15:44.274] [jointLog] [info] Thread saw mini-batch with a maximum of 1.92% zero probability fragments
[2024-02-06 14:15:44.304] [jointLog] [info] Thread saw mini-batch with a maximum of 1.92% zero probability fragments
[2024-02-06 14:15:44.726] [fileLog] [info] 
At end of round 0
==================
Observed 23061802 total fragments (23061802 in most recent round)

[2024-02-06 14:15:44.725] [jointLog] [info] Computed 265,169 rich equivalence classes for further processing
[2024-02-06 14:15:44.725] [jointLog] [info] Counted 17,714,218 total reads in the equivalence classes 
[2024-02-06 14:15:44.730] [jointLog] [info] Number of mappings discarded because of alignment score : 16,504,839
[2024-02-06 14:15:44.730] [jointLog] [info] Number of fragments entirely discarded because of alignment score : 1,280,078
[2024-02-06 14:15:44.730] [jointLog] [info] Number of fragments discarded because they are best-mapped to decoys : 0
[2024-02-06 14:15:44.730] [jointLog] [info] Number of fragments discarded because they have only dovetail (discordant) mappings to valid targets : 103,725
[2024-02-06 14:15:44.730] [jointLog] [info] Mapping rate = 76.8119%

[2024-02-06 14:15:44.730] [jointLog] [info] finished quantifyLibrary()
[2024-02-06 14:15:44.737] [jointLog] [info] Starting optimizer
[2024-02-06 14:15:44.816] [jointLog] [info] Marked 0 weighted equivalence classes as degenerate
[2024-02-06 14:15:44.831] [jointLog] [info] iteration = 0 | max rel diff. = 12108.9
[2024-02-06 14:15:44.961] [jointLog] [info] iteration 11, adjusting effective lengths to account for biases
[2024-02-06 14:16:03.279] [jointLog] [info] Computed expected counts (for bias correction)
[2024-02-06 14:16:03.279] [jointLog] [info] processed bias for 0.0% of the transcripts
[2024-02-06 14:16:05.249] [jointLog] [info] processed bias for 10.0% of the transcripts
[2024-02-06 14:16:07.252] [jointLog] [info] processed bias for 20.0% of the transcripts
[2024-02-06 14:16:09.226] [jointLog] [info] processed bias for 30.0% of the transcripts
[2024-02-06 14:16:10.725] [jointLog] [info] processed bias for 40.0% of the transcripts
[2024-02-06 14:16:11.580] [jointLog] [info] processed bias for 50.0% of the transcripts
[2024-02-06 14:16:13.557] [jointLog] [info] processed bias for 60.0% of the transcripts
[2024-02-06 14:16:15.542] [jointLog] [info] processed bias for 70.0% of the transcripts
[2024-02-06 14:16:17.448] [jointLog] [info] processed bias for 80.0% of the transcripts
[2024-02-06 14:16:19.401] [jointLog] [info] processed bias for 90.0% of the transcripts
[2024-02-06 14:16:21.409] [jointLog] [info] processed bias for 100.0% of the transcripts
[2024-02-06 14:16:21.418] [jointLog] [info] processed bias for 100.0% of the transcripts
[2024-02-06 14:16:22.400] [jointLog] [info] iteration = 100 | max rel diff. = 9.9716
[2024-02-06 14:16:23.454] [jointLog] [info] iteration = 200 | max rel diff. = 3.33293
[2024-02-06 14:16:24.507] [jointLog] [info] iteration = 300 | max rel diff. = 1.56739
[2024-02-06 14:16:25.556] [jointLog] [info] iteration = 400 | max rel diff. = 0.60308
[2024-02-06 14:16:26.569] [jointLog] [info] iteration = 500 | max rel diff. = 0.174558
[2024-02-06 14:16:27.569] [jointLog] [info] iteration = 600 | max rel diff. = 0.350556
[2024-02-06 14:16:28.575] [jointLog] [info] iteration = 700 | max rel diff. = 0.462784
[2024-02-06 14:16:29.574] [jointLog] [info] iteration = 800 | max rel diff. = 1.50909
[2024-02-06 14:16:30.575] [jointLog] [info] iteration = 900 | max rel diff. = 0.0726272
[2024-02-06 14:16:31.575] [jointLog] [info] iteration = 1,000 | max rel diff. = 0.0286689
[2024-02-06 14:16:31.905] [jointLog] [info] iteration = 1,034 | max rel diff. = 0.00636294
[2024-02-06 14:16:31.926] [jointLog] [info] Finished optimizer
[2024-02-06 14:16:31.926] [jointLog] [info] writing output 

