[2024-02-06 14:17:21.095] [jointLog] [info] setting maxHashResizeThreads to 8
[2024-02-06 14:17:21.095] [jointLog] [info] Fragment incompatibility prior below threshold.  Incompatible fragments will be ignored.
[2024-02-06 14:17:21.095] [jointLog] [info] Usage of --validateMappings implies use of minScoreFraction. Since not explicitly specified, it is being set to 0.65
[2024-02-06 14:17:21.095] [jointLog] [info] Setting consensusSlack to selective-alignment default of 0.35.
[2024-02-06 14:17:21.095] [jointLog] [info] parsing read library format
[2024-02-06 14:17:21.095] [jointLog] [info] There is 1 library.
[2024-02-06 14:17:21.100] [jointLog] [info] Loading pufferfish index
[2024-02-06 14:17:21.100] [jointLog] [info] Loading dense pufferfish index.
[2024-02-06 14:17:21.557] [jointLog] [info] done
[2024-02-06 14:17:21.631] [jointLog] [info] Index contained 86,774 targets
[2024-02-06 14:17:22.682] [jointLog] [info] Number of decoys : 0
[2024-02-06 14:17:23.171] [jointLog] [info] Automatically detected most likely library type as ISR

[2024-02-06 14:19:58.798] [jointLog] [info] Thread saw mini-batch with a maximum of 1.68% zero probability fragments
[2024-02-06 14:19:58.806] [jointLog] [info] Thread saw mini-batch with a maximum of 1.64% zero probability fragments
[2024-02-06 14:19:58.813] [jointLog] [info] Thread saw mini-batch with a maximum of 1.62% zero probability fragments
[2024-02-06 14:19:58.838] [jointLog] [info] Thread saw mini-batch with a maximum of 1.62% zero probability fragments
[2024-02-06 14:19:58.852] [jointLog] [info] Thread saw mini-batch with a maximum of 1.64% zero probability fragments
[2024-02-06 14:19:58.862] [jointLog] [info] Thread saw mini-batch with a maximum of 1.72% zero probability fragments
[2024-02-06 14:19:58.891] [jointLog] [info] Thread saw mini-batch with a maximum of 1.58% zero probability fragments
[2024-02-06 14:19:58.910] [jointLog] [info] Thread saw mini-batch with a maximum of 1.60% zero probability fragments
[2024-02-06 14:19:59.198] [fileLog] [info] 
At end of round 0
==================
Observed 36646236 total fragments (36646236 in most recent round)

[2024-02-06 14:19:59.198] [jointLog] [info] Computed 262,173 rich equivalence classes for further processing
[2024-02-06 14:19:59.198] [jointLog] [info] Counted 26,646,532 total reads in the equivalence classes 
[2024-02-06 14:19:59.202] [jointLog] [info] Number of mappings discarded because of alignment score : 40,680,512
[2024-02-06 14:19:59.202] [jointLog] [info] Number of fragments entirely discarded because of alignment score : 1,837,392
[2024-02-06 14:19:59.202] [jointLog] [info] Number of fragments discarded because they are best-mapped to decoys : 0
[2024-02-06 14:19:59.202] [jointLog] [info] Number of fragments discarded because they have only dovetail (discordant) mappings to valid targets : 203,214
[2024-02-06 14:19:59.202] [jointLog] [info] Mapping rate = 72.7129%

[2024-02-06 14:19:59.202] [jointLog] [info] finished quantifyLibrary()
[2024-02-06 14:19:59.210] [jointLog] [info] Starting optimizer
[2024-02-06 14:19:59.280] [jointLog] [info] Marked 0 weighted equivalence classes as degenerate
[2024-02-06 14:19:59.292] [jointLog] [info] iteration = 0 | max rel diff. = 14267.2
[2024-02-06 14:19:59.408] [jointLog] [info] iteration 11, adjusting effective lengths to account for biases
[2024-02-06 14:20:19.281] [jointLog] [info] Computed expected counts (for bias correction)
[2024-02-06 14:20:19.281] [jointLog] [info] processed bias for 0.0% of the transcripts
[2024-02-06 14:20:21.360] [jointLog] [info] processed bias for 10.0% of the transcripts
[2024-02-06 14:20:23.547] [jointLog] [info] processed bias for 20.0% of the transcripts
[2024-02-06 14:20:25.649] [jointLog] [info] processed bias for 30.0% of the transcripts
[2024-02-06 14:20:27.704] [jointLog] [info] processed bias for 40.0% of the transcripts
[2024-02-06 14:20:29.775] [jointLog] [info] processed bias for 50.0% of the transcripts
[2024-02-06 14:20:31.959] [jointLog] [info] processed bias for 60.0% of the transcripts
[2024-02-06 14:20:34.155] [jointLog] [info] processed bias for 70.0% of the transcripts
[2024-02-06 14:20:36.355] [jointLog] [info] processed bias for 80.0% of the transcripts
[2024-02-06 14:20:38.460] [jointLog] [info] processed bias for 90.0% of the transcripts
[2024-02-06 14:20:39.077] [jointLog] [info] processed bias for 100.0% of the transcripts
[2024-02-06 14:20:40.076] [jointLog] [info] iteration = 100 | max rel diff. = 20.6058
[2024-02-06 14:20:41.099] [jointLog] [info] iteration = 200 | max rel diff. = 7.25297
[2024-02-06 14:20:42.132] [jointLog] [info] iteration = 300 | max rel diff. = 1.9495
[2024-02-06 14:20:43.213] [jointLog] [info] iteration = 400 | max rel diff. = 0.591177
[2024-02-06 14:20:44.277] [jointLog] [info] iteration = 500 | max rel diff. = 0.247083
[2024-02-06 14:20:45.317] [jointLog] [info] iteration = 600 | max rel diff. = 0.223609
[2024-02-06 14:20:46.250] [jointLog] [info] iteration = 700 | max rel diff. = 0.0906374
[2024-02-06 14:20:47.266] [jointLog] [info] iteration = 800 | max rel diff. = 0.319859
[2024-02-06 14:20:48.299] [jointLog] [info] iteration = 900 | max rel diff. = 0.162086
[2024-02-06 14:20:49.314] [jointLog] [info] iteration = 1,000 | max rel diff. = 0.0648652
[2024-02-06 14:20:50.338] [jointLog] [info] iteration = 1,100 | max rel diff. = 0.0792936
[2024-02-06 14:20:51.386] [jointLog] [info] iteration = 1,200 | max rel diff. = 0.0752925
[2024-02-06 14:20:52.410] [jointLog] [info] iteration = 1,300 | max rel diff. = 0.0774117
[2024-02-06 14:20:53.423] [jointLog] [info] iteration = 1,400 | max rel diff. = 0.0373049
[2024-02-06 14:20:53.985] [jointLog] [info] iteration = 1,456 | max rel diff. = 0.00725982
[2024-02-06 14:20:54.005] [jointLog] [info] Finished optimizer
[2024-02-06 14:20:54.005] [jointLog] [info] writing output 

