[2024-02-06 14:18:21.226] [jointLog] [info] setting maxHashResizeThreads to 8
[2024-02-06 14:18:21.226] [jointLog] [info] Fragment incompatibility prior below threshold.  Incompatible fragments will be ignored.
[2024-02-06 14:18:21.226] [jointLog] [info] Usage of --validateMappings implies use of minScoreFraction. Since not explicitly specified, it is being set to 0.65
[2024-02-06 14:18:21.226] [jointLog] [info] Setting consensusSlack to selective-alignment default of 0.35.
[2024-02-06 14:18:21.226] [jointLog] [info] parsing read library format
[2024-02-06 14:18:21.226] [jointLog] [info] There is 1 library.
[2024-02-06 14:18:21.229] [jointLog] [info] Loading pufferfish index
[2024-02-06 14:18:21.229] [jointLog] [info] Loading dense pufferfish index.
[2024-02-06 14:18:21.666] [jointLog] [info] done
[2024-02-06 14:18:21.741] [jointLog] [info] Index contained 86,774 targets
[2024-02-06 14:18:22.817] [jointLog] [info] Number of decoys : 0
[2024-02-06 14:18:23.296] [jointLog] [info] Automatically detected most likely library type as ISR

[2024-02-06 14:21:02.121] [jointLog] [info] Thread saw mini-batch with a maximum of 1.44% zero probability fragments
[2024-02-06 14:21:02.146] [jointLog] [info] Thread saw mini-batch with a maximum of 1.42% zero probability fragments
[2024-02-06 14:21:02.159] [jointLog] [info] Thread saw mini-batch with a maximum of 1.46% zero probability fragments
[2024-02-06 14:21:02.160] [jointLog] [info] Thread saw mini-batch with a maximum of 1.44% zero probability fragments
[2024-02-06 14:21:02.167] [jointLog] [info] Thread saw mini-batch with a maximum of 1.50% zero probability fragments
[2024-02-06 14:21:02.177] [jointLog] [info] Thread saw mini-batch with a maximum of 1.56% zero probability fragments
[2024-02-06 14:21:02.268] [jointLog] [info] Thread saw mini-batch with a maximum of 1.46% zero probability fragments
[2024-02-06 14:21:02.273] [jointLog] [info] Thread saw mini-batch with a maximum of 1.46% zero probability fragments
[2024-02-06 14:21:02.532] [jointLog] [info] Computed 241,076 rich equivalence classes for further processing
[2024-02-06 14:21:02.532] [jointLog] [info] Counted 22,197,485 total reads in the equivalence classes 
[2024-02-06 14:21:02.536] [jointLog] [info] Number of mappings discarded because of alignment score : 32,528,695
[2024-02-06 14:21:02.536] [jointLog] [info] Number of fragments entirely discarded because of alignment score : 1,765,526
[2024-02-06 14:21:02.536] [jointLog] [info] Number of fragments discarded because they are best-mapped to decoys : 0
[2024-02-06 14:21:02.536] [jointLog] [info] Number of fragments discarded because they have only dovetail (discordant) mappings to valid targets : 167,654
[2024-02-06 14:21:02.536] [jointLog] [info] Mapping rate = 73.0387%

[2024-02-06 14:21:02.536] [jointLog] [info] finished quantifyLibrary()
[2024-02-06 14:21:02.542] [jointLog] [info] Starting optimizer
[2024-02-06 14:21:02.626] [jointLog] [info] Marked 0 weighted equivalence classes as degenerate
[2024-02-06 14:21:02.636] [jointLog] [info] iteration = 0 | max rel diff. = 13598.4
[2024-02-06 14:21:02.736] [jointLog] [info] iteration 11, adjusting effective lengths to account for biases
[2024-02-06 14:21:02.532] [fileLog] [info] 
At end of round 0
==================
Observed 30391415 total fragments (30391415 in most recent round)

[2024-02-06 14:21:22.091] [jointLog] [info] Computed expected counts (for bias correction)
[2024-02-06 14:21:22.091] [jointLog] [info] processed bias for 0.0% of the transcripts
[2024-02-06 14:21:24.167] [jointLog] [info] processed bias for 10.0% of the transcripts
[2024-02-06 14:21:26.289] [jointLog] [info] processed bias for 20.0% of the transcripts
[2024-02-06 14:21:28.383] [jointLog] [info] processed bias for 30.0% of the transcripts
[2024-02-06 14:21:30.167] [jointLog] [info] processed bias for 40.0% of the transcripts
[2024-02-06 14:21:31.075] [jointLog] [info] processed bias for 50.0% of the transcripts
[2024-02-06 14:21:33.123] [jointLog] [info] processed bias for 60.0% of the transcripts
[2024-02-06 14:21:35.251] [jointLog] [info] processed bias for 70.0% of the transcripts
[2024-02-06 14:21:37.467] [jointLog] [info] processed bias for 80.0% of the transcripts
[2024-02-06 14:21:39.618] [jointLog] [info] processed bias for 90.0% of the transcripts
[2024-02-06 14:21:41.785] [jointLog] [info] processed bias for 100.0% of the transcripts
[2024-02-06 14:21:42.608] [jointLog] [info] iteration = 100 | max rel diff. = 18.7645
[2024-02-06 14:21:43.580] [jointLog] [info] iteration = 200 | max rel diff. = 9.77449
[2024-02-06 14:21:44.578] [jointLog] [info] iteration = 300 | max rel diff. = 3.78507
[2024-02-06 14:21:45.575] [jointLog] [info] iteration = 400 | max rel diff. = 1.46392
[2024-02-06 14:21:46.571] [jointLog] [info] iteration = 500 | max rel diff. = 1.04391
[2024-02-06 14:21:47.555] [jointLog] [info] iteration = 600 | max rel diff. = 5.17626
[2024-02-06 14:21:48.551] [jointLog] [info] iteration = 700 | max rel diff. = 0.199948
[2024-02-06 14:21:49.554] [jointLog] [info] iteration = 800 | max rel diff. = 0.108884
[2024-02-06 14:21:50.554] [jointLog] [info] iteration = 900 | max rel diff. = 0.117247
[2024-02-06 14:21:51.548] [jointLog] [info] iteration = 1,000 | max rel diff. = 0.0245068
[2024-02-06 14:21:52.542] [jointLog] [info] iteration = 1,100 | max rel diff. = 0.0149771
[2024-02-06 14:21:53.535] [jointLog] [info] iteration = 1,200 | max rel diff. = 0.205498
[2024-02-06 14:21:54.524] [jointLog] [info] iteration = 1,300 | max rel diff. = 0.173312
[2024-02-06 14:21:55.526] [jointLog] [info] iteration = 1,400 | max rel diff. = 0.0372634
[2024-02-06 14:21:56.498] [jointLog] [info] iteration = 1,500 | max rel diff. = 0.178114
[2024-02-06 14:21:57.501] [jointLog] [info] iteration = 1,600 | max rel diff. = 0.299331
[2024-02-06 14:21:58.313] [jointLog] [info] iteration = 1,684 | max rel diff. = 0.00957266
[2024-02-06 14:21:58.335] [jointLog] [info] Finished optimizer
[2024-02-06 14:21:58.335] [jointLog] [info] writing output 

