[2024-02-06 14:19:00.657] [jointLog] [info] setting maxHashResizeThreads to 8
[2024-02-06 14:19:00.657] [jointLog] [info] Fragment incompatibility prior below threshold.  Incompatible fragments will be ignored.
[2024-02-06 14:19:00.657] [jointLog] [info] Usage of --validateMappings implies use of minScoreFraction. Since not explicitly specified, it is being set to 0.65
[2024-02-06 14:19:00.657] [jointLog] [info] Setting consensusSlack to selective-alignment default of 0.35.
[2024-02-06 14:19:00.657] [jointLog] [info] parsing read library format
[2024-02-06 14:19:00.657] [jointLog] [info] There is 1 library.
[2024-02-06 14:19:00.660] [jointLog] [info] Loading pufferfish index
[2024-02-06 14:19:00.661] [jointLog] [info] Loading dense pufferfish index.
[2024-02-06 14:19:01.191] [jointLog] [info] done
[2024-02-06 14:19:01.281] [jointLog] [info] Index contained 86,774 targets
[2024-02-06 14:19:02.522] [jointLog] [info] Number of decoys : 0
[2024-02-06 14:19:03.042] [jointLog] [info] Automatically detected most likely library type as ISR

[2024-02-06 14:21:26.585] [jointLog] [info] Thread saw mini-batch with a maximum of 1.14% zero probability fragments
[2024-02-06 14:21:26.603] [jointLog] [info] Thread saw mini-batch with a maximum of 1.06% zero probability fragments
[2024-02-06 14:21:26.623] [jointLog] [info] Thread saw mini-batch with a maximum of 1.04% zero probability fragments
[2024-02-06 14:21:26.635] [jointLog] [info] Thread saw mini-batch with a maximum of 1.19% zero probability fragments
[2024-02-06 14:21:26.654] [jointLog] [info] Thread saw mini-batch with a maximum of 1.12% zero probability fragments
[2024-02-06 14:21:26.721] [jointLog] [info] Thread saw mini-batch with a maximum of 1.08% zero probability fragments
[2024-02-06 14:21:26.736] [jointLog] [info] Thread saw mini-batch with a maximum of 1.12% zero probability fragments
[2024-02-06 14:21:26.784] [jointLog] [info] Thread saw mini-batch with a maximum of 1.22% zero probability fragments
[2024-02-06 14:21:27.015] [jointLog] [info] Computed 249,180 rich equivalence classes for further processing
[2024-02-06 14:21:27.015] [jointLog] [info] Counted 22,649,657 total reads in the equivalence classes 
[2024-02-06 14:21:27.028] [jointLog] [info] Number of mappings discarded because of alignment score : 30,666,857
[2024-02-06 14:21:27.028] [jointLog] [info] Number of fragments entirely discarded because of alignment score : 1,808,419
[2024-02-06 14:21:27.028] [jointLog] [info] Number of fragments discarded because they are best-mapped to decoys : 0
[2024-02-06 14:21:27.028] [jointLog] [info] Number of fragments discarded because they have only dovetail (discordant) mappings to valid targets : 156,706
[2024-02-06 14:21:27.028] [jointLog] [info] Mapping rate = 73.5464%

[2024-02-06 14:21:27.028] [jointLog] [info] finished quantifyLibrary()
[2024-02-06 14:21:27.034] [jointLog] [info] Starting optimizer
[2024-02-06 14:21:27.109] [jointLog] [info] Marked 0 weighted equivalence classes as degenerate
[2024-02-06 14:21:27.124] [jointLog] [info] iteration = 0 | max rel diff. = 13680
[2024-02-06 14:21:27.244] [jointLog] [info] iteration 11, adjusting effective lengths to account for biases
[2024-02-06 14:21:27.016] [fileLog] [info] 
At end of round 0
==================
Observed 30796429 total fragments (30796429 in most recent round)

[2024-02-06 14:21:47.967] [jointLog] [info] Computed expected counts (for bias correction)
[2024-02-06 14:21:47.967] [jointLog] [info] processed bias for 0.0% of the transcripts
[2024-02-06 14:21:50.108] [jointLog] [info] processed bias for 10.0% of the transcripts
[2024-02-06 14:21:52.458] [jointLog] [info] processed bias for 20.0% of the transcripts
[2024-02-06 14:21:54.622] [jointLog] [info] processed bias for 30.0% of the transcripts
[2024-02-06 14:21:56.800] [jointLog] [info] processed bias for 40.0% of the transcripts
[2024-02-06 14:21:59.010] [jointLog] [info] processed bias for 50.0% of the transcripts
[2024-02-06 14:21:59.985] [jointLog] [info] processed bias for 60.0% of the transcripts
[2024-02-06 14:22:01.902] [jointLog] [info] processed bias for 70.0% of the transcripts
[2024-02-06 14:22:04.159] [jointLog] [info] processed bias for 80.0% of the transcripts
[2024-02-06 14:22:06.470] [jointLog] [info] processed bias for 90.0% of the transcripts
[2024-02-06 14:22:08.673] [jointLog] [info] processed bias for 100.0% of the transcripts
[2024-02-06 14:22:09.532] [jointLog] [info] iteration = 100 | max rel diff. = 16.949
[2024-02-06 14:22:10.481] [jointLog] [info] iteration = 200 | max rel diff. = 8.00044
[2024-02-06 14:22:11.428] [jointLog] [info] iteration = 300 | max rel diff. = 1.85346
[2024-02-06 14:22:12.375] [jointLog] [info] iteration = 400 | max rel diff. = 4.14109
[2024-02-06 14:22:13.322] [jointLog] [info] iteration = 500 | max rel diff. = 2.31663
[2024-02-06 14:22:14.272] [jointLog] [info] iteration = 600 | max rel diff. = 0.390195
[2024-02-06 14:22:15.219] [jointLog] [info] iteration = 700 | max rel diff. = 0.353029
[2024-02-06 14:22:16.168] [jointLog] [info] iteration = 800 | max rel diff. = 0.0563148
[2024-02-06 14:22:17.116] [jointLog] [info] iteration = 900 | max rel diff. = 2.18377
[2024-02-06 14:22:18.064] [jointLog] [info] iteration = 1,000 | max rel diff. = 1.15821
[2024-02-06 14:22:19.013] [jointLog] [info] iteration = 1,100 | max rel diff. = 0.0579054
[2024-02-06 14:22:19.961] [jointLog] [info] iteration = 1,200 | max rel diff. = 0.0758641
[2024-02-06 14:22:20.909] [jointLog] [info] iteration = 1,300 | max rel diff. = 0.0403044
[2024-02-06 14:22:21.856] [jointLog] [info] iteration = 1,400 | max rel diff. = 0.530423
[2024-02-06 14:22:22.131] [jointLog] [info] iteration = 1,430 | max rel diff. = 0.00380094
[2024-02-06 14:22:22.148] [jointLog] [info] Finished optimizer
[2024-02-06 14:22:22.148] [jointLog] [info] writing output 

