[2024-02-06 14:18:21.392] [jointLog] [info] setting maxHashResizeThreads to 8
[2024-02-06 14:18:21.392] [jointLog] [info] Fragment incompatibility prior below threshold.  Incompatible fragments will be ignored.
[2024-02-06 14:18:21.392] [jointLog] [info] Usage of --validateMappings implies use of minScoreFraction. Since not explicitly specified, it is being set to 0.65
[2024-02-06 14:18:21.392] [jointLog] [info] Setting consensusSlack to selective-alignment default of 0.35.
[2024-02-06 14:18:21.392] [jointLog] [info] parsing read library format
[2024-02-06 14:18:21.392] [jointLog] [info] There is 1 library.
[2024-02-06 14:18:21.394] [jointLog] [info] Loading pufferfish index
[2024-02-06 14:18:21.395] [jointLog] [info] Loading dense pufferfish index.
[2024-02-06 14:18:36.458] [jointLog] [info] done
[2024-02-06 14:18:36.535] [jointLog] [info] Index contained 86,774 targets
[2024-02-06 14:18:37.625] [jointLog] [info] Number of decoys : 0
[2024-02-06 14:18:38.217] [jointLog] [info] Automatically detected most likely library type as ISR

[2024-02-06 14:21:37.906] [jointLog] [info] Thread saw mini-batch with a maximum of 1.62% zero probability fragments
[2024-02-06 14:21:37.951] [jointLog] [info] Thread saw mini-batch with a maximum of 1.64% zero probability fragments
[2024-02-06 14:21:37.984] [jointLog] [info] Thread saw mini-batch with a maximum of 1.58% zero probability fragments
[2024-02-06 14:21:37.994] [jointLog] [info] Thread saw mini-batch with a maximum of 1.60% zero probability fragments
[2024-02-06 14:21:38.023] [jointLog] [info] Thread saw mini-batch with a maximum of 1.54% zero probability fragments
[2024-02-06 14:21:38.087] [jointLog] [info] Thread saw mini-batch with a maximum of 1.52% zero probability fragments
[2024-02-06 14:21:38.102] [jointLog] [info] Thread saw mini-batch with a maximum of 1.58% zero probability fragments
[2024-02-06 14:21:38.118] [jointLog] [info] Thread saw mini-batch with a maximum of 1.58% zero probability fragments
[2024-02-06 14:21:38.437] [jointLog] [info] Computed 251,365 rich equivalence classes for further processing
[2024-02-06 14:21:38.437] [jointLog] [info] Counted 23,645,953 total reads in the equivalence classes 
[2024-02-06 14:21:38.443] [jointLog] [info] Number of mappings discarded because of alignment score : 43,046,325
[2024-02-06 14:21:38.443] [jointLog] [info] Number of fragments entirely discarded because of alignment score : 1,827,888
[2024-02-06 14:21:38.443] [jointLog] [info] Number of fragments discarded because they are best-mapped to decoys : 0
[2024-02-06 14:21:38.443] [jointLog] [info] Number of fragments discarded because they have only dovetail (discordant) mappings to valid targets : 200,127
[2024-02-06 14:21:38.443] [jointLog] [info] Mapping rate = 70.8606%

[2024-02-06 14:21:38.443] [jointLog] [info] finished quantifyLibrary()
[2024-02-06 14:21:38.449] [jointLog] [info] Starting optimizer
[2024-02-06 14:21:38.546] [jointLog] [info] Marked 0 weighted equivalence classes as degenerate
[2024-02-06 14:21:38.557] [jointLog] [info] iteration = 0 | max rel diff. = 13547
[2024-02-06 14:21:38.439] [fileLog] [info] 
At end of round 0
==================
Observed 33369666 total fragments (33369666 in most recent round)

[2024-02-06 14:21:38.678] [jointLog] [info] iteration 11, adjusting effective lengths to account for biases
[2024-02-06 14:22:00.565] [jointLog] [info] Computed expected counts (for bias correction)
[2024-02-06 14:22:00.565] [jointLog] [info] processed bias for 0.0% of the transcripts
[2024-02-06 14:22:02.872] [jointLog] [info] processed bias for 10.0% of the transcripts
[2024-02-06 14:22:05.281] [jointLog] [info] processed bias for 20.0% of the transcripts
[2024-02-06 14:22:07.665] [jointLog] [info] processed bias for 30.0% of the transcripts
[2024-02-06 14:22:10.099] [jointLog] [info] processed bias for 40.0% of the transcripts
[2024-02-06 14:22:12.392] [jointLog] [info] processed bias for 50.0% of the transcripts
[2024-02-06 14:22:13.721] [jointLog] [info] processed bias for 60.0% of the transcripts
[2024-02-06 14:22:15.552] [jointLog] [info] processed bias for 70.0% of the transcripts
[2024-02-06 14:22:17.889] [jointLog] [info] processed bias for 80.0% of the transcripts
[2024-02-06 14:22:20.190] [jointLog] [info] processed bias for 90.0% of the transcripts
[2024-02-06 14:22:22.529] [jointLog] [info] processed bias for 100.0% of the transcripts
[2024-02-06 14:22:23.619] [jointLog] [info] iteration = 100 | max rel diff. = 14.6892
[2024-02-06 14:22:24.816] [jointLog] [info] iteration = 200 | max rel diff. = 4.95517
[2024-02-06 14:22:26.016] [jointLog] [info] iteration = 300 | max rel diff. = 7.86348
[2024-02-06 14:22:27.214] [jointLog] [info] iteration = 400 | max rel diff. = 4.59345
[2024-02-06 14:22:28.412] [jointLog] [info] iteration = 500 | max rel diff. = 1.7002
[2024-02-06 14:22:29.609] [jointLog] [info] iteration = 600 | max rel diff. = 0.667063
[2024-02-06 14:22:30.811] [jointLog] [info] iteration = 700 | max rel diff. = 0.138799
[2024-02-06 14:22:32.012] [jointLog] [info] iteration = 800 | max rel diff. = 0.035665
[2024-02-06 14:22:33.206] [jointLog] [info] iteration = 900 | max rel diff. = 0.101873
[2024-02-06 14:22:34.399] [jointLog] [info] iteration = 1,000 | max rel diff. = 0.0534303
[2024-02-06 14:22:35.592] [jointLog] [info] iteration = 1,100 | max rel diff. = 0.131893
[2024-02-06 14:22:36.789] [jointLog] [info] iteration = 1,200 | max rel diff. = 0.074936
[2024-02-06 14:22:36.992] [jointLog] [info] iteration = 1,218 | max rel diff. = 0.0085869
[2024-02-06 14:22:37.013] [jointLog] [info] Finished optimizer
[2024-02-06 14:22:37.013] [jointLog] [info] writing output 

