[2024-02-06 14:24:29.111] [jointLog] [info] setting maxHashResizeThreads to 8
[2024-02-06 14:24:29.111] [jointLog] [info] Fragment incompatibility prior below threshold.  Incompatible fragments will be ignored.
[2024-02-06 14:24:29.111] [jointLog] [info] Usage of --validateMappings implies use of minScoreFraction. Since not explicitly specified, it is being set to 0.65
[2024-02-06 14:24:29.111] [jointLog] [info] Setting consensusSlack to selective-alignment default of 0.35.
[2024-02-06 14:24:29.111] [jointLog] [info] parsing read library format
[2024-02-06 14:24:29.111] [jointLog] [info] There is 1 library.
[2024-02-06 14:24:29.113] [jointLog] [info] Loading pufferfish index
[2024-02-06 14:24:29.114] [jointLog] [info] Loading dense pufferfish index.
[2024-02-06 14:24:29.635] [jointLog] [info] done
[2024-02-06 14:24:29.751] [jointLog] [info] Index contained 86,774 targets
[2024-02-06 14:24:31.108] [jointLog] [info] Number of decoys : 0
[2024-02-06 14:24:31.713] [jointLog] [info] Automatically detected most likely library type as ISR

[2024-02-06 14:27:15.396] [jointLog] [info] Thread saw mini-batch with a maximum of 1.66% zero probability fragments
[2024-02-06 14:27:15.400] [jointLog] [info] Thread saw mini-batch with a maximum of 1.62% zero probability fragments
[2024-02-06 14:27:15.436] [jointLog] [info] Thread saw mini-batch with a maximum of 1.54% zero probability fragments
[2024-02-06 14:27:15.453] [jointLog] [info] Thread saw mini-batch with a maximum of 1.62% zero probability fragments
[2024-02-06 14:27:15.457] [jointLog] [info] Thread saw mini-batch with a maximum of 1.62% zero probability fragments
[2024-02-06 14:27:15.490] [jointLog] [info] Thread saw mini-batch with a maximum of 1.60% zero probability fragments
[2024-02-06 14:27:15.537] [jointLog] [info] Thread saw mini-batch with a maximum of 1.58% zero probability fragments
[2024-02-06 14:27:15.541] [jointLog] [info] Thread saw mini-batch with a maximum of 1.64% zero probability fragments
[2024-02-06 14:27:15.845] [fileLog] [info] 
At end of round 0
==================
Observed 31193203 total fragments (31193203 in most recent round)

[2024-02-06 14:27:15.845] [jointLog] [info] Computed 247,430 rich equivalence classes for further processing
[2024-02-06 14:27:15.845] [jointLog] [info] Counted 21,328,601 total reads in the equivalence classes 
[2024-02-06 14:27:15.851] [jointLog] [info] Number of mappings discarded because of alignment score : 38,629,630
[2024-02-06 14:27:15.851] [jointLog] [info] Number of fragments entirely discarded because of alignment score : 1,832,029
[2024-02-06 14:27:15.851] [jointLog] [info] Number of fragments discarded because they are best-mapped to decoys : 0
[2024-02-06 14:27:15.851] [jointLog] [info] Number of fragments discarded because they have only dovetail (discordant) mappings to valid targets : 192,610
[2024-02-06 14:27:15.851] [jointLog] [info] Mapping rate = 68.3758%

[2024-02-06 14:27:15.851] [jointLog] [info] finished quantifyLibrary()
[2024-02-06 14:27:15.856] [jointLog] [info] Starting optimizer
[2024-02-06 14:27:15.974] [jointLog] [info] Marked 0 weighted equivalence classes as degenerate
[2024-02-06 14:27:15.989] [jointLog] [info] iteration = 0 | max rel diff. = 12452.1
[2024-02-06 14:27:16.124] [jointLog] [info] iteration 11, adjusting effective lengths to account for biases
[2024-02-06 14:27:37.486] [jointLog] [info] Computed expected counts (for bias correction)
[2024-02-06 14:27:37.486] [jointLog] [info] processed bias for 0.0% of the transcripts
[2024-02-06 14:27:39.709] [jointLog] [info] processed bias for 10.0% of the transcripts
[2024-02-06 14:27:42.228] [jointLog] [info] processed bias for 20.0% of the transcripts
[2024-02-06 14:27:44.660] [jointLog] [info] processed bias for 30.0% of the transcripts
[2024-02-06 14:27:46.801] [jointLog] [info] processed bias for 40.0% of the transcripts
[2024-02-06 14:27:47.851] [jointLog] [info] processed bias for 50.0% of the transcripts
[2024-02-06 14:27:50.064] [jointLog] [info] processed bias for 60.0% of the transcripts
[2024-02-06 14:27:52.511] [jointLog] [info] processed bias for 70.0% of the transcripts
[2024-02-06 14:27:54.975] [jointLog] [info] processed bias for 80.0% of the transcripts
[2024-02-06 14:27:57.400] [jointLog] [info] processed bias for 90.0% of the transcripts
[2024-02-06 14:27:59.805] [jointLog] [info] processed bias for 100.0% of the transcripts
[2024-02-06 14:27:59.810] [jointLog] [info] processed bias for 100.0% of the transcripts
[2024-02-06 14:28:00.697] [jointLog] [info] iteration = 100 | max rel diff. = 14.1303
[2024-02-06 14:28:01.673] [jointLog] [info] iteration = 200 | max rel diff. = 4.90899
[2024-02-06 14:28:02.653] [jointLog] [info] iteration = 300 | max rel diff. = 2.85312
[2024-02-06 14:28:03.640] [jointLog] [info] iteration = 400 | max rel diff. = 13.9627
[2024-02-06 14:28:04.625] [jointLog] [info] iteration = 500 | max rel diff. = 0.439725
[2024-02-06 14:28:05.616] [jointLog] [info] iteration = 600 | max rel diff. = 1.62138
[2024-02-06 14:28:06.606] [jointLog] [info] iteration = 700 | max rel diff. = 0.648226
[2024-02-06 14:28:07.598] [jointLog] [info] iteration = 800 | max rel diff. = 0.247878
[2024-02-06 14:28:08.586] [jointLog] [info] iteration = 900 | max rel diff. = 2.23484
[2024-02-06 14:28:09.584] [jointLog] [info] iteration = 1,000 | max rel diff. = 0.0212488
[2024-02-06 14:28:10.571] [jointLog] [info] iteration = 1,100 | max rel diff. = 0.682147
[2024-02-06 14:28:11.556] [jointLog] [info] iteration = 1,200 | max rel diff. = 0.0265804
[2024-02-06 14:28:12.545] [jointLog] [info] iteration = 1,300 | max rel diff. = 0.161729
[2024-02-06 14:28:13.532] [jointLog] [info] iteration = 1,400 | max rel diff. = 0.0860249
[2024-02-06 14:28:14.522] [jointLog] [info] iteration = 1,500 | max rel diff. = 0.0346691
[2024-02-06 14:28:15.505] [jointLog] [info] iteration = 1,600 | max rel diff. = 0.0257067
[2024-02-06 14:28:16.500] [jointLog] [info] iteration = 1,700 | max rel diff. = 0.0496884
[2024-02-06 14:28:16.778] [jointLog] [info] iteration = 1,729 | max rel diff. = 0.00520293
[2024-02-06 14:28:16.798] [jointLog] [info] Finished optimizer
[2024-02-06 14:28:16.798] [jointLog] [info] writing output 

