[2024-02-06 14:17:41.951] [jointLog] [info] setting maxHashResizeThreads to 8
[2024-02-06 14:17:41.951] [jointLog] [info] Fragment incompatibility prior below threshold.  Incompatible fragments will be ignored.
[2024-02-06 14:17:41.951] [jointLog] [info] Usage of --validateMappings implies use of minScoreFraction. Since not explicitly specified, it is being set to 0.65
[2024-02-06 14:17:41.951] [jointLog] [info] Setting consensusSlack to selective-alignment default of 0.35.
[2024-02-06 14:17:41.951] [jointLog] [info] parsing read library format
[2024-02-06 14:17:41.951] [jointLog] [info] There is 1 library.
[2024-02-06 14:17:41.954] [jointLog] [info] Loading pufferfish index
[2024-02-06 14:17:41.954] [jointLog] [info] Loading dense pufferfish index.
[2024-02-06 14:17:42.494] [jointLog] [info] done
[2024-02-06 14:17:42.577] [jointLog] [info] Index contained 86,774 targets
[2024-02-06 14:17:43.687] [jointLog] [info] Number of decoys : 0
[2024-02-06 14:17:44.261] [jointLog] [info] Automatically detected most likely library type as ISR

[2024-02-06 14:20:19.890] [jointLog] [info] Thread saw mini-batch with a maximum of 1.36% zero probability fragments
[2024-02-06 14:20:19.927] [jointLog] [info] Thread saw mini-batch with a maximum of 1.34% zero probability fragments
[2024-02-06 14:20:19.956] [jointLog] [info] Thread saw mini-batch with a maximum of 1.36% zero probability fragments
[2024-02-06 14:20:19.995] [jointLog] [info] Thread saw mini-batch with a maximum of 1.40% zero probability fragments
[2024-02-06 14:20:20.006] [jointLog] [info] Thread saw mini-batch with a maximum of 1.38% zero probability fragments
[2024-02-06 14:20:20.028] [jointLog] [info] Thread saw mini-batch with a maximum of 1.34% zero probability fragments
[2024-02-06 14:20:20.036] [jointLog] [info] Thread saw mini-batch with a maximum of 1.34% zero probability fragments
[2024-02-06 14:20:20.089] [jointLog] [info] Thread saw mini-batch with a maximum of 1.30% zero probability fragments
[2024-02-06 14:20:20.363] [jointLog] [info] Computed 252,893 rich equivalence classes for further processing
[2024-02-06 14:20:20.363] [jointLog] [info] Counted 21,238,367 total reads in the equivalence classes 
[2024-02-06 14:20:20.367] [jointLog] [info] Number of mappings discarded because of alignment score : 43,193,384
[2024-02-06 14:20:20.367] [jointLog] [info] Number of fragments entirely discarded because of alignment score : 1,805,580
[2024-02-06 14:20:20.367] [jointLog] [info] Number of fragments discarded because they are best-mapped to decoys : 0
[2024-02-06 14:20:20.367] [jointLog] [info] Number of fragments discarded because they have only dovetail (discordant) mappings to valid targets : 175,246
[2024-02-06 14:20:20.367] [jointLog] [info] Mapping rate = 69.2408%

[2024-02-06 14:20:20.367] [jointLog] [info] finished quantifyLibrary()
[2024-02-06 14:20:20.381] [jointLog] [info] Starting optimizer
[2024-02-06 14:20:20.456] [jointLog] [info] Marked 0 weighted equivalence classes as degenerate
[2024-02-06 14:20:20.469] [jointLog] [info] iteration = 0 | max rel diff. = 14000
[2024-02-06 14:20:20.584] [jointLog] [info] iteration 11, adjusting effective lengths to account for biases
[2024-02-06 14:20:20.363] [fileLog] [info] 
At end of round 0
==================
Observed 30673193 total fragments (30673193 in most recent round)

[2024-02-06 14:20:44.516] [jointLog] [info] Computed expected counts (for bias correction)
[2024-02-06 14:20:44.516] [jointLog] [info] processed bias for 0.0% of the transcripts
[2024-02-06 14:20:47.046] [jointLog] [info] processed bias for 10.0% of the transcripts
[2024-02-06 14:20:49.793] [jointLog] [info] processed bias for 20.0% of the transcripts
[2024-02-06 14:20:52.383] [jointLog] [info] processed bias for 30.0% of the transcripts
[2024-02-06 14:20:54.605] [jointLog] [info] processed bias for 40.0% of the transcripts
[2024-02-06 14:20:55.687] [jointLog] [info] processed bias for 50.0% of the transcripts
[2024-02-06 14:20:58.067] [jointLog] [info] processed bias for 60.0% of the transcripts
[2024-02-06 14:21:00.660] [jointLog] [info] processed bias for 70.0% of the transcripts
[2024-02-06 14:21:03.137] [jointLog] [info] processed bias for 80.0% of the transcripts
[2024-02-06 14:21:05.708] [jointLog] [info] processed bias for 90.0% of the transcripts
[2024-02-06 14:21:08.216] [jointLog] [info] processed bias for 100.0% of the transcripts
[2024-02-06 14:21:08.223] [jointLog] [info] processed bias for 100.0% of the transcripts
[2024-02-06 14:21:09.094] [jointLog] [info] iteration = 100 | max rel diff. = 14.2458
[2024-02-06 14:21:10.058] [jointLog] [info] iteration = 200 | max rel diff. = 14.2663
[2024-02-06 14:21:11.020] [jointLog] [info] iteration = 300 | max rel diff. = 8.09124
[2024-02-06 14:21:11.984] [jointLog] [info] iteration = 400 | max rel diff. = 0.547249
[2024-02-06 14:21:12.940] [jointLog] [info] iteration = 500 | max rel diff. = 20.6715
[2024-02-06 14:21:13.898] [jointLog] [info] iteration = 600 | max rel diff. = 0.71845
[2024-02-06 14:21:14.856] [jointLog] [info] iteration = 700 | max rel diff. = 0.109283
[2024-02-06 14:21:15.813] [jointLog] [info] iteration = 800 | max rel diff. = 6.32104
[2024-02-06 14:21:16.771] [jointLog] [info] iteration = 900 | max rel diff. = 1.26269
[2024-02-06 14:21:17.727] [jointLog] [info] iteration = 1,000 | max rel diff. = 0.0199104
[2024-02-06 14:21:18.683] [jointLog] [info] iteration = 1,100 | max rel diff. = 0.0809346
[2024-02-06 14:21:19.646] [jointLog] [info] iteration = 1,200 | max rel diff. = 0.0360081
[2024-02-06 14:21:20.609] [jointLog] [info] iteration = 1,300 | max rel diff. = 0.072813
[2024-02-06 14:21:21.573] [jointLog] [info] iteration = 1,400 | max rel diff. = 0.0787585
[2024-02-06 14:21:22.026] [jointLog] [info] iteration = 1,448 | max rel diff. = 0.00974373
[2024-02-06 14:21:22.045] [jointLog] [info] Finished optimizer
[2024-02-06 14:21:22.045] [jointLog] [info] writing output 

