[2024-02-06 14:21:44.599] [jointLog] [info] setting maxHashResizeThreads to 8
[2024-02-06 14:21:44.599] [jointLog] [info] Fragment incompatibility prior below threshold.  Incompatible fragments will be ignored.
[2024-02-06 14:21:44.599] [jointLog] [info] Usage of --validateMappings implies use of minScoreFraction. Since not explicitly specified, it is being set to 0.65
[2024-02-06 14:21:44.599] [jointLog] [info] Setting consensusSlack to selective-alignment default of 0.35.
[2024-02-06 14:21:44.599] [jointLog] [info] parsing read library format
[2024-02-06 14:21:44.599] [jointLog] [info] There is 1 library.
[2024-02-06 14:21:44.601] [jointLog] [info] Loading pufferfish index
[2024-02-06 14:21:44.602] [jointLog] [info] Loading dense pufferfish index.
[2024-02-06 14:21:45.027] [jointLog] [info] done
[2024-02-06 14:21:45.082] [jointLog] [info] Index contained 86,774 targets
[2024-02-06 14:21:46.156] [jointLog] [info] Number of decoys : 0
[2024-02-06 14:21:46.524] [jointLog] [info] Automatically detected most likely library type as ISR

[2024-02-06 14:24:20.880] [jointLog] [info] Thread saw mini-batch with a maximum of 1.50% zero probability fragments
[2024-02-06 14:24:20.887] [jointLog] [info] Thread saw mini-batch with a maximum of 1.58% zero probability fragments
[2024-02-06 14:24:20.898] [jointLog] [info] Thread saw mini-batch with a maximum of 1.52% zero probability fragments
[2024-02-06 14:24:20.905] [jointLog] [info] Thread saw mini-batch with a maximum of 1.54% zero probability fragments
[2024-02-06 14:24:20.906] [jointLog] [info] Thread saw mini-batch with a maximum of 1.58% zero probability fragments
[2024-02-06 14:24:20.908] [jointLog] [info] Thread saw mini-batch with a maximum of 1.56% zero probability fragments
[2024-02-06 14:24:20.951] [jointLog] [info] Thread saw mini-batch with a maximum of 1.64% zero probability fragments
[2024-02-06 14:24:20.986] [jointLog] [info] Thread saw mini-batch with a maximum of 1.66% zero probability fragments
[2024-02-06 14:24:21.194] [jointLog] [info] Computed 202,839 rich equivalence classes for further processing
[2024-02-06 14:24:21.194] [jointLog] [info] Counted 29,463,074 total reads in the equivalence classes 
[2024-02-06 14:24:21.199] [jointLog] [info] Number of mappings discarded because of alignment score : 35,444,937
[2024-02-06 14:24:21.199] [jointLog] [info] Number of fragments entirely discarded because of alignment score : 2,172,536
[2024-02-06 14:24:21.199] [jointLog] [info] Number of fragments discarded because they are best-mapped to decoys : 0
[2024-02-06 14:24:21.199] [jointLog] [info] Number of fragments discarded because they have only dovetail (discordant) mappings to valid targets : 285,336
[2024-02-06 14:24:21.199] [jointLog] [info] Mapping rate = 74.7856%

[2024-02-06 14:24:21.199] [jointLog] [info] finished quantifyLibrary()
[2024-02-06 14:24:21.204] [jointLog] [info] Starting optimizer
[2024-02-06 14:24:21.266] [jointLog] [info] Marked 0 weighted equivalence classes as degenerate
[2024-02-06 14:24:21.274] [jointLog] [info] iteration = 0 | max rel diff. = 13415
[2024-02-06 14:24:21.355] [jointLog] [info] iteration 11, adjusting effective lengths to account for biases
[2024-02-06 14:24:21.195] [fileLog] [info] 
At end of round 0
==================
Observed 39396717 total fragments (39396717 in most recent round)

[2024-02-06 14:24:38.215] [jointLog] [info] Computed expected counts (for bias correction)
[2024-02-06 14:24:38.215] [jointLog] [info] processed bias for 0.0% of the transcripts
[2024-02-06 14:24:40.027] [jointLog] [info] processed bias for 10.0% of the transcripts
[2024-02-06 14:24:41.884] [jointLog] [info] processed bias for 20.0% of the transcripts
[2024-02-06 14:24:43.682] [jointLog] [info] processed bias for 30.0% of the transcripts
[2024-02-06 14:24:45.385] [jointLog] [info] processed bias for 40.0% of the transcripts
[2024-02-06 14:24:46.151] [jointLog] [info] processed bias for 50.0% of the transcripts
[2024-02-06 14:24:47.817] [jointLog] [info] processed bias for 60.0% of the transcripts
[2024-02-06 14:24:49.654] [jointLog] [info] processed bias for 70.0% of the transcripts
[2024-02-06 14:24:51.541] [jointLog] [info] processed bias for 80.0% of the transcripts
[2024-02-06 14:24:53.317] [jointLog] [info] processed bias for 90.0% of the transcripts
[2024-02-06 14:24:55.121] [jointLog] [info] processed bias for 100.0% of the transcripts
[2024-02-06 14:24:55.846] [jointLog] [info] iteration = 100 | max rel diff. = 9.73739
[2024-02-06 14:24:56.647] [jointLog] [info] iteration = 200 | max rel diff. = 15.8782
[2024-02-06 14:24:57.443] [jointLog] [info] iteration = 300 | max rel diff. = 1.71709
[2024-02-06 14:24:58.242] [jointLog] [info] iteration = 400 | max rel diff. = 1.24424
[2024-02-06 14:24:59.040] [jointLog] [info] iteration = 500 | max rel diff. = 0.311652
[2024-02-06 14:24:59.840] [jointLog] [info] iteration = 600 | max rel diff. = 0.281779
[2024-02-06 14:25:00.641] [jointLog] [info] iteration = 700 | max rel diff. = 0.0918502
[2024-02-06 14:25:01.444] [jointLog] [info] iteration = 800 | max rel diff. = 0.0531053
[2024-02-06 14:25:02.248] [jointLog] [info] iteration = 900 | max rel diff. = 2.17932
[2024-02-06 14:25:03.049] [jointLog] [info] iteration = 1,000 | max rel diff. = 0.15765
[2024-02-06 14:25:03.851] [jointLog] [info] iteration = 1,100 | max rel diff. = 0.0250885
[2024-02-06 14:25:04.654] [jointLog] [info] iteration = 1,200 | max rel diff. = 0.059034
[2024-02-06 14:25:05.455] [jointLog] [info] iteration = 1,300 | max rel diff. = 0.208734
[2024-02-06 14:25:06.258] [jointLog] [info] iteration = 1,400 | max rel diff. = 0.0224795
[2024-02-06 14:25:07.061] [jointLog] [info] iteration = 1,500 | max rel diff. = 0.724228
[2024-02-06 14:25:07.077] [jointLog] [info] iteration = 1,503 | max rel diff. = 0.00848585
[2024-02-06 14:25:07.092] [jointLog] [info] Finished optimizer
[2024-02-06 14:25:07.092] [jointLog] [info] writing output 

