[2024-02-06 14:13:51.038] [jointLog] [info] setting maxHashResizeThreads to 8
[2024-02-06 14:13:51.038] [jointLog] [info] Fragment incompatibility prior below threshold.  Incompatible fragments will be ignored.
[2024-02-06 14:13:51.038] [jointLog] [info] Usage of --validateMappings implies use of minScoreFraction. Since not explicitly specified, it is being set to 0.65
[2024-02-06 14:13:51.038] [jointLog] [info] Setting consensusSlack to selective-alignment default of 0.35.
[2024-02-06 14:13:51.038] [jointLog] [info] parsing read library format
[2024-02-06 14:13:51.038] [jointLog] [info] There is 1 library.
[2024-02-06 14:13:51.041] [jointLog] [info] Loading pufferfish index
[2024-02-06 14:13:51.042] [jointLog] [info] Loading dense pufferfish index.
[2024-02-06 14:14:00.892] [jointLog] [info] done
[2024-02-06 14:14:00.981] [jointLog] [info] Index contained 86,774 targets
[2024-02-06 14:14:02.099] [jointLog] [info] Number of decoys : 0
[2024-02-06 14:14:02.862] [jointLog] [info] Automatically detected most likely library type as ISR

[2024-02-06 14:17:01.980] [jointLog] [info] Thread saw mini-batch with a maximum of 1.56% zero probability fragments
[2024-02-06 14:17:02.045] [jointLog] [info] Thread saw mini-batch with a maximum of 1.76% zero probability fragments
[2024-02-06 14:17:02.089] [jointLog] [info] Thread saw mini-batch with a maximum of 1.58% zero probability fragments
[2024-02-06 14:17:02.143] [jointLog] [info] Thread saw mini-batch with a maximum of 1.62% zero probability fragments
[2024-02-06 14:17:02.210] [jointLog] [info] Thread saw mini-batch with a maximum of 1.70% zero probability fragments
[2024-02-06 14:17:02.227] [jointLog] [info] Thread saw mini-batch with a maximum of 1.60% zero probability fragments
[2024-02-06 14:17:02.233] [jointLog] [info] Thread saw mini-batch with a maximum of 1.54% zero probability fragments
[2024-02-06 14:17:02.246] [jointLog] [info] Thread saw mini-batch with a maximum of 1.62% zero probability fragments
[2024-02-06 14:17:02.579] [jointLog] [info] Computed 165,453 rich equivalence classes for further processing
[2024-02-06 14:17:02.579] [jointLog] [info] Counted 14,955,799 total reads in the equivalence classes 
[2024-02-06 14:17:02.583] [jointLog] [info] Number of mappings discarded because of alignment score : 44,599,148
[2024-02-06 14:17:02.583] [jointLog] [info] Number of fragments entirely discarded because of alignment score : 1,765,130
[2024-02-06 14:17:02.583] [jointLog] [info] Number of fragments discarded because they are best-mapped to decoys : 0
[2024-02-06 14:17:02.583] [jointLog] [info] Number of fragments discarded because they have only dovetail (discordant) mappings to valid targets : 199,090
[2024-02-06 14:17:02.583] [jointLog] [info] Mapping rate = 58.9063%

[2024-02-06 14:17:02.583] [jointLog] [info] finished quantifyLibrary()
[2024-02-06 14:17:02.589] [jointLog] [info] Starting optimizer
[2024-02-06 14:17:02.687] [jointLog] [info] Marked 0 weighted equivalence classes as degenerate
[2024-02-06 14:17:02.721] [jointLog] [info] iteration = 0 | max rel diff. = 11917.1
[2024-02-06 14:17:02.579] [fileLog] [info] 
At end of round 0
==================
Observed 25389121 total fragments (25389121 in most recent round)

[2024-02-06 14:17:02.832] [jointLog] [info] iteration 11, adjusting effective lengths to account for biases
[2024-02-06 14:17:24.033] [jointLog] [info] Computed expected counts (for bias correction)
[2024-02-06 14:17:24.033] [jointLog] [info] processed bias for 0.0% of the transcripts
[2024-02-06 14:17:26.356] [jointLog] [info] processed bias for 10.0% of the transcripts
[2024-02-06 14:17:28.543] [jointLog] [info] processed bias for 20.0% of the transcripts
[2024-02-06 14:17:30.805] [jointLog] [info] processed bias for 30.0% of the transcripts
[2024-02-06 14:17:33.042] [jointLog] [info] processed bias for 40.0% of the transcripts
[2024-02-06 14:17:35.289] [jointLog] [info] processed bias for 50.0% of the transcripts
[2024-02-06 14:17:36.565] [jointLog] [info] processed bias for 60.0% of the transcripts
[2024-02-06 14:17:38.725] [jointLog] [info] processed bias for 70.0% of the transcripts
[2024-02-06 14:17:40.687] [jointLog] [info] processed bias for 80.0% of the transcripts
[2024-02-06 14:17:42.843] [jointLog] [info] processed bias for 90.0% of the transcripts
[2024-02-06 14:17:45.149] [jointLog] [info] processed bias for 100.0% of the transcripts
[2024-02-06 14:17:46.144] [jointLog] [info] iteration = 100 | max rel diff. = 13.8864
[2024-02-06 14:17:47.319] [jointLog] [info] iteration = 200 | max rel diff. = 10.687
[2024-02-06 14:17:48.429] [jointLog] [info] iteration = 300 | max rel diff. = 5.8948
[2024-02-06 14:17:49.583] [jointLog] [info] iteration = 400 | max rel diff. = 1.00211
[2024-02-06 14:17:50.706] [jointLog] [info] iteration = 500 | max rel diff. = 0.45722
[2024-02-06 14:17:51.796] [jointLog] [info] iteration = 600 | max rel diff. = 0.596142
[2024-02-06 14:17:52.879] [jointLog] [info] iteration = 700 | max rel diff. = 0.0871134
[2024-02-06 14:17:53.970] [jointLog] [info] iteration = 800 | max rel diff. = 0.134299
[2024-02-06 14:17:55.042] [jointLog] [info] iteration = 900 | max rel diff. = 0.161144
[2024-02-06 14:17:56.092] [jointLog] [info] iteration = 1,000 | max rel diff. = 0.112941
[2024-02-06 14:17:57.089] [jointLog] [info] iteration = 1,100 | max rel diff. = 0.0241751
[2024-02-06 14:17:58.275] [jointLog] [info] iteration = 1,200 | max rel diff. = 0.103924
[2024-02-06 14:17:59.356] [jointLog] [info] iteration = 1,300 | max rel diff. = 0.0309358
[2024-02-06 14:18:00.414] [jointLog] [info] iteration = 1,400 | max rel diff. = 0.0362096
[2024-02-06 14:18:01.360] [jointLog] [info] iteration = 1,500 | max rel diff. = 0.393176
[2024-02-06 14:18:02.398] [jointLog] [info] iteration = 1,600 | max rel diff. = 0.100328
[2024-02-06 14:18:03.467] [jointLog] [info] iteration = 1,700 | max rel diff. = 0.0088189
[2024-02-06 14:18:03.489] [jointLog] [info] Finished optimizer
[2024-02-06 14:18:03.489] [jointLog] [info] writing output 

