[2024-02-06 14:43:31.015] [jointLog] [info] setting maxHashResizeThreads to 8
[2024-02-06 14:43:31.015] [jointLog] [info] Fragment incompatibility prior below threshold.  Incompatible fragments will be ignored.
[2024-02-06 14:43:31.015] [jointLog] [info] Usage of --validateMappings implies use of minScoreFraction. Since not explicitly specified, it is being set to 0.65
[2024-02-06 14:43:31.015] [jointLog] [info] Setting consensusSlack to selective-alignment default of 0.35.
[2024-02-06 14:43:31.015] [jointLog] [info] parsing read library format
[2024-02-06 14:43:31.015] [jointLog] [info] There is 1 library.
[2024-02-06 14:43:31.018] [jointLog] [info] Loading pufferfish index
[2024-02-06 14:43:31.019] [jointLog] [info] Loading dense pufferfish index.
[2024-02-06 14:43:31.470] [jointLog] [info] done
[2024-02-06 14:43:31.548] [jointLog] [info] Index contained 86,774 targets
[2024-02-06 14:43:32.637] [jointLog] [info] Number of decoys : 0
[2024-02-06 14:43:33.194] [jointLog] [info] Automatically detected most likely library type as ISR

[2024-02-06 14:46:38.159] [jointLog] [info] Thread saw mini-batch with a maximum of 3.28% zero probability fragments
[2024-02-06 14:46:38.182] [jointLog] [info] Thread saw mini-batch with a maximum of 3.30% zero probability fragments
[2024-02-06 14:46:38.217] [jointLog] [info] Thread saw mini-batch with a maximum of 3.08% zero probability fragments
[2024-02-06 14:46:38.263] [jointLog] [info] Thread saw mini-batch with a maximum of 3.26% zero probability fragments
[2024-02-06 14:46:38.271] [jointLog] [info] Thread saw mini-batch with a maximum of 3.24% zero probability fragments
[2024-02-06 14:46:38.272] [jointLog] [info] Thread saw mini-batch with a maximum of 3.04% zero probability fragments
[2024-02-06 14:46:38.312] [jointLog] [info] Thread saw mini-batch with a maximum of 3.26% zero probability fragments
[2024-02-06 14:46:38.319] [jointLog] [info] Thread saw mini-batch with a maximum of 3.12% zero probability fragments
[2024-02-06 14:46:38.599] [fileLog] [info] 
At end of round 0
==================
Observed 33648594 total fragments (33648594 in most recent round)

[2024-02-06 14:46:38.598] [jointLog] [info] Computed 196,974 rich equivalence classes for further processing
[2024-02-06 14:46:38.598] [jointLog] [info] Counted 22,148,950 total reads in the equivalence classes 
[2024-02-06 14:46:38.603] [jointLog] [info] Number of mappings discarded because of alignment score : 40,151,510
[2024-02-06 14:46:38.603] [jointLog] [info] Number of fragments entirely discarded because of alignment score : 1,941,131
[2024-02-06 14:46:38.603] [jointLog] [info] Number of fragments discarded because they are best-mapped to decoys : 0
[2024-02-06 14:46:38.603] [jointLog] [info] Number of fragments discarded because they have only dovetail (discordant) mappings to valid targets : 252,309
[2024-02-06 14:46:38.603] [jointLog] [info] Mapping rate = 65.8243%

[2024-02-06 14:46:38.603] [jointLog] [info] finished quantifyLibrary()
[2024-02-06 14:46:38.609] [jointLog] [info] Starting optimizer
[2024-02-06 14:46:40.181] [jointLog] [info] Marked 0 weighted equivalence classes as degenerate
[2024-02-06 14:46:40.191] [jointLog] [info] iteration = 0 | max rel diff. = 14157.8
[2024-02-06 14:46:40.288] [jointLog] [info] iteration 11, adjusting effective lengths to account for biases
[2024-02-06 14:46:59.098] [jointLog] [info] Computed expected counts (for bias correction)
[2024-02-06 14:46:59.098] [jointLog] [info] processed bias for 0.0% of the transcripts
[2024-02-06 14:47:01.031] [jointLog] [info] processed bias for 10.0% of the transcripts
[2024-02-06 14:47:03.119] [jointLog] [info] processed bias for 20.0% of the transcripts
[2024-02-06 14:47:05.174] [jointLog] [info] processed bias for 30.0% of the transcripts
[2024-02-06 14:47:07.174] [jointLog] [info] processed bias for 40.0% of the transcripts
[2024-02-06 14:47:09.151] [jointLog] [info] processed bias for 50.0% of the transcripts
[2024-02-06 14:47:11.163] [jointLog] [info] processed bias for 60.0% of the transcripts
[2024-02-06 14:47:13.308] [jointLog] [info] processed bias for 70.0% of the transcripts
[2024-02-06 14:47:14.591] [jointLog] [info] processed bias for 80.0% of the transcripts
[2024-02-06 14:47:15.951] [jointLog] [info] processed bias for 90.0% of the transcripts
[2024-02-06 14:47:18.006] [jointLog] [info] processed bias for 100.0% of the transcripts
[2024-02-06 14:47:18.900] [jointLog] [info] iteration = 100 | max rel diff. = 15.0405
[2024-02-06 14:47:19.805] [jointLog] [info] iteration = 200 | max rel diff. = 2.3007
[2024-02-06 14:47:20.710] [jointLog] [info] iteration = 300 | max rel diff. = 4.95126
[2024-02-06 14:47:21.648] [jointLog] [info] iteration = 400 | max rel diff. = 5.10247
[2024-02-06 14:47:22.533] [jointLog] [info] iteration = 500 | max rel diff. = 0.892798
[2024-02-06 14:47:23.425] [jointLog] [info] iteration = 600 | max rel diff. = 3.32564
[2024-02-06 14:47:24.312] [jointLog] [info] iteration = 700 | max rel diff. = 0.172553
[2024-02-06 14:47:25.196] [jointLog] [info] iteration = 800 | max rel diff. = 0.116927
[2024-02-06 14:47:26.083] [jointLog] [info] iteration = 900 | max rel diff. = 0.202163
[2024-02-06 14:47:26.990] [jointLog] [info] iteration = 1,000 | max rel diff. = 0.0813273
[2024-02-06 14:47:27.930] [jointLog] [info] iteration = 1,100 | max rel diff. = 0.0677493
[2024-02-06 14:47:28.866] [jointLog] [info] iteration = 1,200 | max rel diff. = 0.0920165
[2024-02-06 14:47:29.802] [jointLog] [info] iteration = 1,300 | max rel diff. = 0.194928
[2024-02-06 14:47:30.768] [jointLog] [info] iteration = 1,400 | max rel diff. = 0.666387
[2024-02-06 14:47:31.741] [jointLog] [info] iteration = 1,500 | max rel diff. = 0.0130322
[2024-02-06 14:47:32.702] [jointLog] [info] iteration = 1,600 | max rel diff. = 0.0603333
[2024-02-06 14:47:33.635] [jointLog] [info] iteration = 1,700 | max rel diff. = 0.0298928
[2024-02-06 14:47:34.569] [jointLog] [info] iteration = 1,800 | max rel diff. = 0.0258228
[2024-02-06 14:47:35.503] [jointLog] [info] iteration = 1,900 | max rel diff. = 0.108271
[2024-02-06 14:47:35.885] [jointLog] [info] iteration = 1,942 | max rel diff. = 0.00883298
[2024-02-06 14:47:35.907] [jointLog] [info] Finished optimizer
[2024-02-06 14:47:35.907] [jointLog] [info] writing output 

