[2024-02-06 14:39:25.219] [jointLog] [info] setting maxHashResizeThreads to 8
[2024-02-06 14:39:25.219] [jointLog] [info] Fragment incompatibility prior below threshold.  Incompatible fragments will be ignored.
[2024-02-06 14:39:25.219] [jointLog] [info] Usage of --validateMappings implies use of minScoreFraction. Since not explicitly specified, it is being set to 0.65
[2024-02-06 14:39:25.219] [jointLog] [info] Setting consensusSlack to selective-alignment default of 0.35.
[2024-02-06 14:39:25.219] [jointLog] [info] parsing read library format
[2024-02-06 14:39:25.219] [jointLog] [info] There is 1 library.
[2024-02-06 14:39:25.221] [jointLog] [info] Loading pufferfish index
[2024-02-06 14:39:25.222] [jointLog] [info] Loading dense pufferfish index.
[2024-02-06 14:39:25.716] [jointLog] [info] done
[2024-02-06 14:39:25.801] [jointLog] [info] Index contained 86,774 targets
[2024-02-06 14:39:26.918] [jointLog] [info] Number of decoys : 0
[2024-02-06 14:39:27.578] [jointLog] [info] Automatically detected most likely library type as ISR

[2024-02-06 14:42:34.489] [jointLog] [info] Thread saw mini-batch with a maximum of 3.10% zero probability fragments
[2024-02-06 14:42:34.503] [jointLog] [info] Thread saw mini-batch with a maximum of 3.14% zero probability fragments
[2024-02-06 14:42:34.516] [jointLog] [info] Thread saw mini-batch with a maximum of 2.94% zero probability fragments
[2024-02-06 14:42:34.543] [jointLog] [info] Thread saw mini-batch with a maximum of 3.16% zero probability fragments
[2024-02-06 14:42:34.568] [jointLog] [info] Thread saw mini-batch with a maximum of 3.08% zero probability fragments
[2024-02-06 14:42:34.583] [jointLog] [info] Thread saw mini-batch with a maximum of 3.04% zero probability fragments
[2024-02-06 14:42:34.589] [jointLog] [info] Thread saw mini-batch with a maximum of 3.00% zero probability fragments
[2024-02-06 14:42:34.596] [jointLog] [info] Thread saw mini-batch with a maximum of 3.20% zero probability fragments
[2024-02-06 14:42:34.933] [fileLog] [info] 
At end of round 0
==================
Observed 37687423 total fragments (37687423 in most recent round)

[2024-02-06 14:42:34.932] [jointLog] [info] Computed 183,334 rich equivalence classes for further processing
[2024-02-06 14:42:34.932] [jointLog] [info] Counted 22,255,529 total reads in the equivalence classes 
[2024-02-06 14:42:34.940] [jointLog] [info] Number of mappings discarded because of alignment score : 25,716,909
[2024-02-06 14:42:34.940] [jointLog] [info] Number of fragments entirely discarded because of alignment score : 2,435,957
[2024-02-06 14:42:34.940] [jointLog] [info] Number of fragments discarded because they are best-mapped to decoys : 0
[2024-02-06 14:42:34.940] [jointLog] [info] Number of fragments discarded because they have only dovetail (discordant) mappings to valid targets : 213,884
[2024-02-06 14:42:34.940] [jointLog] [info] Mapping rate = 59.0529%

[2024-02-06 14:42:34.940] [jointLog] [info] finished quantifyLibrary()
[2024-02-06 14:42:34.945] [jointLog] [info] Starting optimizer
[2024-02-06 14:42:35.092] [jointLog] [info] Marked 0 weighted equivalence classes as degenerate
[2024-02-06 14:42:35.101] [jointLog] [info] iteration = 0 | max rel diff. = 14183.9
[2024-02-06 14:42:35.184] [jointLog] [info] iteration 11, adjusting effective lengths to account for biases
[2024-02-06 14:42:58.120] [jointLog] [info] Computed expected counts (for bias correction)
[2024-02-06 14:42:58.121] [jointLog] [info] processed bias for 0.0% of the transcripts
[2024-02-06 14:43:00.445] [jointLog] [info] processed bias for 10.0% of the transcripts
[2024-02-06 14:43:02.910] [jointLog] [info] processed bias for 20.0% of the transcripts
[2024-02-06 14:43:05.290] [jointLog] [info] processed bias for 30.0% of the transcripts
[2024-02-06 14:43:07.778] [jointLog] [info] processed bias for 40.0% of the transcripts
[2024-02-06 14:43:10.131] [jointLog] [info] processed bias for 50.0% of the transcripts
[2024-02-06 14:43:12.625] [jointLog] [info] processed bias for 60.0% of the transcripts
[2024-02-06 14:43:13.933] [jointLog] [info] processed bias for 70.0% of the transcripts
[2024-02-06 14:43:15.574] [jointLog] [info] processed bias for 80.0% of the transcripts
[2024-02-06 14:43:17.993] [jointLog] [info] processed bias for 90.0% of the transcripts
[2024-02-06 14:43:20.363] [jointLog] [info] processed bias for 100.0% of the transcripts
[2024-02-06 14:43:20.369] [jointLog] [info] processed bias for 100.0% of the transcripts
[2024-02-06 14:43:21.276] [jointLog] [info] iteration = 100 | max rel diff. = 18.6942
[2024-02-06 14:43:22.286] [jointLog] [info] iteration = 200 | max rel diff. = 18.3658
[2024-02-06 14:43:23.287] [jointLog] [info] iteration = 300 | max rel diff. = 0.549037
[2024-02-06 14:43:24.392] [jointLog] [info] iteration = 400 | max rel diff. = 1.21715
[2024-02-06 14:43:25.422] [jointLog] [info] iteration = 500 | max rel diff. = 2.26263
[2024-02-06 14:43:26.514] [jointLog] [info] iteration = 600 | max rel diff. = 0.0902429
[2024-02-06 14:43:27.651] [jointLog] [info] iteration = 700 | max rel diff. = 0.151649
[2024-02-06 14:43:28.835] [jointLog] [info] iteration = 800 | max rel diff. = 3.15643
[2024-02-06 14:43:29.996] [jointLog] [info] iteration = 900 | max rel diff. = 0.504082
[2024-02-06 14:43:31.203] [jointLog] [info] iteration = 1,000 | max rel diff. = 0.306046
[2024-02-06 14:43:32.448] [jointLog] [info] iteration = 1,100 | max rel diff. = 0.0182617
[2024-02-06 14:43:33.263] [jointLog] [info] iteration = 1,176 | max rel diff. = 0.00988311
[2024-02-06 14:43:33.287] [jointLog] [info] Finished optimizer
[2024-02-06 14:43:33.287] [jointLog] [info] writing output 

