[2024-02-06 14:27:11.931] [jointLog] [info] setting maxHashResizeThreads to 8
[2024-02-06 14:27:11.931] [jointLog] [info] Fragment incompatibility prior below threshold.  Incompatible fragments will be ignored.
[2024-02-06 14:27:11.931] [jointLog] [info] Usage of --validateMappings implies use of minScoreFraction. Since not explicitly specified, it is being set to 0.65
[2024-02-06 14:27:11.931] [jointLog] [info] Setting consensusSlack to selective-alignment default of 0.35.
[2024-02-06 14:27:11.931] [jointLog] [info] parsing read library format
[2024-02-06 14:27:11.931] [jointLog] [info] There is 1 library.
[2024-02-06 14:27:11.933] [jointLog] [info] Loading pufferfish index
[2024-02-06 14:27:11.934] [jointLog] [info] Loading dense pufferfish index.
[2024-02-06 14:27:12.491] [jointLog] [info] done
[2024-02-06 14:27:12.576] [jointLog] [info] Index contained 86,774 targets
[2024-02-06 14:27:13.697] [jointLog] [info] Number of decoys : 0
[2024-02-06 14:27:14.288] [jointLog] [info] Automatically detected most likely library type as ISR

[2024-02-06 14:29:26.937] [jointLog] [info] Thread saw mini-batch with a maximum of 1.38% zero probability fragments
[2024-02-06 14:29:26.968] [jointLog] [info] Thread saw mini-batch with a maximum of 1.40% zero probability fragments
[2024-02-06 14:29:26.988] [jointLog] [info] Thread saw mini-batch with a maximum of 1.44% zero probability fragments
[2024-02-06 14:29:27.007] [jointLog] [info] Thread saw mini-batch with a maximum of 1.44% zero probability fragments
[2024-02-06 14:29:27.008] [jointLog] [info] Thread saw mini-batch with a maximum of 1.48% zero probability fragments
[2024-02-06 14:29:27.028] [jointLog] [info] Thread saw mini-batch with a maximum of 1.44% zero probability fragments
[2024-02-06 14:29:27.085] [jointLog] [info] Thread saw mini-batch with a maximum of 1.46% zero probability fragments
[2024-02-06 14:29:27.105] [jointLog] [info] Thread saw mini-batch with a maximum of 1.46% zero probability fragments
[2024-02-06 14:29:27.476] [jointLog] [info] Computed 254,613 rich equivalence classes for further processing
[2024-02-06 14:29:27.476] [jointLog] [info] Counted 22,344,117 total reads in the equivalence classes 
[2024-02-06 14:29:27.480] [jointLog] [info] Number of mappings discarded because of alignment score : 33,647,303
[2024-02-06 14:29:27.480] [jointLog] [info] Number of fragments entirely discarded because of alignment score : 1,661,972
[2024-02-06 14:29:27.480] [jointLog] [info] Number of fragments discarded because they are best-mapped to decoys : 0
[2024-02-06 14:29:27.480] [jointLog] [info] Number of fragments discarded because they have only dovetail (discordant) mappings to valid targets : 171,245
[2024-02-06 14:29:27.480] [jointLog] [info] Mapping rate = 73.3921%

[2024-02-06 14:29:27.480] [jointLog] [info] finished quantifyLibrary()
[2024-02-06 14:29:27.486] [jointLog] [info] Starting optimizer
[2024-02-06 14:29:27.566] [jointLog] [info] Marked 0 weighted equivalence classes as degenerate
[2024-02-06 14:29:27.581] [jointLog] [info] iteration = 0 | max rel diff. = 13593.5
[2024-02-06 14:29:27.476] [fileLog] [info] 
At end of round 0
==================
Observed 30444833 total fragments (30444833 in most recent round)

[2024-02-06 14:29:27.709] [jointLog] [info] iteration 11, adjusting effective lengths to account for biases
[2024-02-06 14:29:45.976] [jointLog] [info] Computed expected counts (for bias correction)
[2024-02-06 14:29:45.976] [jointLog] [info] processed bias for 0.0% of the transcripts
[2024-02-06 14:29:47.896] [jointLog] [info] processed bias for 10.0% of the transcripts
[2024-02-06 14:29:49.946] [jointLog] [info] processed bias for 20.0% of the transcripts
[2024-02-06 14:29:51.914] [jointLog] [info] processed bias for 30.0% of the transcripts
[2024-02-06 14:29:53.915] [jointLog] [info] processed bias for 40.0% of the transcripts
[2024-02-06 14:29:55.820] [jointLog] [info] processed bias for 50.0% of the transcripts
[2024-02-06 14:29:57.830] [jointLog] [info] processed bias for 60.0% of the transcripts
[2024-02-06 14:29:59.825] [jointLog] [info] processed bias for 70.0% of the transcripts
[2024-02-06 14:30:01.788] [jointLog] [info] processed bias for 80.0% of the transcripts
[2024-02-06 14:30:02.735] [jointLog] [info] processed bias for 90.0% of the transcripts
[2024-02-06 14:30:04.417] [jointLog] [info] processed bias for 100.0% of the transcripts
[2024-02-06 14:30:04.431] [jointLog] [info] processed bias for 100.0% of the transcripts
[2024-02-06 14:30:05.433] [jointLog] [info] iteration = 100 | max rel diff. = 18.8777
[2024-02-06 14:30:06.511] [jointLog] [info] iteration = 200 | max rel diff. = 2.93068
[2024-02-06 14:30:07.595] [jointLog] [info] iteration = 300 | max rel diff. = 1.97716
[2024-02-06 14:30:08.687] [jointLog] [info] iteration = 400 | max rel diff. = 9.98718
[2024-02-06 14:30:09.774] [jointLog] [info] iteration = 500 | max rel diff. = 1.14498
[2024-02-06 14:30:10.856] [jointLog] [info] iteration = 600 | max rel diff. = 0.74367
[2024-02-06 14:30:11.947] [jointLog] [info] iteration = 700 | max rel diff. = 0.594555
[2024-02-06 14:30:13.028] [jointLog] [info] iteration = 800 | max rel diff. = 0.562373
[2024-02-06 14:30:14.104] [jointLog] [info] iteration = 900 | max rel diff. = 0.0581146
[2024-02-06 14:30:15.186] [jointLog] [info] iteration = 1,000 | max rel diff. = 17.1002
[2024-02-06 14:30:16.265] [jointLog] [info] iteration = 1,100 | max rel diff. = 0.0559983
[2024-02-06 14:30:17.344] [jointLog] [info] iteration = 1,200 | max rel diff. = 0.0643733
[2024-02-06 14:30:18.427] [jointLog] [info] iteration = 1,300 | max rel diff. = 0.0193571
[2024-02-06 14:30:19.507] [jointLog] [info] iteration = 1,400 | max rel diff. = 0.0297926
[2024-02-06 14:30:20.586] [jointLog] [info] iteration = 1,500 | max rel diff. = 19.587
[2024-02-06 14:30:21.659] [jointLog] [info] iteration = 1,600 | max rel diff. = 0.0730795
[2024-02-06 14:30:22.736] [jointLog] [info] iteration = 1,700 | max rel diff. = 0.0528062
[2024-02-06 14:30:23.840] [jointLog] [info] iteration = 1,800 | max rel diff. = 0.11555
[2024-02-06 14:30:24.921] [jointLog] [info] iteration = 1,900 | max rel diff. = 0.0187425
[2024-02-06 14:30:25.999] [jointLog] [info] iteration = 2,000 | max rel diff. = 0.101545
[2024-02-06 14:30:27.056] [jointLog] [info] iteration = 2,100 | max rel diff. = 0.111916
[2024-02-06 14:30:27.203] [jointLog] [info] iteration = 2,115 | max rel diff. = 0.00523431
[2024-02-06 14:30:27.226] [jointLog] [info] Finished optimizer
[2024-02-06 14:30:27.226] [jointLog] [info] writing output 

