[2024-02-06 14:13:51.062] [jointLog] [info] setting maxHashResizeThreads to 8
[2024-02-06 14:13:51.062] [jointLog] [info] Fragment incompatibility prior below threshold.  Incompatible fragments will be ignored.
[2024-02-06 14:13:51.062] [jointLog] [info] Usage of --validateMappings implies use of minScoreFraction. Since not explicitly specified, it is being set to 0.65
[2024-02-06 14:13:51.062] [jointLog] [info] Setting consensusSlack to selective-alignment default of 0.35.
[2024-02-06 14:13:51.062] [jointLog] [info] parsing read library format
[2024-02-06 14:13:51.062] [jointLog] [info] There is 1 library.
[2024-02-06 14:13:51.065] [jointLog] [info] Loading pufferfish index
[2024-02-06 14:13:51.066] [jointLog] [info] Loading dense pufferfish index.
[2024-02-06 14:14:00.885] [jointLog] [info] done
[2024-02-06 14:14:00.969] [jointLog] [info] Index contained 86,774 targets
[2024-02-06 14:14:02.333] [jointLog] [info] Number of decoys : 0
[2024-02-06 14:14:02.826] [jointLog] [info] Automatically detected most likely library type as ISR

[2024-02-06 14:16:11.626] [jointLog] [info] Thread saw mini-batch with a maximum of 1.20% zero probability fragments
[2024-02-06 14:16:11.653] [jointLog] [info] Thread saw mini-batch with a maximum of 1.14% zero probability fragments
[2024-02-06 14:16:11.691] [jointLog] [info] Thread saw mini-batch with a maximum of 1.38% zero probability fragments
[2024-02-06 14:16:11.706] [jointLog] [info] Thread saw mini-batch with a maximum of 1.08% zero probability fragments
[2024-02-06 14:16:11.711] [jointLog] [info] Thread saw mini-batch with a maximum of 1.20% zero probability fragments
[2024-02-06 14:16:11.755] [jointLog] [info] Thread saw mini-batch with a maximum of 1.18% zero probability fragments
[2024-02-06 14:16:11.760] [jointLog] [info] Thread saw mini-batch with a maximum of 1.26% zero probability fragments
[2024-02-06 14:16:11.819] [jointLog] [info] Thread saw mini-batch with a maximum of 1.16% zero probability fragments
[2024-02-06 14:16:12.185] [fileLog] [info] 
At end of round 0
==================
Observed 29924463 total fragments (29924463 in most recent round)

[2024-02-06 14:16:12.184] [jointLog] [info] Computed 253,763 rich equivalence classes for further processing
[2024-02-06 14:16:12.184] [jointLog] [info] Counted 22,741,138 total reads in the equivalence classes 
[2024-02-06 14:16:12.189] [jointLog] [info] Number of mappings discarded because of alignment score : 24,712,390
[2024-02-06 14:16:12.189] [jointLog] [info] Number of fragments entirely discarded because of alignment score : 1,549,401
[2024-02-06 14:16:12.189] [jointLog] [info] Number of fragments discarded because they are best-mapped to decoys : 0
[2024-02-06 14:16:12.189] [jointLog] [info] Number of fragments discarded because they have only dovetail (discordant) mappings to valid targets : 140,979
[2024-02-06 14:16:12.189] [jointLog] [info] Mapping rate = 75.9951%

[2024-02-06 14:16:12.189] [jointLog] [info] finished quantifyLibrary()
[2024-02-06 14:16:12.272] [jointLog] [info] Starting optimizer
[2024-02-06 14:16:12.390] [jointLog] [info] Marked 0 weighted equivalence classes as degenerate
[2024-02-06 14:16:12.406] [jointLog] [info] iteration = 0 | max rel diff. = 14270.9
[2024-02-06 14:16:12.538] [jointLog] [info] iteration 11, adjusting effective lengths to account for biases
[2024-02-06 14:16:32.235] [jointLog] [info] Computed expected counts (for bias correction)
[2024-02-06 14:16:32.235] [jointLog] [info] processed bias for 0.0% of the transcripts
[2024-02-06 14:16:34.302] [jointLog] [info] processed bias for 10.0% of the transcripts
[2024-02-06 14:16:36.438] [jointLog] [info] processed bias for 20.0% of the transcripts
[2024-02-06 14:16:38.567] [jointLog] [info] processed bias for 30.0% of the transcripts
[2024-02-06 14:16:40.075] [jointLog] [info] processed bias for 40.0% of the transcripts
[2024-02-06 14:16:41.732] [jointLog] [info] processed bias for 50.0% of the transcripts
[2024-02-06 14:16:43.525] [jointLog] [info] processed bias for 60.0% of the transcripts
[2024-02-06 14:16:45.694] [jointLog] [info] processed bias for 70.0% of the transcripts
[2024-02-06 14:16:47.927] [jointLog] [info] processed bias for 80.0% of the transcripts
[2024-02-06 14:16:49.952] [jointLog] [info] processed bias for 90.0% of the transcripts
[2024-02-06 14:16:52.014] [jointLog] [info] processed bias for 100.0% of the transcripts
[2024-02-06 14:16:52.895] [jointLog] [info] iteration = 100 | max rel diff. = 20.1734
[2024-02-06 14:16:53.871] [jointLog] [info] iteration = 200 | max rel diff. = 3.60313
[2024-02-06 14:16:54.848] [jointLog] [info] iteration = 300 | max rel diff. = 0.272586
[2024-02-06 14:16:55.823] [jointLog] [info] iteration = 400 | max rel diff. = 1.05348
[2024-02-06 14:16:56.820] [jointLog] [info] iteration = 500 | max rel diff. = 0.124348
[2024-02-06 14:16:57.802] [jointLog] [info] iteration = 600 | max rel diff. = 0.158054
[2024-02-06 14:16:58.782] [jointLog] [info] iteration = 700 | max rel diff. = 1.11993
[2024-02-06 14:16:59.782] [jointLog] [info] iteration = 800 | max rel diff. = 0.0833535
[2024-02-06 14:17:00.768] [jointLog] [info] iteration = 900 | max rel diff. = 0.743788
[2024-02-06 14:17:01.764] [jointLog] [info] iteration = 1,000 | max rel diff. = 0.0241703
[2024-02-06 14:17:02.183] [jointLog] [info] iteration = 1,044 | max rel diff. = 0.00849206
[2024-02-06 14:17:02.204] [jointLog] [info] Finished optimizer
[2024-02-06 14:17:02.204] [jointLog] [info] writing output 

