[2024-02-06 14:18:01.631] [jointLog] [info] setting maxHashResizeThreads to 8
[2024-02-06 14:18:01.631] [jointLog] [info] Fragment incompatibility prior below threshold.  Incompatible fragments will be ignored.
[2024-02-06 14:18:01.631] [jointLog] [info] Usage of --validateMappings implies use of minScoreFraction. Since not explicitly specified, it is being set to 0.65
[2024-02-06 14:18:01.631] [jointLog] [info] Setting consensusSlack to selective-alignment default of 0.35.
[2024-02-06 14:18:01.631] [jointLog] [info] parsing read library format
[2024-02-06 14:18:01.631] [jointLog] [info] There is 1 library.
[2024-02-06 14:18:01.635] [jointLog] [info] Loading pufferfish index
[2024-02-06 14:18:01.636] [jointLog] [info] Loading dense pufferfish index.
[2024-02-06 14:18:02.246] [jointLog] [info] done
[2024-02-06 14:18:02.368] [jointLog] [info] Index contained 86,774 targets
[2024-02-06 14:18:03.670] [jointLog] [info] Number of decoys : 0
[2024-02-06 14:18:04.217] [jointLog] [info] Automatically detected most likely library type as ISR

[2024-02-06 14:20:54.848] [jointLog] [info] Thread saw mini-batch with a maximum of 1.50% zero probability fragments
[2024-02-06 14:20:54.866] [jointLog] [info] Thread saw mini-batch with a maximum of 1.58% zero probability fragments
[2024-02-06 14:20:54.887] [jointLog] [info] Thread saw mini-batch with a maximum of 1.62% zero probability fragments
[2024-02-06 14:20:54.901] [jointLog] [info] Thread saw mini-batch with a maximum of 1.56% zero probability fragments
[2024-02-06 14:20:54.911] [jointLog] [info] Thread saw mini-batch with a maximum of 1.66% zero probability fragments
[2024-02-06 14:20:54.920] [jointLog] [info] Thread saw mini-batch with a maximum of 1.52% zero probability fragments
[2024-02-06 14:20:55.044] [jointLog] [info] Thread saw mini-batch with a maximum of 1.58% zero probability fragments
[2024-02-06 14:20:55.076] [jointLog] [info] Thread saw mini-batch with a maximum of 1.54% zero probability fragments
[2024-02-06 14:20:55.514] [jointLog] [info] Computed 250,614 rich equivalence classes for further processing
[2024-02-06 14:20:55.514] [jointLog] [info] Counted 23,282,395 total reads in the equivalence classes 
[2024-02-06 14:20:55.527] [jointLog] [info] Number of mappings discarded because of alignment score : 37,465,695
[2024-02-06 14:20:55.527] [jointLog] [info] Number of fragments entirely discarded because of alignment score : 1,714,498
[2024-02-06 14:20:55.527] [jointLog] [info] Number of fragments discarded because they are best-mapped to decoys : 0
[2024-02-06 14:20:55.527] [jointLog] [info] Number of fragments discarded because they have only dovetail (discordant) mappings to valid targets : 194,844
[2024-02-06 14:20:55.527] [jointLog] [info] Mapping rate = 71.4388%

[2024-02-06 14:20:55.527] [jointLog] [info] finished quantifyLibrary()
[2024-02-06 14:20:55.533] [jointLog] [info] Starting optimizer
[2024-02-06 14:20:55.616] [jointLog] [info] Marked 0 weighted equivalence classes as degenerate
[2024-02-06 14:20:55.629] [jointLog] [info] iteration = 0 | max rel diff. = 14237.5
[2024-02-06 14:20:55.750] [jointLog] [info] iteration 11, adjusting effective lengths to account for biases
[2024-02-06 14:20:55.514] [fileLog] [info] 
At end of round 0
==================
Observed 32590695 total fragments (32590695 in most recent round)

[2024-02-06 14:21:18.359] [jointLog] [info] Computed expected counts (for bias correction)
[2024-02-06 14:21:18.359] [jointLog] [info] processed bias for 0.0% of the transcripts
[2024-02-06 14:21:20.670] [jointLog] [info] processed bias for 10.0% of the transcripts
[2024-02-06 14:21:23.198] [jointLog] [info] processed bias for 20.0% of the transcripts
[2024-02-06 14:21:25.569] [jointLog] [info] processed bias for 30.0% of the transcripts
[2024-02-06 14:21:27.924] [jointLog] [info] processed bias for 40.0% of the transcripts
[2024-02-06 14:21:30.369] [jointLog] [info] processed bias for 50.0% of the transcripts
[2024-02-06 14:21:32.940] [jointLog] [info] processed bias for 60.0% of the transcripts
[2024-02-06 14:21:35.410] [jointLog] [info] processed bias for 70.0% of the transcripts
[2024-02-06 14:21:37.158] [jointLog] [info] processed bias for 80.0% of the transcripts
[2024-02-06 14:21:39.034] [jointLog] [info] processed bias for 90.0% of the transcripts
[2024-02-06 14:21:41.083] [jointLog] [info] processed bias for 100.0% of the transcripts
[2024-02-06 14:21:42.009] [jointLog] [info] iteration = 100 | max rel diff. = 12.2018
[2024-02-06 14:21:43.030] [jointLog] [info] iteration = 200 | max rel diff. = 20.162
[2024-02-06 14:21:44.052] [jointLog] [info] iteration = 300 | max rel diff. = 1.14471
[2024-02-06 14:21:45.076] [jointLog] [info] iteration = 400 | max rel diff. = 1.57685
[2024-02-06 14:21:46.097] [jointLog] [info] iteration = 500 | max rel diff. = 0.134146
[2024-02-06 14:21:47.153] [jointLog] [info] iteration = 600 | max rel diff. = 2.56753
[2024-02-06 14:21:48.203] [jointLog] [info] iteration = 700 | max rel diff. = 2.42459
[2024-02-06 14:21:49.288] [jointLog] [info] iteration = 800 | max rel diff. = 0.487092
[2024-02-06 14:21:50.334] [jointLog] [info] iteration = 900 | max rel diff. = 0.430707
[2024-02-06 14:21:50.375] [jointLog] [info] iteration = 905 | max rel diff. = 0.00968277
[2024-02-06 14:21:50.400] [jointLog] [info] Finished optimizer
[2024-02-06 14:21:50.400] [jointLog] [info] writing output 

