[2024-02-06 14:35:16.843] [jointLog] [info] setting maxHashResizeThreads to 8
[2024-02-06 14:35:16.843] [jointLog] [info] Fragment incompatibility prior below threshold.  Incompatible fragments will be ignored.
[2024-02-06 14:35:16.843] [jointLog] [info] Usage of --validateMappings implies use of minScoreFraction. Since not explicitly specified, it is being set to 0.65
[2024-02-06 14:35:16.843] [jointLog] [info] Setting consensusSlack to selective-alignment default of 0.35.
[2024-02-06 14:35:16.843] [jointLog] [info] parsing read library format
[2024-02-06 14:35:16.843] [jointLog] [info] There is 1 library.
[2024-02-06 14:35:16.891] [jointLog] [info] Loading pufferfish index
[2024-02-06 14:35:16.892] [jointLog] [info] Loading dense pufferfish index.
[2024-02-06 14:35:17.438] [jointLog] [info] done
[2024-02-06 14:35:17.521] [jointLog] [info] Index contained 86,774 targets
[2024-02-06 14:35:18.619] [jointLog] [info] Number of decoys : 0
[2024-02-06 14:35:19.243] [jointLog] [info] Automatically detected most likely library type as ISR

[2024-02-06 14:37:33.499] [jointLog] [info] Thread saw mini-batch with a maximum of 3.90% zero probability fragments
[2024-02-06 14:37:33.515] [jointLog] [info] Thread saw mini-batch with a maximum of 3.68% zero probability fragments
[2024-02-06 14:37:33.544] [jointLog] [info] Thread saw mini-batch with a maximum of 3.74% zero probability fragments
[2024-02-06 14:37:33.560] [jointLog] [info] Thread saw mini-batch with a maximum of 3.82% zero probability fragments
[2024-02-06 14:37:33.567] [jointLog] [info] Thread saw mini-batch with a maximum of 3.66% zero probability fragments
[2024-02-06 14:37:33.576] [jointLog] [info] Thread saw mini-batch with a maximum of 3.70% zero probability fragments
[2024-02-06 14:37:33.585] [jointLog] [info] Thread saw mini-batch with a maximum of 3.58% zero probability fragments
[2024-02-06 14:37:33.614] [jointLog] [info] Thread saw mini-batch with a maximum of 3.76% zero probability fragments
[2024-02-06 14:37:33.988] [fileLog] [info] 
At end of round 0
==================
Observed 38603490 total fragments (38603490 in most recent round)

[2024-02-06 14:37:33.988] [jointLog] [info] Computed 221,389 rich equivalence classes for further processing
[2024-02-06 14:37:33.988] [jointLog] [info] Counted 27,650,890 total reads in the equivalence classes 
[2024-02-06 14:37:33.995] [jointLog] [info] Number of mappings discarded because of alignment score : 36,835,328
[2024-02-06 14:37:33.995] [jointLog] [info] Number of fragments entirely discarded because of alignment score : 1,652,824
[2024-02-06 14:37:33.995] [jointLog] [info] Number of fragments discarded because they are best-mapped to decoys : 0
[2024-02-06 14:37:33.995] [jointLog] [info] Number of fragments discarded because they have only dovetail (discordant) mappings to valid targets : 235,133
[2024-02-06 14:37:33.995] [jointLog] [info] Mapping rate = 71.628%

[2024-02-06 14:37:33.995] [jointLog] [info] finished quantifyLibrary()
[2024-02-06 14:37:34.001] [jointLog] [info] Starting optimizer
[2024-02-06 14:37:36.540] [jointLog] [info] Marked 0 weighted equivalence classes as degenerate
[2024-02-06 14:37:36.553] [jointLog] [info] iteration = 0 | max rel diff. = 14049.2
[2024-02-06 14:37:36.669] [jointLog] [info] iteration 11, adjusting effective lengths to account for biases
[2024-02-06 14:37:55.688] [jointLog] [info] Computed expected counts (for bias correction)
[2024-02-06 14:37:55.688] [jointLog] [info] processed bias for 0.0% of the transcripts
[2024-02-06 14:37:57.803] [jointLog] [info] processed bias for 10.0% of the transcripts
[2024-02-06 14:38:00.022] [jointLog] [info] processed bias for 20.0% of the transcripts
[2024-02-06 14:38:02.196] [jointLog] [info] processed bias for 30.0% of the transcripts
[2024-02-06 14:38:04.375] [jointLog] [info] processed bias for 40.0% of the transcripts
[2024-02-06 14:38:06.520] [jointLog] [info] processed bias for 50.0% of the transcripts
[2024-02-06 14:38:08.713] [jointLog] [info] processed bias for 60.0% of the transcripts
[2024-02-06 14:38:10.910] [jointLog] [info] processed bias for 70.0% of the transcripts
[2024-02-06 14:38:13.112] [jointLog] [info] processed bias for 80.0% of the transcripts
[2024-02-06 14:38:14.570] [jointLog] [info] processed bias for 90.0% of the transcripts
[2024-02-06 14:38:15.935] [jointLog] [info] processed bias for 100.0% of the transcripts
[2024-02-06 14:38:16.778] [jointLog] [info] iteration = 100 | max rel diff. = 15.3109
[2024-02-06 14:38:17.711] [jointLog] [info] iteration = 200 | max rel diff. = 14.9366
[2024-02-06 14:38:18.645] [jointLog] [info] iteration = 300 | max rel diff. = 8.18555
[2024-02-06 14:38:19.575] [jointLog] [info] iteration = 400 | max rel diff. = 5.20001
[2024-02-06 14:38:20.507] [jointLog] [info] iteration = 500 | max rel diff. = 3.49303
[2024-02-06 14:38:21.439] [jointLog] [info] iteration = 600 | max rel diff. = 0.945413
[2024-02-06 14:38:22.371] [jointLog] [info] iteration = 700 | max rel diff. = 1.08383
[2024-02-06 14:38:23.303] [jointLog] [info] iteration = 800 | max rel diff. = 0.0211406
[2024-02-06 14:38:24.234] [jointLog] [info] iteration = 900 | max rel diff. = 0.070295
[2024-02-06 14:38:25.165] [jointLog] [info] iteration = 1,000 | max rel diff. = 0.493594
[2024-02-06 14:38:26.096] [jointLog] [info] iteration = 1,100 | max rel diff. = 0.0607791
[2024-02-06 14:38:27.027] [jointLog] [info] iteration = 1,200 | max rel diff. = 0.0466129
[2024-02-06 14:38:27.958] [jointLog] [info] iteration = 1,300 | max rel diff. = 0.122125
[2024-02-06 14:38:28.888] [jointLog] [info] iteration = 1,400 | max rel diff. = 1.27699
[2024-02-06 14:38:28.906] [jointLog] [info] iteration = 1,403 | max rel diff. = 0.00562708
[2024-02-06 14:38:28.926] [jointLog] [info] Finished optimizer
[2024-02-06 14:38:28.926] [jointLog] [info] writing output 

