[2024-02-06 14:21:44.579] [jointLog] [info] setting maxHashResizeThreads to 8
[2024-02-06 14:21:44.579] [jointLog] [info] Fragment incompatibility prior below threshold.  Incompatible fragments will be ignored.
[2024-02-06 14:21:44.579] [jointLog] [info] Usage of --validateMappings implies use of minScoreFraction. Since not explicitly specified, it is being set to 0.65
[2024-02-06 14:21:44.579] [jointLog] [info] Setting consensusSlack to selective-alignment default of 0.35.
[2024-02-06 14:21:44.579] [jointLog] [info] parsing read library format
[2024-02-06 14:21:44.579] [jointLog] [info] There is 1 library.
[2024-02-06 14:21:44.580] [jointLog] [info] Loading pufferfish index
[2024-02-06 14:21:44.581] [jointLog] [info] Loading dense pufferfish index.
[2024-02-06 14:21:45.012] [jointLog] [info] done
[2024-02-06 14:21:45.086] [jointLog] [info] Index contained 86,774 targets
[2024-02-06 14:21:46.225] [jointLog] [info] Number of decoys : 0
[2024-02-06 14:21:46.716] [jointLog] [info] Automatically detected most likely library type as ISR

[2024-02-06 14:24:14.223] [jointLog] [info] Thread saw mini-batch with a maximum of 1.28% zero probability fragments
[2024-02-06 14:24:14.241] [jointLog] [info] Thread saw mini-batch with a maximum of 1.38% zero probability fragments
[2024-02-06 14:24:14.255] [jointLog] [info] Thread saw mini-batch with a maximum of 1.26% zero probability fragments
[2024-02-06 14:24:14.272] [jointLog] [info] Thread saw mini-batch with a maximum of 1.20% zero probability fragments
[2024-02-06 14:24:14.306] [jointLog] [info] Thread saw mini-batch with a maximum of 1.34% zero probability fragments
[2024-02-06 14:24:14.338] [jointLog] [info] Thread saw mini-batch with a maximum of 1.26% zero probability fragments
[2024-02-06 14:24:14.373] [jointLog] [info] Thread saw mini-batch with a maximum of 1.18% zero probability fragments
[2024-02-06 14:24:14.378] [jointLog] [info] Thread saw mini-batch with a maximum of 1.14% zero probability fragments
[2024-02-06 14:24:14.643] [fileLog] [info] 
At end of round 0
==================
Observed 29321866 total fragments (29321866 in most recent round)

[2024-02-06 14:24:14.643] [jointLog] [info] Computed 241,536 rich equivalence classes for further processing
[2024-02-06 14:24:14.643] [jointLog] [info] Counted 21,205,246 total reads in the equivalence classes 
[2024-02-06 14:24:14.648] [jointLog] [info] Number of mappings discarded because of alignment score : 33,182,589
[2024-02-06 14:24:14.648] [jointLog] [info] Number of fragments entirely discarded because of alignment score : 1,512,632
[2024-02-06 14:24:14.648] [jointLog] [info] Number of fragments discarded because they are best-mapped to decoys : 0
[2024-02-06 14:24:14.648] [jointLog] [info] Number of fragments discarded because they have only dovetail (discordant) mappings to valid targets : 171,503
[2024-02-06 14:24:14.648] [jointLog] [info] Mapping rate = 72.3189%

[2024-02-06 14:24:14.648] [jointLog] [info] finished quantifyLibrary()
[2024-02-06 14:24:14.654] [jointLog] [info] Starting optimizer
[2024-02-06 14:24:17.291] [jointLog] [info] Marked 0 weighted equivalence classes as degenerate
[2024-02-06 14:24:17.302] [jointLog] [info] iteration = 0 | max rel diff. = 13733.2
[2024-02-06 14:24:17.411] [jointLog] [info] iteration 11, adjusting effective lengths to account for biases
[2024-02-06 14:24:34.865] [jointLog] [info] Computed expected counts (for bias correction)
[2024-02-06 14:24:34.866] [jointLog] [info] processed bias for 0.0% of the transcripts
[2024-02-06 14:24:36.731] [jointLog] [info] processed bias for 10.0% of the transcripts
[2024-02-06 14:24:38.682] [jointLog] [info] processed bias for 20.0% of the transcripts
[2024-02-06 14:24:40.616] [jointLog] [info] processed bias for 30.0% of the transcripts
[2024-02-06 14:24:42.316] [jointLog] [info] processed bias for 40.0% of the transcripts
[2024-02-06 14:24:43.079] [jointLog] [info] processed bias for 50.0% of the transcripts
[2024-02-06 14:24:44.860] [jointLog] [info] processed bias for 60.0% of the transcripts
[2024-02-06 14:24:46.789] [jointLog] [info] processed bias for 70.0% of the transcripts
[2024-02-06 14:24:48.666] [jointLog] [info] processed bias for 80.0% of the transcripts
[2024-02-06 14:24:50.566] [jointLog] [info] processed bias for 90.0% of the transcripts
[2024-02-06 14:24:52.539] [jointLog] [info] processed bias for 100.0% of the transcripts
[2024-02-06 14:24:52.546] [jointLog] [info] processed bias for 100.0% of the transcripts
[2024-02-06 14:24:53.555] [jointLog] [info] iteration = 100 | max rel diff. = 8.35345
[2024-02-06 14:24:54.671] [jointLog] [info] iteration = 200 | max rel diff. = 5.4157
[2024-02-06 14:24:55.785] [jointLog] [info] iteration = 300 | max rel diff. = 1.3744
[2024-02-06 14:24:56.906] [jointLog] [info] iteration = 400 | max rel diff. = 0.628276
[2024-02-06 14:24:58.018] [jointLog] [info] iteration = 500 | max rel diff. = 0.45559
[2024-02-06 14:24:59.133] [jointLog] [info] iteration = 600 | max rel diff. = 1.01546
[2024-02-06 14:25:00.247] [jointLog] [info] iteration = 700 | max rel diff. = 2.21342
[2024-02-06 14:25:01.355] [jointLog] [info] iteration = 800 | max rel diff. = 0.0598518
[2024-02-06 14:25:02.450] [jointLog] [info] iteration = 900 | max rel diff. = 0.0830913
[2024-02-06 14:25:03.544] [jointLog] [info] iteration = 1,000 | max rel diff. = 0.0500565
[2024-02-06 14:25:04.633] [jointLog] [info] iteration = 1,100 | max rel diff. = 0.788591
[2024-02-06 14:25:05.741] [jointLog] [info] iteration = 1,200 | max rel diff. = 0.682836
[2024-02-06 14:25:06.855] [jointLog] [info] iteration = 1,300 | max rel diff. = 0.128747
[2024-02-06 14:25:06.932] [jointLog] [info] iteration = 1,308 | max rel diff. = 0.00544856
[2024-02-06 14:25:06.954] [jointLog] [info] Finished optimizer
[2024-02-06 14:25:06.954] [jointLog] [info] writing output 

