[2024-02-06 14:36:30.271] [jointLog] [info] setting maxHashResizeThreads to 8
[2024-02-06 14:36:30.271] [jointLog] [info] Fragment incompatibility prior below threshold.  Incompatible fragments will be ignored.
[2024-02-06 14:36:30.271] [jointLog] [info] Usage of --validateMappings implies use of minScoreFraction. Since not explicitly specified, it is being set to 0.65
[2024-02-06 14:36:30.271] [jointLog] [info] Setting consensusSlack to selective-alignment default of 0.35.
[2024-02-06 14:36:30.271] [jointLog] [info] parsing read library format
[2024-02-06 14:36:30.272] [jointLog] [info] There is 1 library.
[2024-02-06 14:36:30.273] [jointLog] [info] Loading pufferfish index
[2024-02-06 14:36:30.274] [jointLog] [info] Loading dense pufferfish index.
[2024-02-06 14:36:31.076] [jointLog] [info] done
[2024-02-06 14:36:31.202] [jointLog] [info] Index contained 86,774 targets
[2024-02-06 14:36:32.446] [jointLog] [info] Number of decoys : 0
[2024-02-06 14:36:33.082] [jointLog] [info] Automatically detected most likely library type as ISR

[2024-02-06 14:39:18.044] [jointLog] [info] Thread saw mini-batch with a maximum of 2.10% zero probability fragments
[2024-02-06 14:39:18.090] [jointLog] [info] Thread saw mini-batch with a maximum of 2.18% zero probability fragments
[2024-02-06 14:39:18.149] [jointLog] [info] Thread saw mini-batch with a maximum of 2.18% zero probability fragments
[2024-02-06 14:39:18.165] [jointLog] [info] Thread saw mini-batch with a maximum of 2.06% zero probability fragments
[2024-02-06 14:39:18.189] [jointLog] [info] Thread saw mini-batch with a maximum of 2.20% zero probability fragments
[2024-02-06 14:39:18.226] [jointLog] [info] Thread saw mini-batch with a maximum of 2.16% zero probability fragments
[2024-02-06 14:39:18.227] [jointLog] [info] Thread saw mini-batch with a maximum of 2.10% zero probability fragments
[2024-02-06 14:39:18.259] [jointLog] [info] Thread saw mini-batch with a maximum of 2.14% zero probability fragments
[2024-02-06 14:39:18.493] [fileLog] [info] 
At end of round 0
==================
Observed 30713773 total fragments (30713773 in most recent round)

[2024-02-06 14:39:18.492] [jointLog] [info] Computed 223,751 rich equivalence classes for further processing
[2024-02-06 14:39:18.493] [jointLog] [info] Counted 21,507,083 total reads in the equivalence classes 
[2024-02-06 14:39:18.497] [jointLog] [info] Number of mappings discarded because of alignment score : 42,387,387
[2024-02-06 14:39:18.497] [jointLog] [info] Number of fragments entirely discarded because of alignment score : 1,956,092
[2024-02-06 14:39:18.497] [jointLog] [info] Number of fragments discarded because they are best-mapped to decoys : 0
[2024-02-06 14:39:18.497] [jointLog] [info] Number of fragments discarded because they have only dovetail (discordant) mappings to valid targets : 239,463
[2024-02-06 14:39:18.497] [jointLog] [info] Mapping rate = 70.0242%

[2024-02-06 14:39:18.497] [jointLog] [info] finished quantifyLibrary()
[2024-02-06 14:39:18.502] [jointLog] [info] Starting optimizer
[2024-02-06 14:39:18.572] [jointLog] [info] Marked 0 weighted equivalence classes as degenerate
[2024-02-06 14:39:18.583] [jointLog] [info] iteration = 0 | max rel diff. = 13594.8
[2024-02-06 14:39:18.684] [jointLog] [info] iteration 11, adjusting effective lengths to account for biases
[2024-02-06 14:39:39.274] [jointLog] [info] Computed expected counts (for bias correction)
[2024-02-06 14:39:39.274] [jointLog] [info] processed bias for 0.0% of the transcripts
[2024-02-06 14:39:41.389] [jointLog] [info] processed bias for 10.0% of the transcripts
[2024-02-06 14:39:43.751] [jointLog] [info] processed bias for 20.0% of the transcripts
[2024-02-06 14:39:45.997] [jointLog] [info] processed bias for 30.0% of the transcripts
[2024-02-06 14:39:47.908] [jointLog] [info] processed bias for 40.0% of the transcripts
[2024-02-06 14:39:48.857] [jointLog] [info] processed bias for 50.0% of the transcripts
[2024-02-06 14:39:50.953] [jointLog] [info] processed bias for 60.0% of the transcripts
[2024-02-06 14:39:53.279] [jointLog] [info] processed bias for 70.0% of the transcripts
[2024-02-06 14:39:55.505] [jointLog] [info] processed bias for 80.0% of the transcripts
[2024-02-06 14:39:57.824] [jointLog] [info] processed bias for 90.0% of the transcripts
[2024-02-06 14:40:00.136] [jointLog] [info] processed bias for 100.0% of the transcripts
[2024-02-06 14:40:00.139] [jointLog] [info] processed bias for 100.0% of the transcripts
[2024-02-06 14:40:00.990] [jointLog] [info] iteration = 100 | max rel diff. = 15.6744
[2024-02-06 14:40:01.909] [jointLog] [info] iteration = 200 | max rel diff. = 10.2733
[2024-02-06 14:40:02.814] [jointLog] [info] iteration = 300 | max rel diff. = 2.57094
[2024-02-06 14:40:03.714] [jointLog] [info] iteration = 400 | max rel diff. = 0.434208
[2024-02-06 14:40:04.616] [jointLog] [info] iteration = 500 | max rel diff. = 0.333564
[2024-02-06 14:40:05.526] [jointLog] [info] iteration = 600 | max rel diff. = 0.231535
[2024-02-06 14:40:06.433] [jointLog] [info] iteration = 700 | max rel diff. = 7.92305
[2024-02-06 14:40:07.337] [jointLog] [info] iteration = 800 | max rel diff. = 0.101987
[2024-02-06 14:40:08.318] [jointLog] [info] iteration = 900 | max rel diff. = 0.224092
[2024-02-06 14:40:09.302] [jointLog] [info] iteration = 1,000 | max rel diff. = 0.0408217
[2024-02-06 14:40:10.291] [jointLog] [info] iteration = 1,100 | max rel diff. = 0.0161731
[2024-02-06 14:40:11.276] [jointLog] [info] iteration = 1,200 | max rel diff. = 0.392627
[2024-02-06 14:40:12.239] [jointLog] [info] iteration = 1,300 | max rel diff. = 0.0454151
[2024-02-06 14:40:12.469] [jointLog] [info] iteration = 1,325 | max rel diff. = 0.00613175
[2024-02-06 14:40:12.489] [jointLog] [info] Finished optimizer
[2024-02-06 14:40:12.489] [jointLog] [info] writing output 

