[2024-02-06 14:13:50.840] [jointLog] [info] setting maxHashResizeThreads to 8
[2024-02-06 14:13:50.840] [jointLog] [info] Fragment incompatibility prior below threshold.  Incompatible fragments will be ignored.
[2024-02-06 14:13:50.840] [jointLog] [info] Usage of --validateMappings implies use of minScoreFraction. Since not explicitly specified, it is being set to 0.65
[2024-02-06 14:13:50.840] [jointLog] [info] Setting consensusSlack to selective-alignment default of 0.35.
[2024-02-06 14:13:50.840] [jointLog] [info] parsing read library format
[2024-02-06 14:13:50.840] [jointLog] [info] There is 1 library.
[2024-02-06 14:13:50.842] [jointLog] [info] Loading pufferfish index
[2024-02-06 14:13:50.843] [jointLog] [info] Loading dense pufferfish index.
[2024-02-06 14:13:51.375] [jointLog] [info] done
[2024-02-06 14:13:51.472] [jointLog] [info] Index contained 86,774 targets
[2024-02-06 14:13:52.662] [jointLog] [info] Number of decoys : 0
[2024-02-06 14:13:53.179] [jointLog] [info] Automatically detected most likely library type as ISR

[2024-02-06 14:16:35.303] [jointLog] [info] Thread saw mini-batch with a maximum of 1.34% zero probability fragments
[2024-02-06 14:16:35.315] [jointLog] [info] Thread saw mini-batch with a maximum of 1.36% zero probability fragments
[2024-02-06 14:16:35.332] [jointLog] [info] Thread saw mini-batch with a maximum of 1.36% zero probability fragments
[2024-02-06 14:16:35.369] [jointLog] [info] Thread saw mini-batch with a maximum of 1.28% zero probability fragments
[2024-02-06 14:16:35.455] [jointLog] [info] Thread saw mini-batch with a maximum of 1.28% zero probability fragments
[2024-02-06 14:16:35.461] [jointLog] [info] Thread saw mini-batch with a maximum of 1.30% zero probability fragments
[2024-02-06 14:16:35.471] [jointLog] [info] Thread saw mini-batch with a maximum of 1.36% zero probability fragments
[2024-02-06 14:16:35.485] [jointLog] [info] Thread saw mini-batch with a maximum of 1.42% zero probability fragments
[2024-02-06 14:16:35.747] [jointLog] [info] Computed 241,912 rich equivalence classes for further processing
[2024-02-06 14:16:35.747] [jointLog] [info] Counted 24,186,400 total reads in the equivalence classes 
[2024-02-06 14:16:35.752] [jointLog] [info] Number of mappings discarded because of alignment score : 41,813,977
[2024-02-06 14:16:35.752] [jointLog] [info] Number of fragments entirely discarded because of alignment score : 1,880,256
[2024-02-06 14:16:35.752] [jointLog] [info] Number of fragments discarded because they are best-mapped to decoys : 0
[2024-02-06 14:16:35.752] [jointLog] [info] Number of fragments discarded because they have only dovetail (discordant) mappings to valid targets : 196,781
[2024-02-06 14:16:35.752] [jointLog] [info] Mapping rate = 72.5131%

[2024-02-06 14:16:35.752] [jointLog] [info] finished quantifyLibrary()
[2024-02-06 14:16:35.757] [jointLog] [info] Starting optimizer
[2024-02-06 14:16:35.834] [jointLog] [info] Marked 0 weighted equivalence classes as degenerate
[2024-02-06 14:16:35.846] [jointLog] [info] iteration = 0 | max rel diff. = 14045.5
[2024-02-06 14:16:35.958] [jointLog] [info] iteration 11, adjusting effective lengths to account for biases
[2024-02-06 14:16:35.748] [fileLog] [info] 
At end of round 0
==================
Observed 33354531 total fragments (33354531 in most recent round)

[2024-02-06 14:16:56.497] [jointLog] [info] Computed expected counts (for bias correction)
[2024-02-06 14:16:56.497] [jointLog] [info] processed bias for 0.0% of the transcripts
[2024-02-06 14:16:58.627] [jointLog] [info] processed bias for 10.0% of the transcripts
[2024-02-06 14:17:00.873] [jointLog] [info] processed bias for 20.0% of the transcripts
[2024-02-06 14:17:03.090] [jointLog] [info] processed bias for 30.0% of the transcripts
[2024-02-06 14:17:05.246] [jointLog] [info] processed bias for 40.0% of the transcripts
[2024-02-06 14:17:07.390] [jointLog] [info] processed bias for 50.0% of the transcripts
[2024-02-06 14:17:09.616] [jointLog] [info] processed bias for 60.0% of the transcripts
[2024-02-06 14:17:11.917] [jointLog] [info] processed bias for 70.0% of the transcripts
[2024-02-06 14:17:13.438] [jointLog] [info] processed bias for 80.0% of the transcripts
[2024-02-06 14:17:15.128] [jointLog] [info] processed bias for 90.0% of the transcripts
[2024-02-06 14:17:17.105] [jointLog] [info] processed bias for 100.0% of the transcripts
[2024-02-06 14:17:17.965] [jointLog] [info] iteration = 100 | max rel diff. = 17.3684
[2024-02-06 14:17:18.912] [jointLog] [info] iteration = 200 | max rel diff. = 6.11012
[2024-02-06 14:17:19.859] [jointLog] [info] iteration = 300 | max rel diff. = 6.09027
[2024-02-06 14:17:20.800] [jointLog] [info] iteration = 400 | max rel diff. = 2.61022
[2024-02-06 14:17:21.744] [jointLog] [info] iteration = 500 | max rel diff. = 6.33369
[2024-02-06 14:17:22.684] [jointLog] [info] iteration = 600 | max rel diff. = 0.202632
[2024-02-06 14:17:23.629] [jointLog] [info] iteration = 700 | max rel diff. = 0.684151
[2024-02-06 14:17:24.572] [jointLog] [info] iteration = 800 | max rel diff. = 0.340873
[2024-02-06 14:17:25.511] [jointLog] [info] iteration = 900 | max rel diff. = 0.0460022
[2024-02-06 14:17:26.453] [jointLog] [info] iteration = 1,000 | max rel diff. = 0.0320916
[2024-02-06 14:17:27.394] [jointLog] [info] iteration = 1,100 | max rel diff. = 0.175416
[2024-02-06 14:17:28.336] [jointLog] [info] iteration = 1,200 | max rel diff. = 0.0733683
[2024-02-06 14:17:29.277] [jointLog] [info] iteration = 1,300 | max rel diff. = 0.0245134
[2024-02-06 14:17:30.217] [jointLog] [info] iteration = 1,400 | max rel diff. = 0.0340311
[2024-02-06 14:17:31.148] [jointLog] [info] iteration = 1,500 | max rel diff. = 1.3991
[2024-02-06 14:17:31.213] [jointLog] [info] iteration = 1,508 | max rel diff. = 0.00539172
[2024-02-06 14:17:31.231] [jointLog] [info] Finished optimizer
[2024-02-06 14:17:31.231] [jointLog] [info] writing output 

