[2024-02-06 14:43:12.334] [jointLog] [info] setting maxHashResizeThreads to 8
[2024-02-06 14:43:12.334] [jointLog] [info] Fragment incompatibility prior below threshold.  Incompatible fragments will be ignored.
[2024-02-06 14:43:12.334] [jointLog] [info] Usage of --validateMappings implies use of minScoreFraction. Since not explicitly specified, it is being set to 0.65
[2024-02-06 14:43:12.334] [jointLog] [info] Setting consensusSlack to selective-alignment default of 0.35.
[2024-02-06 14:43:12.334] [jointLog] [info] parsing read library format
[2024-02-06 14:43:12.334] [jointLog] [info] There is 1 library.
[2024-02-06 14:43:12.336] [jointLog] [info] Loading pufferfish index
[2024-02-06 14:43:12.337] [jointLog] [info] Loading dense pufferfish index.
[2024-02-06 14:43:12.887] [jointLog] [info] done
[2024-02-06 14:43:12.983] [jointLog] [info] Index contained 86,774 targets
[2024-02-06 14:43:14.313] [jointLog] [info] Number of decoys : 0
[2024-02-06 14:43:15.081] [jointLog] [info] Automatically detected most likely library type as ISR

[2024-02-06 14:46:19.938] [jointLog] [info] Thread saw mini-batch with a maximum of 2.36% zero probability fragments
[2024-02-06 14:46:19.944] [jointLog] [info] Thread saw mini-batch with a maximum of 2.34% zero probability fragments
[2024-02-06 14:46:19.960] [jointLog] [info] Thread saw mini-batch with a maximum of 2.34% zero probability fragments
[2024-02-06 14:46:19.962] [jointLog] [info] Thread saw mini-batch with a maximum of 2.38% zero probability fragments
[2024-02-06 14:46:20.006] [jointLog] [info] Thread saw mini-batch with a maximum of 2.30% zero probability fragments
[2024-02-06 14:46:20.077] [jointLog] [info] Thread saw mini-batch with a maximum of 2.34% zero probability fragments
[2024-02-06 14:46:20.116] [jointLog] [info] Thread saw mini-batch with a maximum of 2.28% zero probability fragments
[2024-02-06 14:46:20.119] [jointLog] [info] Thread saw mini-batch with a maximum of 2.44% zero probability fragments
[2024-02-06 14:46:20.468] [fileLog] [info] 
At end of round 0
==================
Observed 33920394 total fragments (33920394 in most recent round)

[2024-02-06 14:46:20.467] [jointLog] [info] Computed 144,528 rich equivalence classes for further processing
[2024-02-06 14:46:20.467] [jointLog] [info] Counted 17,969,207 total reads in the equivalence classes 
[2024-02-06 14:46:20.471] [jointLog] [info] Number of mappings discarded because of alignment score : 36,241,410
[2024-02-06 14:46:20.471] [jointLog] [info] Number of fragments entirely discarded because of alignment score : 2,067,609
[2024-02-06 14:46:20.471] [jointLog] [info] Number of fragments discarded because they are best-mapped to decoys : 0
[2024-02-06 14:46:20.471] [jointLog] [info] Number of fragments discarded because they have only dovetail (discordant) mappings to valid targets : 370,684
[2024-02-06 14:46:20.471] [jointLog] [info] Mapping rate = 52.9746%

[2024-02-06 14:46:20.471] [jointLog] [info] finished quantifyLibrary()
[2024-02-06 14:46:20.477] [jointLog] [info] Starting optimizer
[2024-02-06 14:46:20.559] [jointLog] [info] Marked 0 weighted equivalence classes as degenerate
[2024-02-06 14:46:20.585] [jointLog] [info] iteration = 0 | max rel diff. = 13101.5
[2024-02-06 14:46:20.695] [jointLog] [info] iteration 11, adjusting effective lengths to account for biases
[2024-02-06 14:46:36.111] [jointLog] [info] Computed expected counts (for bias correction)
[2024-02-06 14:46:36.111] [jointLog] [info] processed bias for 0.0% of the transcripts
[2024-02-06 14:46:37.743] [jointLog] [info] processed bias for 10.0% of the transcripts
[2024-02-06 14:46:39.433] [jointLog] [info] processed bias for 20.0% of the transcripts
[2024-02-06 14:46:41.017] [jointLog] [info] processed bias for 30.0% of the transcripts
[2024-02-06 14:46:42.692] [jointLog] [info] processed bias for 40.0% of the transcripts
[2024-02-06 14:46:44.433] [jointLog] [info] processed bias for 50.0% of the transcripts
[2024-02-06 14:46:46.103] [jointLog] [info] processed bias for 60.0% of the transcripts
[2024-02-06 14:46:46.984] [jointLog] [info] processed bias for 70.0% of the transcripts
[2024-02-06 14:46:48.210] [jointLog] [info] processed bias for 80.0% of the transcripts
[2024-02-06 14:46:49.841] [jointLog] [info] processed bias for 90.0% of the transcripts
[2024-02-06 14:46:51.526] [jointLog] [info] processed bias for 100.0% of the transcripts
[2024-02-06 14:46:52.394] [jointLog] [info] iteration = 100 | max rel diff. = 12.3769
[2024-02-06 14:46:53.279] [jointLog] [info] iteration = 200 | max rel diff. = 0.729515
[2024-02-06 14:46:54.168] [jointLog] [info] iteration = 300 | max rel diff. = 3.6534
[2024-02-06 14:46:55.027] [jointLog] [info] iteration = 400 | max rel diff. = 1.17424
[2024-02-06 14:46:55.875] [jointLog] [info] iteration = 500 | max rel diff. = 3.6758
[2024-02-06 14:46:56.723] [jointLog] [info] iteration = 600 | max rel diff. = 16.1308
[2024-02-06 14:46:57.622] [jointLog] [info] iteration = 700 | max rel diff. = 0.113511
[2024-02-06 14:46:58.463] [jointLog] [info] iteration = 800 | max rel diff. = 0.109388
[2024-02-06 14:46:59.349] [jointLog] [info] iteration = 900 | max rel diff. = 0.170015
[2024-02-06 14:47:00.250] [jointLog] [info] iteration = 1,000 | max rel diff. = 0.0192913
[2024-02-06 14:47:01.178] [jointLog] [info] iteration = 1,100 | max rel diff. = 14.8707
[2024-02-06 14:47:02.101] [jointLog] [info] iteration = 1,200 | max rel diff. = 0.0568193
[2024-02-06 14:47:03.102] [jointLog] [info] iteration = 1,300 | max rel diff. = 0.275476
[2024-02-06 14:47:04.132] [jointLog] [info] iteration = 1,400 | max rel diff. = 0.0389484
[2024-02-06 14:47:05.045] [jointLog] [info] iteration = 1,500 | max rel diff. = 0.0766178
[2024-02-06 14:47:05.947] [jointLog] [info] iteration = 1,600 | max rel diff. = 0.0164758
[2024-02-06 14:47:06.418] [jointLog] [info] iteration = 1,654 | max rel diff. = 0.00991321
[2024-02-06 14:47:06.449] [jointLog] [info] Finished optimizer
[2024-02-06 14:47:06.449] [jointLog] [info] writing output 

