[2024-02-06 14:26:00.563] [jointLog] [info] setting maxHashResizeThreads to 8
[2024-02-06 14:26:00.563] [jointLog] [info] Fragment incompatibility prior below threshold.  Incompatible fragments will be ignored.
[2024-02-06 14:26:00.563] [jointLog] [info] Usage of --validateMappings implies use of minScoreFraction. Since not explicitly specified, it is being set to 0.65
[2024-02-06 14:26:00.563] [jointLog] [info] Setting consensusSlack to selective-alignment default of 0.35.
[2024-02-06 14:26:00.563] [jointLog] [info] parsing read library format
[2024-02-06 14:26:00.563] [jointLog] [info] There is 1 library.
[2024-02-06 14:26:00.565] [jointLog] [info] Loading pufferfish index
[2024-02-06 14:26:00.566] [jointLog] [info] Loading dense pufferfish index.
[2024-02-06 14:26:01.124] [jointLog] [info] done
[2024-02-06 14:26:01.209] [jointLog] [info] Index contained 86,774 targets
[2024-02-06 14:26:02.313] [jointLog] [info] Number of decoys : 0
[2024-02-06 14:26:02.979] [jointLog] [info] Automatically detected most likely library type as ISR

[2024-02-06 14:28:21.696] [jointLog] [info] Thread saw mini-batch with a maximum of 1.26% zero probability fragments
[2024-02-06 14:28:21.758] [jointLog] [info] Thread saw mini-batch with a maximum of 1.20% zero probability fragments
[2024-02-06 14:28:21.758] [jointLog] [info] Thread saw mini-batch with a maximum of 1.20% zero probability fragments
[2024-02-06 14:28:21.776] [jointLog] [info] Thread saw mini-batch with a maximum of 1.26% zero probability fragments
[2024-02-06 14:28:21.784] [jointLog] [info] Thread saw mini-batch with a maximum of 1.22% zero probability fragments
[2024-02-06 14:28:21.825] [jointLog] [info] Thread saw mini-batch with a maximum of 1.26% zero probability fragments
[2024-02-06 14:28:21.846] [jointLog] [info] Thread saw mini-batch with a maximum of 1.24% zero probability fragments
[2024-02-06 14:28:21.872] [jointLog] [info] Thread saw mini-batch with a maximum of 1.20% zero probability fragments
[2024-02-06 14:28:22.193] [fileLog] [info] 
At end of round 0
==================
Observed 27273915 total fragments (27273915 in most recent round)

[2024-02-06 14:28:22.193] [jointLog] [info] Computed 241,344 rich equivalence classes for further processing
[2024-02-06 14:28:22.193] [jointLog] [info] Counted 19,576,089 total reads in the equivalence classes 
[2024-02-06 14:28:22.201] [jointLog] [info] Number of mappings discarded because of alignment score : 23,324,522
[2024-02-06 14:28:22.201] [jointLog] [info] Number of fragments entirely discarded because of alignment score : 1,559,151
[2024-02-06 14:28:22.201] [jointLog] [info] Number of fragments discarded because they are best-mapped to decoys : 0
[2024-02-06 14:28:22.201] [jointLog] [info] Number of fragments discarded because they have only dovetail (discordant) mappings to valid targets : 133,168
[2024-02-06 14:28:22.201] [jointLog] [info] Mapping rate = 71.7759%

[2024-02-06 14:28:22.201] [jointLog] [info] finished quantifyLibrary()
[2024-02-06 14:28:22.212] [jointLog] [info] Starting optimizer
[2024-02-06 14:28:22.297] [jointLog] [info] Marked 0 weighted equivalence classes as degenerate
[2024-02-06 14:28:22.310] [jointLog] [info] iteration = 0 | max rel diff. = 13144.6
[2024-02-06 14:28:22.427] [jointLog] [info] iteration 11, adjusting effective lengths to account for biases
[2024-02-06 14:28:42.485] [jointLog] [info] Computed expected counts (for bias correction)
[2024-02-06 14:28:42.485] [jointLog] [info] processed bias for 0.0% of the transcripts
[2024-02-06 14:28:44.528] [jointLog] [info] processed bias for 10.0% of the transcripts
[2024-02-06 14:28:46.841] [jointLog] [info] processed bias for 20.0% of the transcripts
[2024-02-06 14:28:48.986] [jointLog] [info] processed bias for 30.0% of the transcripts
[2024-02-06 14:28:51.127] [jointLog] [info] processed bias for 40.0% of the transcripts
[2024-02-06 14:28:53.286] [jointLog] [info] processed bias for 50.0% of the transcripts
[2024-02-06 14:28:55.566] [jointLog] [info] processed bias for 60.0% of the transcripts
[2024-02-06 14:28:57.822] [jointLog] [info] processed bias for 70.0% of the transcripts
[2024-02-06 14:28:59.141] [jointLog] [info] processed bias for 80.0% of the transcripts
[2024-02-06 14:29:01.079] [jointLog] [info] processed bias for 90.0% of the transcripts
[2024-02-06 14:29:02.957] [jointLog] [info] processed bias for 100.0% of the transcripts
[2024-02-06 14:29:03.841] [jointLog] [info] iteration = 100 | max rel diff. = 16.6072
[2024-02-06 14:29:04.812] [jointLog] [info] iteration = 200 | max rel diff. = 12.3145
[2024-02-06 14:29:05.779] [jointLog] [info] iteration = 300 | max rel diff. = 0.662584
[2024-02-06 14:29:06.742] [jointLog] [info] iteration = 400 | max rel diff. = 1.40138
[2024-02-06 14:29:07.703] [jointLog] [info] iteration = 500 | max rel diff. = 2.31913
[2024-02-06 14:29:08.664] [jointLog] [info] iteration = 600 | max rel diff. = 0.637762
[2024-02-06 14:29:09.626] [jointLog] [info] iteration = 700 | max rel diff. = 0.472812
[2024-02-06 14:29:10.591] [jointLog] [info] iteration = 800 | max rel diff. = 0.169822
[2024-02-06 14:29:11.564] [jointLog] [info] iteration = 900 | max rel diff. = 0.373012
[2024-02-06 14:29:12.535] [jointLog] [info] iteration = 1,000 | max rel diff. = 0.41521
[2024-02-06 14:29:13.504] [jointLog] [info] iteration = 1,100 | max rel diff. = 0.295373
[2024-02-06 14:29:14.472] [jointLog] [info] iteration = 1,200 | max rel diff. = 0.124198
[2024-02-06 14:29:15.443] [jointLog] [info] iteration = 1,300 | max rel diff. = 0.0901202
[2024-02-06 14:29:15.599] [jointLog] [info] iteration = 1,317 | max rel diff. = 0.0070846
[2024-02-06 14:29:15.618] [jointLog] [info] Finished optimizer
[2024-02-06 14:29:15.618] [jointLog] [info] writing output 

