[2024-02-06 14:18:21.054] [jointLog] [info] setting maxHashResizeThreads to 8
[2024-02-06 14:18:21.054] [jointLog] [info] Fragment incompatibility prior below threshold.  Incompatible fragments will be ignored.
[2024-02-06 14:18:21.055] [jointLog] [info] Usage of --validateMappings implies use of minScoreFraction. Since not explicitly specified, it is being set to 0.65
[2024-02-06 14:18:21.055] [jointLog] [info] Setting consensusSlack to selective-alignment default of 0.35.
[2024-02-06 14:18:21.055] [jointLog] [info] parsing read library format
[2024-02-06 14:18:21.055] [jointLog] [info] There is 1 library.
[2024-02-06 14:18:21.056] [jointLog] [info] Loading pufferfish index
[2024-02-06 14:18:21.057] [jointLog] [info] Loading dense pufferfish index.
[2024-02-06 14:18:21.518] [jointLog] [info] done
[2024-02-06 14:18:21.592] [jointLog] [info] Index contained 86,774 targets
[2024-02-06 14:18:22.667] [jointLog] [info] Number of decoys : 0
[2024-02-06 14:18:23.139] [jointLog] [info] Automatically detected most likely library type as ISR

[2024-02-06 14:20:52.935] [jointLog] [info] Thread saw mini-batch with a maximum of 2.34% zero probability fragments
[2024-02-06 14:20:52.944] [jointLog] [info] Thread saw mini-batch with a maximum of 2.40% zero probability fragments
[2024-02-06 14:20:52.962] [jointLog] [info] Thread saw mini-batch with a maximum of 2.46% zero probability fragments
[2024-02-06 14:20:52.973] [jointLog] [info] Thread saw mini-batch with a maximum of 2.38% zero probability fragments
[2024-02-06 14:20:53.005] [jointLog] [info] Thread saw mini-batch with a maximum of 2.32% zero probability fragments
[2024-02-06 14:20:53.033] [jointLog] [info] Thread saw mini-batch with a maximum of 2.44% zero probability fragments
[2024-02-06 14:20:53.064] [jointLog] [info] Thread saw mini-batch with a maximum of 2.48% zero probability fragments
[2024-02-06 14:20:53.075] [jointLog] [info] Thread saw mini-batch with a maximum of 2.40% zero probability fragments
[2024-02-06 14:20:53.354] [jointLog] [info] Computed 146,636 rich equivalence classes for further processing
[2024-02-06 14:20:53.354] [jointLog] [info] Counted 16,602,598 total reads in the equivalence classes 
[2024-02-06 14:20:53.358] [jointLog] [info] Number of mappings discarded because of alignment score : 62,296,186
[2024-02-06 14:20:53.358] [jointLog] [info] Number of fragments entirely discarded because of alignment score : 1,657,277
[2024-02-06 14:20:53.358] [jointLog] [info] Number of fragments discarded because they are best-mapped to decoys : 0
[2024-02-06 14:20:53.358] [jointLog] [info] Number of fragments discarded because they have only dovetail (discordant) mappings to valid targets : 351,787
[2024-02-06 14:20:53.358] [jointLog] [info] Mapping rate = 59.5671%

[2024-02-06 14:20:53.358] [jointLog] [info] finished quantifyLibrary()
[2024-02-06 14:20:53.363] [jointLog] [info] Starting optimizer
[2024-02-06 14:20:53.423] [jointLog] [info] Marked 0 weighted equivalence classes as degenerate
[2024-02-06 14:20:53.431] [jointLog] [info] iteration = 0 | max rel diff. = 12203.7
[2024-02-06 14:20:53.512] [jointLog] [info] iteration 11, adjusting effective lengths to account for biases
[2024-02-06 14:20:53.355] [fileLog] [info] 
At end of round 0
==================
Observed 27872074 total fragments (27872074 in most recent round)

[2024-02-06 14:21:05.839] [jointLog] [info] Computed expected counts (for bias correction)
[2024-02-06 14:21:05.839] [jointLog] [info] processed bias for 0.0% of the transcripts
[2024-02-06 14:21:07.124] [jointLog] [info] processed bias for 10.0% of the transcripts
[2024-02-06 14:21:08.542] [jointLog] [info] processed bias for 20.0% of the transcripts
[2024-02-06 14:21:09.509] [jointLog] [info] processed bias for 30.0% of the transcripts
[2024-02-06 14:21:10.477] [jointLog] [info] processed bias for 40.0% of the transcripts
[2024-02-06 14:21:11.573] [jointLog] [info] processed bias for 50.0% of the transcripts
[2024-02-06 14:21:12.928] [jointLog] [info] processed bias for 60.0% of the transcripts
[2024-02-06 14:21:14.340] [jointLog] [info] processed bias for 70.0% of the transcripts
[2024-02-06 14:21:15.638] [jointLog] [info] processed bias for 80.0% of the transcripts
[2024-02-06 14:21:17.046] [jointLog] [info] processed bias for 90.0% of the transcripts
[2024-02-06 14:21:18.385] [jointLog] [info] processed bias for 100.0% of the transcripts
[2024-02-06 14:21:19.076] [jointLog] [info] iteration = 100 | max rel diff. = 18.7172
[2024-02-06 14:21:19.842] [jointLog] [info] iteration = 200 | max rel diff. = 5.92309
[2024-02-06 14:21:20.605] [jointLog] [info] iteration = 300 | max rel diff. = 4.72046
[2024-02-06 14:21:21.367] [jointLog] [info] iteration = 400 | max rel diff. = 2.81306
[2024-02-06 14:21:22.127] [jointLog] [info] iteration = 500 | max rel diff. = 2.58276
[2024-02-06 14:21:22.889] [jointLog] [info] iteration = 600 | max rel diff. = 0.687075
[2024-02-06 14:21:23.649] [jointLog] [info] iteration = 700 | max rel diff. = 1.23461
[2024-02-06 14:21:24.410] [jointLog] [info] iteration = 800 | max rel diff. = 0.162248
[2024-02-06 14:21:25.172] [jointLog] [info] iteration = 900 | max rel diff. = 0.219881
[2024-02-06 14:21:25.934] [jointLog] [info] iteration = 1,000 | max rel diff. = 0.583182
[2024-02-06 14:21:26.694] [jointLog] [info] iteration = 1,100 | max rel diff. = 0.140285
[2024-02-06 14:21:27.456] [jointLog] [info] iteration = 1,200 | max rel diff. = 0.0549887
[2024-02-06 14:21:28.218] [jointLog] [info] iteration = 1,300 | max rel diff. = 0.0110787
[2024-02-06 14:21:28.981] [jointLog] [info] iteration = 1,400 | max rel diff. = 0.121473
[2024-02-06 14:21:29.742] [jointLog] [info] iteration = 1,500 | max rel diff. = 0.0223102
[2024-02-06 14:21:30.509] [jointLog] [info] iteration = 1,600 | max rel diff. = 0.184313
[2024-02-06 14:21:31.276] [jointLog] [info] iteration = 1,700 | max rel diff. = 0.0275642
[2024-02-06 14:21:32.031] [jointLog] [info] iteration = 1,800 | max rel diff. = 0.0303378
[2024-02-06 14:21:32.336] [jointLog] [info] iteration = 1,843 | max rel diff. = 0.00773537
[2024-02-06 14:21:32.357] [jointLog] [info] Finished optimizer
[2024-02-06 14:21:32.357] [jointLog] [info] writing output 

