[2024-02-06 14:25:41.973] [jointLog] [info] setting maxHashResizeThreads to 8
[2024-02-06 14:25:41.973] [jointLog] [info] Fragment incompatibility prior below threshold.  Incompatible fragments will be ignored.
[2024-02-06 14:25:41.973] [jointLog] [info] Usage of --validateMappings implies use of minScoreFraction. Since not explicitly specified, it is being set to 0.65
[2024-02-06 14:25:41.973] [jointLog] [info] Setting consensusSlack to selective-alignment default of 0.35.
[2024-02-06 14:25:41.973] [jointLog] [info] parsing read library format
[2024-02-06 14:25:41.973] [jointLog] [info] There is 1 library.
[2024-02-06 14:25:41.975] [jointLog] [info] Loading pufferfish index
[2024-02-06 14:25:41.976] [jointLog] [info] Loading dense pufferfish index.
[2024-02-06 14:25:42.407] [jointLog] [info] done
[2024-02-06 14:25:42.484] [jointLog] [info] Index contained 86,774 targets
[2024-02-06 14:25:43.633] [jointLog] [info] Number of decoys : 0
[2024-02-06 14:25:44.473] [jointLog] [info] Automatically detected most likely library type as ISR

[2024-02-06 14:27:59.007] [jointLog] [info] Thread saw mini-batch with a maximum of 1.38% zero probability fragments
[2024-02-06 14:27:59.049] [jointLog] [info] Thread saw mini-batch with a maximum of 1.28% zero probability fragments
[2024-02-06 14:27:59.057] [jointLog] [info] Thread saw mini-batch with a maximum of 1.18% zero probability fragments
[2024-02-06 14:27:59.103] [jointLog] [info] Thread saw mini-batch with a maximum of 1.26% zero probability fragments
[2024-02-06 14:27:59.127] [jointLog] [info] Thread saw mini-batch with a maximum of 1.22% zero probability fragments
[2024-02-06 14:27:59.139] [jointLog] [info] Thread saw mini-batch with a maximum of 1.36% zero probability fragments
[2024-02-06 14:27:59.154] [jointLog] [info] Thread saw mini-batch with a maximum of 1.24% zero probability fragments
[2024-02-06 14:27:59.158] [jointLog] [info] Thread saw mini-batch with a maximum of 1.28% zero probability fragments
[2024-02-06 14:27:59.483] [jointLog] [info] Computed 234,611 rich equivalence classes for further processing
[2024-02-06 14:27:59.483] [jointLog] [info] Counted 20,333,243 total reads in the equivalence classes 
[2024-02-06 14:27:59.493] [jointLog] [info] Number of mappings discarded because of alignment score : 25,996,299
[2024-02-06 14:27:59.493] [jointLog] [info] Number of fragments entirely discarded because of alignment score : 1,532,032
[2024-02-06 14:27:59.493] [jointLog] [info] Number of fragments discarded because they are best-mapped to decoys : 0
[2024-02-06 14:27:59.493] [jointLog] [info] Number of fragments discarded because they have only dovetail (discordant) mappings to valid targets : 146,116
[2024-02-06 14:27:59.493] [jointLog] [info] Mapping rate = 74.9051%

[2024-02-06 14:27:59.493] [jointLog] [info] finished quantifyLibrary()
[2024-02-06 14:27:59.497] [jointLog] [info] Starting optimizer
[2024-02-06 14:27:59.577] [jointLog] [info] Marked 0 weighted equivalence classes as degenerate
[2024-02-06 14:27:59.588] [jointLog] [info] iteration = 0 | max rel diff. = 13549.3
[2024-02-06 14:27:59.483] [fileLog] [info] 
At end of round 0
==================
Observed 27145325 total fragments (27145325 in most recent round)

[2024-02-06 14:27:59.700] [jointLog] [info] iteration 11, adjusting effective lengths to account for biases
[2024-02-06 14:28:18.338] [jointLog] [info] Computed expected counts (for bias correction)
[2024-02-06 14:28:18.338] [jointLog] [info] processed bias for 0.0% of the transcripts
[2024-02-06 14:28:20.283] [jointLog] [info] processed bias for 10.0% of the transcripts
[2024-02-06 14:28:22.374] [jointLog] [info] processed bias for 20.0% of the transcripts
[2024-02-06 14:28:24.404] [jointLog] [info] processed bias for 30.0% of the transcripts
[2024-02-06 14:28:26.034] [jointLog] [info] processed bias for 40.0% of the transcripts
[2024-02-06 14:28:26.867] [jointLog] [info] processed bias for 50.0% of the transcripts
[2024-02-06 14:28:28.880] [jointLog] [info] processed bias for 60.0% of the transcripts
[2024-02-06 14:28:30.876] [jointLog] [info] processed bias for 70.0% of the transcripts
[2024-02-06 14:28:32.912] [jointLog] [info] processed bias for 80.0% of the transcripts
[2024-02-06 14:28:34.954] [jointLog] [info] processed bias for 90.0% of the transcripts
[2024-02-06 14:28:37.044] [jointLog] [info] processed bias for 100.0% of the transcripts
[2024-02-06 14:28:38.031] [jointLog] [info] iteration = 100 | max rel diff. = 19.8399
[2024-02-06 14:28:39.122] [jointLog] [info] iteration = 200 | max rel diff. = 15.0976
[2024-02-06 14:28:40.210] [jointLog] [info] iteration = 300 | max rel diff. = 1.17293
[2024-02-06 14:28:41.306] [jointLog] [info] iteration = 400 | max rel diff. = 3.94447
[2024-02-06 14:28:42.397] [jointLog] [info] iteration = 500 | max rel diff. = 0.574475
[2024-02-06 14:28:43.471] [jointLog] [info] iteration = 600 | max rel diff. = 2.37753
[2024-02-06 14:28:44.505] [jointLog] [info] iteration = 700 | max rel diff. = 0.54739
[2024-02-06 14:28:45.535] [jointLog] [info] iteration = 800 | max rel diff. = 0.202782
[2024-02-06 14:28:46.535] [jointLog] [info] iteration = 900 | max rel diff. = 0.0759362
[2024-02-06 14:28:47.496] [jointLog] [info] iteration = 1,000 | max rel diff. = 0.0504183
[2024-02-06 14:28:48.479] [jointLog] [info] iteration = 1,100 | max rel diff. = 0.0422657
[2024-02-06 14:28:49.502] [jointLog] [info] iteration = 1,200 | max rel diff. = 0.445385
[2024-02-06 14:28:50.559] [jointLog] [info] iteration = 1,300 | max rel diff. = 0.117739
[2024-02-06 14:28:51.631] [jointLog] [info] iteration = 1,400 | max rel diff. = 0.00718164
[2024-02-06 14:28:51.631] [jointLog] [info] iteration = 1,401 | max rel diff. = 0.00718164
[2024-02-06 14:28:51.655] [jointLog] [info] Finished optimizer
[2024-02-06 14:28:51.655] [jointLog] [info] writing output 

