[2024-02-06 14:38:45.530] [jointLog] [info] setting maxHashResizeThreads to 8
[2024-02-06 14:38:45.530] [jointLog] [info] Fragment incompatibility prior below threshold.  Incompatible fragments will be ignored.
[2024-02-06 14:38:45.530] [jointLog] [info] Usage of --validateMappings implies use of minScoreFraction. Since not explicitly specified, it is being set to 0.65
[2024-02-06 14:38:45.530] [jointLog] [info] Setting consensusSlack to selective-alignment default of 0.35.
[2024-02-06 14:38:45.530] [jointLog] [info] parsing read library format
[2024-02-06 14:38:45.530] [jointLog] [info] There is 1 library.
[2024-02-06 14:38:45.533] [jointLog] [info] Loading pufferfish index
[2024-02-06 14:38:45.534] [jointLog] [info] Loading dense pufferfish index.
[2024-02-06 14:38:45.978] [jointLog] [info] done
[2024-02-06 14:38:46.050] [jointLog] [info] Index contained 86,774 targets
[2024-02-06 14:38:47.137] [jointLog] [info] Number of decoys : 0
[2024-02-06 14:38:47.748] [jointLog] [info] Automatically detected most likely library type as ISR

[2024-02-06 14:40:57.190] [jointLog] [info] Thread saw mini-batch with a maximum of 3.52% zero probability fragments
[2024-02-06 14:40:57.203] [jointLog] [info] Thread saw mini-batch with a maximum of 3.26% zero probability fragments
[2024-02-06 14:40:57.228] [jointLog] [info] Thread saw mini-batch with a maximum of 3.20% zero probability fragments
[2024-02-06 14:40:57.234] [jointLog] [info] Thread saw mini-batch with a maximum of 3.36% zero probability fragments
[2024-02-06 14:40:57.257] [jointLog] [info] Thread saw mini-batch with a maximum of 3.26% zero probability fragments
[2024-02-06 14:40:57.270] [jointLog] [info] Thread saw mini-batch with a maximum of 3.36% zero probability fragments
[2024-02-06 14:40:57.332] [jointLog] [info] Thread saw mini-batch with a maximum of 3.34% zero probability fragments
[2024-02-06 14:40:57.353] [jointLog] [info] Thread saw mini-batch with a maximum of 3.30% zero probability fragments
[2024-02-06 14:40:57.584] [fileLog] [info] 
At end of round 0
==================
Observed 30864888 total fragments (30864888 in most recent round)

[2024-02-06 14:40:57.584] [jointLog] [info] Computed 231,743 rich equivalence classes for further processing
[2024-02-06 14:40:57.584] [jointLog] [info] Counted 22,734,538 total reads in the equivalence classes 
[2024-02-06 14:40:57.588] [jointLog] [info] Number of mappings discarded because of alignment score : 24,431,699
[2024-02-06 14:40:57.588] [jointLog] [info] Number of fragments entirely discarded because of alignment score : 1,635,908
[2024-02-06 14:40:57.588] [jointLog] [info] Number of fragments discarded because they are best-mapped to decoys : 0
[2024-02-06 14:40:57.588] [jointLog] [info] Number of fragments discarded because they have only dovetail (discordant) mappings to valid targets : 201,461
[2024-02-06 14:40:57.588] [jointLog] [info] Mapping rate = 73.6583%

[2024-02-06 14:40:57.588] [jointLog] [info] finished quantifyLibrary()
[2024-02-06 14:40:57.593] [jointLog] [info] Starting optimizer
[2024-02-06 14:40:57.661] [jointLog] [info] Marked 0 weighted equivalence classes as degenerate
[2024-02-06 14:40:57.670] [jointLog] [info] iteration = 0 | max rel diff. = 14219.7
[2024-02-06 14:40:57.758] [jointLog] [info] iteration 11, adjusting effective lengths to account for biases
[2024-02-06 14:41:16.915] [jointLog] [info] Computed expected counts (for bias correction)
[2024-02-06 14:41:16.915] [jointLog] [info] processed bias for 0.0% of the transcripts
[2024-02-06 14:41:18.906] [jointLog] [info] processed bias for 10.0% of the transcripts
[2024-02-06 14:41:21.058] [jointLog] [info] processed bias for 20.0% of the transcripts
[2024-02-06 14:41:23.073] [jointLog] [info] processed bias for 30.0% of the transcripts
[2024-02-06 14:41:25.096] [jointLog] [info] processed bias for 40.0% of the transcripts
[2024-02-06 14:41:27.045] [jointLog] [info] processed bias for 50.0% of the transcripts
[2024-02-06 14:41:28.061] [jointLog] [info] processed bias for 60.0% of the transcripts
[2024-02-06 14:41:29.875] [jointLog] [info] processed bias for 70.0% of the transcripts
[2024-02-06 14:41:31.861] [jointLog] [info] processed bias for 80.0% of the transcripts
[2024-02-06 14:41:34.012] [jointLog] [info] processed bias for 90.0% of the transcripts
[2024-02-06 14:41:36.131] [jointLog] [info] processed bias for 100.0% of the transcripts
[2024-02-06 14:41:36.970] [jointLog] [info] iteration = 100 | max rel diff. = 14.6603
[2024-02-06 14:41:37.927] [jointLog] [info] iteration = 200 | max rel diff. = 3.65668
[2024-02-06 14:41:38.900] [jointLog] [info] iteration = 300 | max rel diff. = 11.0792
[2024-02-06 14:41:39.826] [jointLog] [info] iteration = 400 | max rel diff. = 9.74454
[2024-02-06 14:41:40.723] [jointLog] [info] iteration = 500 | max rel diff. = 1.13764
[2024-02-06 14:41:41.621] [jointLog] [info] iteration = 600 | max rel diff. = 0.756543
[2024-02-06 14:41:42.618] [jointLog] [info] iteration = 700 | max rel diff. = 0.131233
[2024-02-06 14:41:43.632] [jointLog] [info] iteration = 800 | max rel diff. = 0.107489
[2024-02-06 14:41:44.614] [jointLog] [info] iteration = 900 | max rel diff. = 0.150001
[2024-02-06 14:41:45.570] [jointLog] [info] iteration = 1,000 | max rel diff. = 0.120671
[2024-02-06 14:41:46.530] [jointLog] [info] iteration = 1,100 | max rel diff. = 1.69947
[2024-02-06 14:41:46.549] [jointLog] [info] iteration = 1,103 | max rel diff. = 0.00975947
[2024-02-06 14:41:46.566] [jointLog] [info] Finished optimizer
[2024-02-06 14:41:46.566] [jointLog] [info] writing output 

