[2024-02-06 14:44:09.693] [jointLog] [info] setting maxHashResizeThreads to 8
[2024-02-06 14:44:09.693] [jointLog] [info] Fragment incompatibility prior below threshold.  Incompatible fragments will be ignored.
[2024-02-06 14:44:09.693] [jointLog] [info] Usage of --validateMappings implies use of minScoreFraction. Since not explicitly specified, it is being set to 0.65
[2024-02-06 14:44:09.693] [jointLog] [info] Setting consensusSlack to selective-alignment default of 0.35.
[2024-02-06 14:44:09.693] [jointLog] [info] parsing read library format
[2024-02-06 14:44:09.693] [jointLog] [info] There is 1 library.
[2024-02-06 14:44:09.694] [jointLog] [info] Loading pufferfish index
[2024-02-06 14:44:09.695] [jointLog] [info] Loading dense pufferfish index.
[2024-02-06 14:44:10.180] [jointLog] [info] done
[2024-02-06 14:44:10.269] [jointLog] [info] Index contained 86,774 targets
[2024-02-06 14:44:11.493] [jointLog] [info] Number of decoys : 0
[2024-02-06 14:44:12.044] [jointLog] [info] Automatically detected most likely library type as ISR

[2024-02-06 14:46:57.547] [jointLog] [info] Thread saw mini-batch with a maximum of 2.44% zero probability fragments
[2024-02-06 14:46:57.551] [jointLog] [info] Thread saw mini-batch with a maximum of 2.32% zero probability fragments
[2024-02-06 14:46:57.592] [jointLog] [info] Thread saw mini-batch with a maximum of 2.36% zero probability fragments
[2024-02-06 14:46:57.618] [jointLog] [info] Thread saw mini-batch with a maximum of 2.28% zero probability fragments
[2024-02-06 14:46:57.658] [jointLog] [info] Thread saw mini-batch with a maximum of 2.34% zero probability fragments
[2024-02-06 14:46:57.673] [jointLog] [info] Thread saw mini-batch with a maximum of 2.36% zero probability fragments
[2024-02-06 14:46:57.691] [jointLog] [info] Thread saw mini-batch with a maximum of 2.30% zero probability fragments
[2024-02-06 14:46:57.770] [jointLog] [info] Thread saw mini-batch with a maximum of 2.34% zero probability fragments
[2024-02-06 14:46:58.200] [jointLog] [info] Computed 272,279 rich equivalence classes for further processing
[2024-02-06 14:46:58.200] [jointLog] [info] Counted 26,473,254 total reads in the equivalence classes 
[2024-02-06 14:46:58.204] [jointLog] [info] Number of mappings discarded because of alignment score : 32,068,709
[2024-02-06 14:46:58.204] [jointLog] [info] Number of fragments entirely discarded because of alignment score : 1,850,202
[2024-02-06 14:46:58.204] [jointLog] [info] Number of fragments discarded because they are best-mapped to decoys : 0
[2024-02-06 14:46:58.204] [jointLog] [info] Number of fragments discarded because they have only dovetail (discordant) mappings to valid targets : 267,959
[2024-02-06 14:46:58.204] [jointLog] [info] Mapping rate = 72.9995%

[2024-02-06 14:46:58.204] [jointLog] [info] finished quantifyLibrary()
[2024-02-06 14:46:58.210] [jointLog] [info] Starting optimizer
[2024-02-06 14:46:58.200] [fileLog] [info] 
At end of round 0
==================
Observed 36264994 total fragments (36264994 in most recent round)

[2024-02-06 14:47:01.563] [jointLog] [info] Marked 0 weighted equivalence classes as degenerate
[2024-02-06 14:47:01.576] [jointLog] [info] iteration = 0 | max rel diff. = 14306
[2024-02-06 14:47:01.696] [jointLog] [info] iteration 11, adjusting effective lengths to account for biases
[2024-02-06 14:47:24.107] [jointLog] [info] Computed expected counts (for bias correction)
[2024-02-06 14:47:24.107] [jointLog] [info] processed bias for 0.0% of the transcripts
[2024-02-06 14:47:26.377] [jointLog] [info] processed bias for 10.0% of the transcripts
[2024-02-06 14:47:28.874] [jointLog] [info] processed bias for 20.0% of the transcripts
[2024-02-06 14:47:31.272] [jointLog] [info] processed bias for 30.0% of the transcripts
[2024-02-06 14:47:33.473] [jointLog] [info] processed bias for 40.0% of the transcripts
[2024-02-06 14:47:34.475] [jointLog] [info] processed bias for 50.0% of the transcripts
[2024-02-06 14:47:36.724] [jointLog] [info] processed bias for 60.0% of the transcripts
[2024-02-06 14:47:39.211] [jointLog] [info] processed bias for 70.0% of the transcripts
[2024-02-06 14:47:41.604] [jointLog] [info] processed bias for 80.0% of the transcripts
[2024-02-06 14:47:44.065] [jointLog] [info] processed bias for 90.0% of the transcripts
[2024-02-06 14:47:46.456] [jointLog] [info] processed bias for 100.0% of the transcripts
[2024-02-06 14:47:46.461] [jointLog] [info] processed bias for 100.0% of the transcripts
[2024-02-06 14:47:47.407] [jointLog] [info] iteration = 100 | max rel diff. = 16.837
[2024-02-06 14:47:48.444] [jointLog] [info] iteration = 200 | max rel diff. = 2.70678
[2024-02-06 14:47:49.489] [jointLog] [info] iteration = 300 | max rel diff. = 3.76699
[2024-02-06 14:47:50.538] [jointLog] [info] iteration = 400 | max rel diff. = 2.63456
[2024-02-06 14:47:51.588] [jointLog] [info] iteration = 500 | max rel diff. = 2.82046
[2024-02-06 14:47:52.638] [jointLog] [info] iteration = 600 | max rel diff. = 0.189622
[2024-02-06 14:47:53.688] [jointLog] [info] iteration = 700 | max rel diff. = 0.726794
[2024-02-06 14:47:54.737] [jointLog] [info] iteration = 800 | max rel diff. = 0.855762
[2024-02-06 14:47:55.786] [jointLog] [info] iteration = 900 | max rel diff. = 0.0615443
[2024-02-06 14:47:56.835] [jointLog] [info] iteration = 1,000 | max rel diff. = 0.288005
[2024-02-06 14:47:57.888] [jointLog] [info] iteration = 1,100 | max rel diff. = 0.165381
[2024-02-06 14:47:58.938] [jointLog] [info] iteration = 1,200 | max rel diff. = 0.152804
[2024-02-06 14:47:59.987] [jointLog] [info] iteration = 1,300 | max rel diff. = 9.70228
[2024-02-06 14:48:00.659] [jointLog] [info] iteration = 1,365 | max rel diff. = 0.00606959
[2024-02-06 14:48:00.679] [jointLog] [info] Finished optimizer
[2024-02-06 14:48:00.679] [jointLog] [info] writing output 

